#! /usr/bin/vvp
:ivl_version "11.0 (stable)";
:ivl_delay_selection "TYPICAL";
:vpi_time_precision + 0;
:vpi_module "/usr/lib/aarch64-linux-gnu/ivl/system.vpi";
:vpi_module "/usr/lib/aarch64-linux-gnu/ivl/vhdl_sys.vpi";
:vpi_module "/usr/lib/aarch64-linux-gnu/ivl/vhdl_textio.vpi";
:vpi_module "/usr/lib/aarch64-linux-gnu/ivl/v2005_math.vpi";
:vpi_module "/usr/lib/aarch64-linux-gnu/ivl/va_math.vpi";
:vpi_module "/usr/lib/aarch64-linux-gnu/ivl/v2009.vpi";
S_0xaaaae706fb90 .scope package, "$unit" "$unit" 2 1;
 .timescale 0 0;
S_0xaaaae706fd20 .scope module, "adder_tb" "adder_tb" 3 4;
 .timescale 0 0;
v0xaaaae7087140_0 .var "l_a", 63 0;
v0xaaaae7087220_0 .var "l_b", 63 0;
v0xaaaae70872f0_0 .net "l_c", 63 0, L_0xaaaae7087650;  1 drivers
v0xaaaae70873f0_0 .var "l_carry_in", 0 0;
v0xaaaae70874c0_0 .net "l_carry_out", 0 0, L_0xaaaae7087560;  1 drivers
S_0xaaaae7035eb0 .scope module, "dut" "adder" 3 7, 4 1 0, S_0xaaaae706fd20;
 .timescale 0 0;
    .port_info 0 /INPUT 64 "i_a";
    .port_info 1 /INPUT 64 "i_b";
    .port_info 2 /INPUT 1 "i_carry_in";
    .port_info 3 /OUTPUT 64 "o_c";
    .port_info 4 /OUTPUT 1 "o_carry_out";
P_0xaaaae7036090 .param/l "N" 0 4 1, +C4<00000000000000000000000001000000>;
L_0xffffbb386060 .functor BUFT 1, C4<0>, C4<0>, C4<0>, C4<0>;
v0xaaaae7036160_0 .net *"_ivl_10", 0 0, L_0xffffbb386060;  1 drivers
v0xaaaae7086600_0 .net *"_ivl_11", 64 0, L_0xaaaae7087a40;  1 drivers
v0xaaaae70866e0_0 .net *"_ivl_13", 64 0, L_0xaaaae7087b80;  1 drivers
L_0xffffbb3860a8 .functor BUFT 1, C4<0000000000000000000000000000000000000000000000000000000000000000>, C4<0>, C4<0>, C4<0>;
v0xaaaae70867d0_0 .net *"_ivl_16", 63 0, L_0xffffbb3860a8;  1 drivers
v0xaaaae70868b0_0 .net *"_ivl_17", 64 0, L_0xaaaae7097d60;  1 drivers
v0xaaaae70869e0_0 .net *"_ivl_3", 64 0, L_0xaaaae7087790;  1 drivers
L_0xffffbb386018 .functor BUFT 1, C4<0>, C4<0>, C4<0>, C4<0>;
v0xaaaae7086ac0_0 .net *"_ivl_6", 0 0, L_0xffffbb386018;  1 drivers
v0xaaaae7086ba0_0 .net *"_ivl_7", 64 0, L_0xaaaae70878d0;  1 drivers
v0xaaaae7086c80_0 .net "i_a", 63 0, v0xaaaae7087140_0;  1 drivers
v0xaaaae7086d60_0 .net "i_b", 63 0, v0xaaaae7087220_0;  1 drivers
v0xaaaae7086e40_0 .net "i_carry_in", 0 0, v0xaaaae70873f0_0;  1 drivers
v0xaaaae7086f00_0 .net "o_c", 63 0, L_0xaaaae7087650;  alias, 1 drivers
v0xaaaae7086fe0_0 .net "o_carry_out", 0 0, L_0xaaaae7087560;  alias, 1 drivers
L_0xaaaae7087560 .part L_0xaaaae7097d60, 64, 1;
L_0xaaaae7087650 .part L_0xaaaae7097d60, 0, 64;
L_0xaaaae7087790 .concat [ 64 1 0 0], v0xaaaae7087140_0, L_0xffffbb386018;
L_0xaaaae70878d0 .concat [ 64 1 0 0], v0xaaaae7087220_0, L_0xffffbb386060;
L_0xaaaae7087a40 .arith/sum 65, L_0xaaaae7087790, L_0xaaaae70878d0;
L_0xaaaae7087b80 .concat [ 1 64 0 0], v0xaaaae70873f0_0, L_0xffffbb3860a8;
L_0xaaaae7097d60 .arith/sum 65, L_0xaaaae7087a40, L_0xaaaae7087b80;
    .scope S_0xaaaae706fd20;
T_0 ;
    %pushi/vec4 0, 0, 1;
    %store/vec4 v0xaaaae70873f0_0, 0, 1;
    %pushi/vec4 2863311530, 0, 33;
    %concati/vec4 1431655765, 0, 31;
    %store/vec4 v0xaaaae7087140_0, 0, 64;
    %pushi/vec4 2863311530, 0, 32;
    %concati/vec4 2863311530, 0, 32;
    %store/vec4 v0xaaaae7087220_0, 0, 64;
    %delay 10, 0;
    %load/vec4 v0xaaaae70872f0_0;
    %pushi/vec4 4294967295, 0, 32;
    %concati/vec4 4294967295, 0, 32;
    %cmp/e;
    %jmp/0xz  T_0.0, 6;
    %jmp T_0.1;
T_0.0 ;
    %vpi_call/w 3 17 "$error" {0 0 0};
T_0.1 ;
    %load/vec4 v0xaaaae70874c0_0;
    %cmpi/e 0, 0, 1;
    %jmp/0xz  T_0.2, 6;
    %jmp T_0.3;
T_0.2 ;
    %vpi_call/w 3 18 "$error" {0 0 0};
T_0.3 ;
    %pushi/vec4 1, 0, 1;
    %store/vec4 v0xaaaae70873f0_0, 0, 1;
    %pushi/vec4 0, 0, 64;
    %store/vec4 v0xaaaae7087140_0, 0, 64;
    %pushi/vec4 0, 0, 64;
    %store/vec4 v0xaaaae7087220_0, 0, 64;
    %delay 10, 0;
    %load/vec4 v0xaaaae70872f0_0;
    %cmpi/e 1, 0, 64;
    %jmp/0xz  T_0.4, 6;
    %jmp T_0.5;
T_0.4 ;
    %vpi_call/w 3 24 "$error" {0 0 0};
T_0.5 ;
    %load/vec4 v0xaaaae70874c0_0;
    %cmpi/e 0, 0, 1;
    %jmp/0xz  T_0.6, 6;
    %jmp T_0.7;
T_0.6 ;
    %vpi_call/w 3 25 "$error" {0 0 0};
T_0.7 ;
    %pushi/vec4 0, 0, 1;
    %store/vec4 v0xaaaae70873f0_0, 0, 1;
    %pushi/vec4 1, 0, 64;
    %store/vec4 v0xaaaae7087140_0, 0, 64;
    %pushi/vec4 4294967295, 0, 32;
    %concati/vec4 4294967295, 0, 32;
    %store/vec4 v0xaaaae7087220_0, 0, 64;
    %delay 10, 0;
    %load/vec4 v0xaaaae70872f0_0;
    %cmpi/e 0, 0, 64;
    %jmp/0xz  T_0.8, 6;
    %jmp T_0.9;
T_0.8 ;
    %vpi_call/w 3 31 "$error" {0 0 0};
T_0.9 ;
    %load/vec4 v0xaaaae70874c0_0;
    %cmpi/e 1, 0, 1;
    %jmp/0xz  T_0.10, 6;
    %jmp T_0.11;
T_0.10 ;
    %vpi_call/w 3 32 "$error" {0 0 0};
T_0.11 ;
    %end;
    .thread T_0;
# The file index is used to find the file name in the following table.
:file_names 5;
    "N/A";
    "<interactive>";
    "-";
    "adder_tb.sv";
    "adder.sv";
