#! /usr/bin/vvp
:ivl_version "11.0 (stable)";
:ivl_delay_selection "TYPICAL";
:vpi_time_precision + 0;
:vpi_module "/usr/lib/aarch64-linux-gnu/ivl/system.vpi";
:vpi_module "/usr/lib/aarch64-linux-gnu/ivl/vhdl_sys.vpi";
:vpi_module "/usr/lib/aarch64-linux-gnu/ivl/vhdl_textio.vpi";
:vpi_module "/usr/lib/aarch64-linux-gnu/ivl/v2005_math.vpi";
:vpi_module "/usr/lib/aarch64-linux-gnu/ivl/va_math.vpi";
:vpi_module "/usr/lib/aarch64-linux-gnu/ivl/v2009.vpi";
S_0xaaaae651ec50 .scope package, "$unit" "$unit" 2 1;
 .timescale 0 0;
S_0xaaaae651ede0 .scope module, "alu_de10_lite" "alu_de10_lite" 3 15;
 .timescale 0 0;
    .port_info 0 /INPUT 10 "SW";
    .port_info 1 /OUTPUT 10 "LEDR";
    .port_info 2 /OUTPUT 7 "HEX0";
    .port_info 3 /OUTPUT 7 "HEX1";
    .port_info 4 /OUTPUT 7 "HEX2";
L_0xaaaae6553c30 .functor BUFZ 1, L_0xaaaae65537e0, C4<0>, C4<0>, C4<0>;
L_0xaaaae6554880 .functor BUFZ 2, L_0xaaaae6553080, C4<00>, C4<00>, C4<00>;
v0xaaaae6552380_0 .net "HEX0", 6 0, v0xaaaae652ffb0_0;  1 drivers
v0xaaaae6552460_0 .net "HEX1", 6 0, v0xaaaae65304c0_0;  1 drivers
v0xaaaae6552500_0 .net "HEX2", 6 0, v0xaaaae654de90_0;  1 drivers
v0xaaaae65525d0_0 .net "LEDR", 9 0, L_0xaaaae65548f0;  1 drivers
o0xffff8523fca8 .functor BUFZ 10, C4<zzzzzzzzzz>; HiZ drive
v0xaaaae6552670_0 .net "SW", 9 0, o0xffff8523fca8;  0 drivers
v0xaaaae6552750_0 .net *"_ivl_13", 1 0, L_0xaaaae6554880;  1 drivers
L_0xffff851f60f0 .functor BUFT 1, C4<00000>, C4<0>, C4<0>, C4<0>;
v0xaaaae6552830_0 .net/2u *"_ivl_16", 4 0, L_0xffff851f60f0;  1 drivers
o0xffff8523fd38 .functor BUFZ 2, C4<zz>; HiZ drive
; Elide local net with no drivers, v0xaaaae6552910_0 name=_ivl_20
v0xaaaae65529f0_0 .net *"_ivl_9", 0 0, L_0xaaaae6553c30;  1 drivers
v0xaaaae6552b60_0 .net "l_a", 3 0, L_0xaaaae6553120;  1 drivers
v0xaaaae6552c20_0 .net "l_alu_ctrl", 1 0, L_0xaaaae6553080;  1 drivers
v0xaaaae6552ce0_0 .net "l_b", 3 0, L_0xaaaae6553250;  1 drivers
v0xaaaae6552da0_0 .net "l_carry_out", 0 0, L_0xaaaae65537e0;  1 drivers
v0xaaaae6552e90_0 .net "l_result", 3 0, L_0xaaaae6554510;  1 drivers
L_0xaaaae6553080 .part o0xffff8523fca8, 8, 2;
L_0xaaaae6553120 .part o0xffff8523fca8, 0, 4;
L_0xaaaae6553250 .part o0xffff8523fca8, 4, 4;
L_0xaaaae65548f0 .concat [ 2 5 1 2], L_0xaaaae6554880, L_0xffff851f60f0, L_0xaaaae6553c30, o0xffff8523fd38;
S_0xaaaae6522de0 .scope module, "dec_a" "decoder" 3 38, 4 7 0, S_0xaaaae651ede0;
 .timescale 0 0;
    .port_info 0 /INPUT 4 "i_binary_number";
    .port_info 1 /OUTPUT 7 "o_display";
v0xaaaae651ebb0_0 .net "i_binary_number", 3 0, L_0xaaaae6553120;  alias, 1 drivers
v0xaaaae652ffb0_0 .var "o_display", 6 0;
E_0xaaaae651dcd0 .event edge, v0xaaaae651ebb0_0;
S_0xaaaae654d910 .scope module, "dec_b" "decoder" 3 39, 4 7 0, S_0xaaaae651ede0;
 .timescale 0 0;
    .port_info 0 /INPUT 4 "i_binary_number";
    .port_info 1 /OUTPUT 7 "o_display";
v0xaaaae6530980_0 .net "i_binary_number", 3 0, L_0xaaaae6553250;  alias, 1 drivers
v0xaaaae65304c0_0 .var "o_display", 6 0;
E_0xaaaae651e4f0 .event edge, v0xaaaae6530980_0;
S_0xaaaae654dbe0 .scope module, "dec_res" "decoder" 3 40, 4 7 0, S_0xaaaae651ede0;
 .timescale 0 0;
    .port_info 0 /INPUT 4 "i_binary_number";
    .port_info 1 /OUTPUT 7 "o_display";
v0xaaaae654dd90_0 .net "i_binary_number", 3 0, L_0xaaaae6554510;  alias, 1 drivers
v0xaaaae654de90_0 .var "o_display", 6 0;
E_0xaaaae652f930 .event edge, v0xaaaae654dd90_0;
S_0xaaaae654dfd0 .scope module, "m_alu" "alu" 3 32, 5 1 0, S_0xaaaae651ede0;
 .timescale 0 0;
    .port_info 0 /INPUT 4 "i_a";
    .port_info 1 /INPUT 4 "i_b";
    .port_info 2 /INPUT 2 "i_alu_ctrl";
    .port_info 3 /OUTPUT 4 "o_result";
    .port_info 4 /OUTPUT 1 "o_carry_out";
P_0xaaaae654e1b0 .param/l "N" 0 5 1, +C4<00000000000000000000000000000100>;
L_0xaaaae6553380 .functor AND 4, L_0xaaaae6553120, L_0xaaaae6553250, C4<1111>, C4<1111>;
L_0xaaaae6553430 .functor OR 4, L_0xaaaae6553120, L_0xaaaae6553250, C4<0000>, C4<0000>;
L_0xaaaae65534c0 .functor NOT 4, L_0xaaaae6553250, C4<0000>, C4<0000>, C4<0000>;
v0xaaaae6551a00_0 .net "i_a", 3 0, L_0xaaaae6553120;  alias, 1 drivers
v0xaaaae6551b30_0 .net "i_alu_ctrl", 1 0, L_0xaaaae6553080;  alias, 1 drivers
v0xaaaae6551bf0_0 .net "i_b", 3 0, L_0xaaaae6553250;  alias, 1 drivers
v0xaaaae6551ce0_0 .net "l_and_result", 3 0, L_0xaaaae6553380;  1 drivers
v0xaaaae6551dd0_0 .net "l_neg_b", 3 0, L_0xaaaae65534c0;  1 drivers
v0xaaaae6551ee0_0 .net "l_or_result", 3 0, L_0xaaaae6553430;  1 drivers
v0xaaaae6551fd0_0 .net "l_sum_result", 3 0, L_0xaaaae6553880;  1 drivers
v0xaaaae6552090_0 .net "l_transform_b", 3 0, L_0xaaaae6553550;  1 drivers
v0xaaaae65521a0_0 .net "o_carry_out", 0 0, L_0xaaaae65537e0;  alias, 1 drivers
v0xaaaae6552240_0 .net "o_result", 3 0, L_0xaaaae6554510;  alias, 1 drivers
L_0xaaaae6553720 .part L_0xaaaae6553080, 0, 1;
L_0xaaaae6553fb0 .part L_0xaaaae6553080, 0, 1;
S_0xaaaae654e250 .scope module, "adder" "adder" 5 13, 6 1 0, S_0xaaaae654dfd0;
 .timescale 0 0;
    .port_info 0 /INPUT 4 "i_a";
    .port_info 1 /INPUT 4 "i_b";
    .port_info 2 /INPUT 1 "i_carry_in";
    .port_info 3 /OUTPUT 4 "o_c";
    .port_info 4 /OUTPUT 1 "o_carry_out";
P_0xaaaae654e430 .param/l "N" 0 6 1, +C4<00000000000000000000000000000100>;
L_0xffff851f6060 .functor BUFT 1, C4<0>, C4<0>, C4<0>, C4<0>;
v0xaaaae654e500_0 .net *"_ivl_10", 0 0, L_0xffff851f6060;  1 drivers
v0xaaaae654e600_0 .net *"_ivl_11", 4 0, L_0xaaaae6553b90;  1 drivers
v0xaaaae654e6e0_0 .net *"_ivl_13", 4 0, L_0xaaaae6553d40;  1 drivers
L_0xffff851f60a8 .functor BUFT 1, C4<0000>, C4<0>, C4<0>, C4<0>;
v0xaaaae654e7d0_0 .net *"_ivl_16", 3 0, L_0xffff851f60a8;  1 drivers
v0xaaaae654e8b0_0 .net *"_ivl_17", 4 0, L_0xaaaae6553e70;  1 drivers
v0xaaaae654e9e0_0 .net *"_ivl_3", 4 0, L_0xaaaae6553920;  1 drivers
L_0xffff851f6018 .functor BUFT 1, C4<0>, C4<0>, C4<0>, C4<0>;
v0xaaaae654eac0_0 .net *"_ivl_6", 0 0, L_0xffff851f6018;  1 drivers
v0xaaaae654eba0_0 .net *"_ivl_7", 4 0, L_0xaaaae6553a30;  1 drivers
v0xaaaae654ec80_0 .net "i_a", 3 0, L_0xaaaae6553120;  alias, 1 drivers
v0xaaaae654ed40_0 .net "i_b", 3 0, L_0xaaaae6553550;  alias, 1 drivers
v0xaaaae654ee00_0 .net "i_carry_in", 0 0, L_0xaaaae6553fb0;  1 drivers
v0xaaaae654eec0_0 .net "o_c", 3 0, L_0xaaaae6553880;  alias, 1 drivers
v0xaaaae654efa0_0 .net "o_carry_out", 0 0, L_0xaaaae65537e0;  alias, 1 drivers
L_0xaaaae65537e0 .part L_0xaaaae6553e70, 4, 1;
L_0xaaaae6553880 .part L_0xaaaae6553e70, 0, 4;
L_0xaaaae6553920 .concat [ 4 1 0 0], L_0xaaaae6553120, L_0xffff851f6018;
L_0xaaaae6553a30 .concat [ 4 1 0 0], L_0xaaaae6553550, L_0xffff851f6060;
L_0xaaaae6553b90 .arith/sum 5, L_0xaaaae6553920, L_0xaaaae6553a30;
L_0xaaaae6553d40 .concat [ 1 4 0 0], L_0xaaaae6553fb0, L_0xffff851f60a8;
L_0xaaaae6553e70 .arith/sum 5, L_0xaaaae6553b90, L_0xaaaae6553d40;
S_0xaaaae654f130 .scope module, "mux4" "mux_4" 5 15, 7 1 0, S_0xaaaae654dfd0;
 .timescale 0 0;
    .port_info 0 /INPUT 4 "i_in0";
    .port_info 1 /INPUT 4 "i_in1";
    .port_info 2 /INPUT 4 "i_in2";
    .port_info 3 /INPUT 4 "i_in3";
    .port_info 4 /INPUT 2 "i_s";
    .port_info 5 /OUTPUT 4 "o_out";
P_0xaaaae654f2e0 .param/l "N" 0 7 1, +C4<00000000000000000000000000000100>;
v0xaaaae6550a80_0 .net "i_in0", 3 0, L_0xaaaae6553880;  alias, 1 drivers
v0xaaaae6550b60_0 .net "i_in1", 3 0, L_0xaaaae6553880;  alias, 1 drivers
v0xaaaae6550c20_0 .net "i_in2", 3 0, L_0xaaaae6553380;  alias, 1 drivers
v0xaaaae6550cf0_0 .net "i_in3", 3 0, L_0xaaaae6553430;  alias, 1 drivers
v0xaaaae6550dc0_0 .net "i_s", 1 0, L_0xaaaae6553080;  alias, 1 drivers
v0xaaaae6550e80_0 .net "o_out", 3 0, L_0xaaaae6554510;  alias, 1 drivers
v0xaaaae6550f90_0 .net "temp1", 3 0, L_0xaaaae65540a0;  1 drivers
v0xaaaae65510a0_0 .net "temp2", 3 0, L_0xaaaae6554340;  1 drivers
L_0xaaaae6554250 .part L_0xaaaae6553080, 0, 1;
L_0xaaaae6554470 .part L_0xaaaae6553080, 0, 1;
L_0xaaaae65546d0 .part L_0xaaaae6553080, 1, 1;
S_0xaaaae654f460 .scope module, "m1" "mux_2" 7 8, 8 1 0, S_0xaaaae654f130;
 .timescale 0 0;
    .port_info 0 /INPUT 4 "i_in0";
    .port_info 1 /INPUT 4 "i_in1";
    .port_info 2 /INPUT 1 "i_s";
    .port_info 3 /OUTPUT 4 "o_out";
P_0xaaaae654f640 .param/l "N" 0 8 1, +C4<00000000000000000000000000000100>;
v0xaaaae654f7b0_0 .net "i_in0", 3 0, L_0xaaaae6553880;  alias, 1 drivers
v0xaaaae654f8c0_0 .net "i_in1", 3 0, L_0xaaaae6553880;  alias, 1 drivers
v0xaaaae654f9b0_0 .net "i_s", 0 0, L_0xaaaae6554250;  1 drivers
v0xaaaae654fa50_0 .net "o_out", 3 0, L_0xaaaae65540a0;  alias, 1 drivers
L_0xaaaae65540a0 .functor MUXZ 4, L_0xaaaae6553880, L_0xaaaae6553880, L_0xaaaae6554250, C4<>;
S_0xaaaae654fbe0 .scope module, "m2" "mux_2" 7 9, 8 1 0, S_0xaaaae654f130;
 .timescale 0 0;
    .port_info 0 /INPUT 4 "i_in0";
    .port_info 1 /INPUT 4 "i_in1";
    .port_info 2 /INPUT 1 "i_s";
    .port_info 3 /OUTPUT 4 "o_out";
P_0xaaaae654fde0 .param/l "N" 0 8 1, +C4<00000000000000000000000000000100>;
v0xaaaae654ff20_0 .net "i_in0", 3 0, L_0xaaaae6553380;  alias, 1 drivers
v0xaaaae6550000_0 .net "i_in1", 3 0, L_0xaaaae6553430;  alias, 1 drivers
v0xaaaae65500e0_0 .net "i_s", 0 0, L_0xaaaae6554470;  1 drivers
v0xaaaae65501b0_0 .net "o_out", 3 0, L_0xaaaae6554340;  alias, 1 drivers
L_0xaaaae6554340 .functor MUXZ 4, L_0xaaaae6553380, L_0xaaaae6553430, L_0xaaaae6554470, C4<>;
S_0xaaaae6550340 .scope module, "m_super" "mux_2" 7 10, 8 1 0, S_0xaaaae654f130;
 .timescale 0 0;
    .port_info 0 /INPUT 4 "i_in0";
    .port_info 1 /INPUT 4 "i_in1";
    .port_info 2 /INPUT 1 "i_s";
    .port_info 3 /OUTPUT 4 "o_out";
P_0xaaaae6550520 .param/l "N" 0 8 1, +C4<00000000000000000000000000000100>;
v0xaaaae6550690_0 .net "i_in0", 3 0, L_0xaaaae65540a0;  alias, 1 drivers
v0xaaaae6550780_0 .net "i_in1", 3 0, L_0xaaaae6554340;  alias, 1 drivers
v0xaaaae6550850_0 .net "i_s", 0 0, L_0xaaaae65546d0;  1 drivers
v0xaaaae6550920_0 .net "o_out", 3 0, L_0xaaaae6554510;  alias, 1 drivers
L_0xaaaae6554510 .functor MUXZ 4, L_0xaaaae65540a0, L_0xaaaae6554340, L_0xaaaae65546d0, C4<>;
S_0xaaaae65512b0 .scope module, "transform_mux" "mux_2" 5 12, 8 1 0, S_0xaaaae654dfd0;
 .timescale 0 0;
    .port_info 0 /INPUT 4 "i_in0";
    .port_info 1 /INPUT 4 "i_in1";
    .port_info 2 /INPUT 1 "i_s";
    .port_info 3 /OUTPUT 4 "o_out";
P_0xaaaae6551490 .param/l "N" 0 8 1, +C4<00000000000000000000000000000100>;
v0xaaaae6551630_0 .net "i_in0", 3 0, L_0xaaaae6553250;  alias, 1 drivers
v0xaaaae65516f0_0 .net "i_in1", 3 0, L_0xaaaae65534c0;  alias, 1 drivers
v0xaaaae65517b0_0 .net "i_s", 0 0, L_0xaaaae6553720;  1 drivers
v0xaaaae6551880_0 .net "o_out", 3 0, L_0xaaaae6553550;  alias, 1 drivers
L_0xaaaae6553550 .functor MUXZ 4, L_0xaaaae6553250, L_0xaaaae65534c0, L_0xaaaae6553720, C4<>;
    .scope S_0xaaaae6522de0;
T_0 ;
Ewait_0 .event/or E_0xaaaae651dcd0, E_0x0;
    %wait Ewait_0;
    %load/vec4 v0xaaaae651ebb0_0;
    %dup/vec4;
    %pushi/vec4 0, 0, 4;
    %cmp/u;
    %jmp/1 T_0.0, 6;
    %dup/vec4;
    %pushi/vec4 1, 0, 4;
    %cmp/u;
    %jmp/1 T_0.1, 6;
    %dup/vec4;
    %pushi/vec4 2, 0, 4;
    %cmp/u;
    %jmp/1 T_0.2, 6;
    %dup/vec4;
    %pushi/vec4 3, 0, 4;
    %cmp/u;
    %jmp/1 T_0.3, 6;
    %dup/vec4;
    %pushi/vec4 4, 0, 4;
    %cmp/u;
    %jmp/1 T_0.4, 6;
    %dup/vec4;
    %pushi/vec4 5, 0, 4;
    %cmp/u;
    %jmp/1 T_0.5, 6;
    %dup/vec4;
    %pushi/vec4 6, 0, 4;
    %cmp/u;
    %jmp/1 T_0.6, 6;
    %dup/vec4;
    %pushi/vec4 7, 0, 4;
    %cmp/u;
    %jmp/1 T_0.7, 6;
    %dup/vec4;
    %pushi/vec4 8, 0, 4;
    %cmp/u;
    %jmp/1 T_0.8, 6;
    %dup/vec4;
    %pushi/vec4 9, 0, 4;
    %cmp/u;
    %jmp/1 T_0.9, 6;
    %dup/vec4;
    %pushi/vec4 10, 0, 4;
    %cmp/u;
    %jmp/1 T_0.10, 6;
    %dup/vec4;
    %pushi/vec4 11, 0, 4;
    %cmp/u;
    %jmp/1 T_0.11, 6;
    %dup/vec4;
    %pushi/vec4 12, 0, 4;
    %cmp/u;
    %jmp/1 T_0.12, 6;
    %dup/vec4;
    %pushi/vec4 13, 0, 4;
    %cmp/u;
    %jmp/1 T_0.13, 6;
    %dup/vec4;
    %pushi/vec4 14, 0, 4;
    %cmp/u;
    %jmp/1 T_0.14, 6;
    %dup/vec4;
    %pushi/vec4 15, 0, 4;
    %cmp/u;
    %jmp/1 T_0.15, 6;
    %pushi/vec4 127, 127, 7;
    %store/vec4 v0xaaaae652ffb0_0, 0, 7;
    %jmp T_0.17;
T_0.0 ;
    %pushi/vec4 64, 0, 7;
    %store/vec4 v0xaaaae652ffb0_0, 0, 7;
    %jmp T_0.17;
T_0.1 ;
    %pushi/vec4 121, 0, 7;
    %store/vec4 v0xaaaae652ffb0_0, 0, 7;
    %jmp T_0.17;
T_0.2 ;
    %pushi/vec4 36, 0, 7;
    %store/vec4 v0xaaaae652ffb0_0, 0, 7;
    %jmp T_0.17;
T_0.3 ;
    %pushi/vec4 48, 0, 7;
    %store/vec4 v0xaaaae652ffb0_0, 0, 7;
    %jmp T_0.17;
T_0.4 ;
    %pushi/vec4 25, 0, 7;
    %store/vec4 v0xaaaae652ffb0_0, 0, 7;
    %jmp T_0.17;
T_0.5 ;
    %pushi/vec4 18, 0, 7;
    %store/vec4 v0xaaaae652ffb0_0, 0, 7;
    %jmp T_0.17;
T_0.6 ;
    %pushi/vec4 2, 0, 7;
    %store/vec4 v0xaaaae652ffb0_0, 0, 7;
    %jmp T_0.17;
T_0.7 ;
    %pushi/vec4 120, 0, 7;
    %store/vec4 v0xaaaae652ffb0_0, 0, 7;
    %jmp T_0.17;
T_0.8 ;
    %pushi/vec4 0, 0, 7;
    %store/vec4 v0xaaaae652ffb0_0, 0, 7;
    %jmp T_0.17;
T_0.9 ;
    %pushi/vec4 16, 0, 7;
    %store/vec4 v0xaaaae652ffb0_0, 0, 7;
    %jmp T_0.17;
T_0.10 ;
    %pushi/vec4 8, 0, 7;
    %store/vec4 v0xaaaae652ffb0_0, 0, 7;
    %jmp T_0.17;
T_0.11 ;
    %pushi/vec4 3, 0, 7;
    %store/vec4 v0xaaaae652ffb0_0, 0, 7;
    %jmp T_0.17;
T_0.12 ;
    %pushi/vec4 70, 0, 7;
    %store/vec4 v0xaaaae652ffb0_0, 0, 7;
    %jmp T_0.17;
T_0.13 ;
    %pushi/vec4 33, 0, 7;
    %store/vec4 v0xaaaae652ffb0_0, 0, 7;
    %jmp T_0.17;
T_0.14 ;
    %pushi/vec4 6, 0, 7;
    %store/vec4 v0xaaaae652ffb0_0, 0, 7;
    %jmp T_0.17;
T_0.15 ;
    %pushi/vec4 14, 0, 7;
    %store/vec4 v0xaaaae652ffb0_0, 0, 7;
    %jmp T_0.17;
T_0.17 ;
    %pop/vec4 1;
    %jmp T_0;
    .thread T_0, $push;
    .scope S_0xaaaae654d910;
T_1 ;
Ewait_1 .event/or E_0xaaaae651e4f0, E_0x0;
    %wait Ewait_1;
    %load/vec4 v0xaaaae6530980_0;
    %dup/vec4;
    %pushi/vec4 0, 0, 4;
    %cmp/u;
    %jmp/1 T_1.0, 6;
    %dup/vec4;
    %pushi/vec4 1, 0, 4;
    %cmp/u;
    %jmp/1 T_1.1, 6;
    %dup/vec4;
    %pushi/vec4 2, 0, 4;
    %cmp/u;
    %jmp/1 T_1.2, 6;
    %dup/vec4;
    %pushi/vec4 3, 0, 4;
    %cmp/u;
    %jmp/1 T_1.3, 6;
    %dup/vec4;
    %pushi/vec4 4, 0, 4;
    %cmp/u;
    %jmp/1 T_1.4, 6;
    %dup/vec4;
    %pushi/vec4 5, 0, 4;
    %cmp/u;
    %jmp/1 T_1.5, 6;
    %dup/vec4;
    %pushi/vec4 6, 0, 4;
    %cmp/u;
    %jmp/1 T_1.6, 6;
    %dup/vec4;
    %pushi/vec4 7, 0, 4;
    %cmp/u;
    %jmp/1 T_1.7, 6;
    %dup/vec4;
    %pushi/vec4 8, 0, 4;
    %cmp/u;
    %jmp/1 T_1.8, 6;
    %dup/vec4;
    %pushi/vec4 9, 0, 4;
    %cmp/u;
    %jmp/1 T_1.9, 6;
    %dup/vec4;
    %pushi/vec4 10, 0, 4;
    %cmp/u;
    %jmp/1 T_1.10, 6;
    %dup/vec4;
    %pushi/vec4 11, 0, 4;
    %cmp/u;
    %jmp/1 T_1.11, 6;
    %dup/vec4;
    %pushi/vec4 12, 0, 4;
    %cmp/u;
    %jmp/1 T_1.12, 6;
    %dup/vec4;
    %pushi/vec4 13, 0, 4;
    %cmp/u;
    %jmp/1 T_1.13, 6;
    %dup/vec4;
    %pushi/vec4 14, 0, 4;
    %cmp/u;
    %jmp/1 T_1.14, 6;
    %dup/vec4;
    %pushi/vec4 15, 0, 4;
    %cmp/u;
    %jmp/1 T_1.15, 6;
    %pushi/vec4 127, 127, 7;
    %store/vec4 v0xaaaae65304c0_0, 0, 7;
    %jmp T_1.17;
T_1.0 ;
    %pushi/vec4 64, 0, 7;
    %store/vec4 v0xaaaae65304c0_0, 0, 7;
    %jmp T_1.17;
T_1.1 ;
    %pushi/vec4 121, 0, 7;
    %store/vec4 v0xaaaae65304c0_0, 0, 7;
    %jmp T_1.17;
T_1.2 ;
    %pushi/vec4 36, 0, 7;
    %store/vec4 v0xaaaae65304c0_0, 0, 7;
    %jmp T_1.17;
T_1.3 ;
    %pushi/vec4 48, 0, 7;
    %store/vec4 v0xaaaae65304c0_0, 0, 7;
    %jmp T_1.17;
T_1.4 ;
    %pushi/vec4 25, 0, 7;
    %store/vec4 v0xaaaae65304c0_0, 0, 7;
    %jmp T_1.17;
T_1.5 ;
    %pushi/vec4 18, 0, 7;
    %store/vec4 v0xaaaae65304c0_0, 0, 7;
    %jmp T_1.17;
T_1.6 ;
    %pushi/vec4 2, 0, 7;
    %store/vec4 v0xaaaae65304c0_0, 0, 7;
    %jmp T_1.17;
T_1.7 ;
    %pushi/vec4 120, 0, 7;
    %store/vec4 v0xaaaae65304c0_0, 0, 7;
    %jmp T_1.17;
T_1.8 ;
    %pushi/vec4 0, 0, 7;
    %store/vec4 v0xaaaae65304c0_0, 0, 7;
    %jmp T_1.17;
T_1.9 ;
    %pushi/vec4 16, 0, 7;
    %store/vec4 v0xaaaae65304c0_0, 0, 7;
    %jmp T_1.17;
T_1.10 ;
    %pushi/vec4 8, 0, 7;
    %store/vec4 v0xaaaae65304c0_0, 0, 7;
    %jmp T_1.17;
T_1.11 ;
    %pushi/vec4 3, 0, 7;
    %store/vec4 v0xaaaae65304c0_0, 0, 7;
    %jmp T_1.17;
T_1.12 ;
    %pushi/vec4 70, 0, 7;
    %store/vec4 v0xaaaae65304c0_0, 0, 7;
    %jmp T_1.17;
T_1.13 ;
    %pushi/vec4 33, 0, 7;
    %store/vec4 v0xaaaae65304c0_0, 0, 7;
    %jmp T_1.17;
T_1.14 ;
    %pushi/vec4 6, 0, 7;
    %store/vec4 v0xaaaae65304c0_0, 0, 7;
    %jmp T_1.17;
T_1.15 ;
    %pushi/vec4 14, 0, 7;
    %store/vec4 v0xaaaae65304c0_0, 0, 7;
    %jmp T_1.17;
T_1.17 ;
    %pop/vec4 1;
    %jmp T_1;
    .thread T_1, $push;
    .scope S_0xaaaae654dbe0;
T_2 ;
Ewait_2 .event/or E_0xaaaae652f930, E_0x0;
    %wait Ewait_2;
    %load/vec4 v0xaaaae654dd90_0;
    %dup/vec4;
    %pushi/vec4 0, 0, 4;
    %cmp/u;
    %jmp/1 T_2.0, 6;
    %dup/vec4;
    %pushi/vec4 1, 0, 4;
    %cmp/u;
    %jmp/1 T_2.1, 6;
    %dup/vec4;
    %pushi/vec4 2, 0, 4;
    %cmp/u;
    %jmp/1 T_2.2, 6;
    %dup/vec4;
    %pushi/vec4 3, 0, 4;
    %cmp/u;
    %jmp/1 T_2.3, 6;
    %dup/vec4;
    %pushi/vec4 4, 0, 4;
    %cmp/u;
    %jmp/1 T_2.4, 6;
    %dup/vec4;
    %pushi/vec4 5, 0, 4;
    %cmp/u;
    %jmp/1 T_2.5, 6;
    %dup/vec4;
    %pushi/vec4 6, 0, 4;
    %cmp/u;
    %jmp/1 T_2.6, 6;
    %dup/vec4;
    %pushi/vec4 7, 0, 4;
    %cmp/u;
    %jmp/1 T_2.7, 6;
    %dup/vec4;
    %pushi/vec4 8, 0, 4;
    %cmp/u;
    %jmp/1 T_2.8, 6;
    %dup/vec4;
    %pushi/vec4 9, 0, 4;
    %cmp/u;
    %jmp/1 T_2.9, 6;
    %dup/vec4;
    %pushi/vec4 10, 0, 4;
    %cmp/u;
    %jmp/1 T_2.10, 6;
    %dup/vec4;
    %pushi/vec4 11, 0, 4;
    %cmp/u;
    %jmp/1 T_2.11, 6;
    %dup/vec4;
    %pushi/vec4 12, 0, 4;
    %cmp/u;
    %jmp/1 T_2.12, 6;
    %dup/vec4;
    %pushi/vec4 13, 0, 4;
    %cmp/u;
    %jmp/1 T_2.13, 6;
    %dup/vec4;
    %pushi/vec4 14, 0, 4;
    %cmp/u;
    %jmp/1 T_2.14, 6;
    %dup/vec4;
    %pushi/vec4 15, 0, 4;
    %cmp/u;
    %jmp/1 T_2.15, 6;
    %pushi/vec4 127, 127, 7;
    %store/vec4 v0xaaaae654de90_0, 0, 7;
    %jmp T_2.17;
T_2.0 ;
    %pushi/vec4 64, 0, 7;
    %store/vec4 v0xaaaae654de90_0, 0, 7;
    %jmp T_2.17;
T_2.1 ;
    %pushi/vec4 121, 0, 7;
    %store/vec4 v0xaaaae654de90_0, 0, 7;
    %jmp T_2.17;
T_2.2 ;
    %pushi/vec4 36, 0, 7;
    %store/vec4 v0xaaaae654de90_0, 0, 7;
    %jmp T_2.17;
T_2.3 ;
    %pushi/vec4 48, 0, 7;
    %store/vec4 v0xaaaae654de90_0, 0, 7;
    %jmp T_2.17;
T_2.4 ;
    %pushi/vec4 25, 0, 7;
    %store/vec4 v0xaaaae654de90_0, 0, 7;
    %jmp T_2.17;
T_2.5 ;
    %pushi/vec4 18, 0, 7;
    %store/vec4 v0xaaaae654de90_0, 0, 7;
    %jmp T_2.17;
T_2.6 ;
    %pushi/vec4 2, 0, 7;
    %store/vec4 v0xaaaae654de90_0, 0, 7;
    %jmp T_2.17;
T_2.7 ;
    %pushi/vec4 120, 0, 7;
    %store/vec4 v0xaaaae654de90_0, 0, 7;
    %jmp T_2.17;
T_2.8 ;
    %pushi/vec4 0, 0, 7;
    %store/vec4 v0xaaaae654de90_0, 0, 7;
    %jmp T_2.17;
T_2.9 ;
    %pushi/vec4 16, 0, 7;
    %store/vec4 v0xaaaae654de90_0, 0, 7;
    %jmp T_2.17;
T_2.10 ;
    %pushi/vec4 8, 0, 7;
    %store/vec4 v0xaaaae654de90_0, 0, 7;
    %jmp T_2.17;
T_2.11 ;
    %pushi/vec4 3, 0, 7;
    %store/vec4 v0xaaaae654de90_0, 0, 7;
    %jmp T_2.17;
T_2.12 ;
    %pushi/vec4 70, 0, 7;
    %store/vec4 v0xaaaae654de90_0, 0, 7;
    %jmp T_2.17;
T_2.13 ;
    %pushi/vec4 33, 0, 7;
    %store/vec4 v0xaaaae654de90_0, 0, 7;
    %jmp T_2.17;
T_2.14 ;
    %pushi/vec4 6, 0, 7;
    %store/vec4 v0xaaaae654de90_0, 0, 7;
    %jmp T_2.17;
T_2.15 ;
    %pushi/vec4 14, 0, 7;
    %store/vec4 v0xaaaae654de90_0, 0, 7;
    %jmp T_2.17;
T_2.17 ;
    %pop/vec4 1;
    %jmp T_2;
    .thread T_2, $push;
# The file index is used to find the file name in the following table.
:file_names 9;
    "N/A";
    "<interactive>";
    "-";
    "alu_de10_lite.sv";
    "../Woche 6/submission_22_05_22_boden_seppelt_orgler/decoder.sv";
    "alu.sv";
    "adder.sv";
    "mux_4.sv";
    "mux_2.sv";
