#! /usr/bin/vvp
:ivl_version "11.0 (stable)";
:ivl_delay_selection "TYPICAL";
:vpi_time_precision + 0;
:vpi_module "/usr/lib/aarch64-linux-gnu/ivl/system.vpi";
:vpi_module "/usr/lib/aarch64-linux-gnu/ivl/vhdl_sys.vpi";
:vpi_module "/usr/lib/aarch64-linux-gnu/ivl/vhdl_textio.vpi";
:vpi_module "/usr/lib/aarch64-linux-gnu/ivl/v2005_math.vpi";
:vpi_module "/usr/lib/aarch64-linux-gnu/ivl/va_math.vpi";
:vpi_module "/usr/lib/aarch64-linux-gnu/ivl/v2009.vpi";
S_0xaaaae07e77e0 .scope package, "$unit" "$unit" 2 1;
 .timescale 0 0;
S_0xaaaae07e7970 .scope module, "mux_4_tb" "mux_4_tb" 3 4;
 .timescale 0 0;
v0xaaaae0805920_0 .var "l_a", 3 0;
v0xaaaae0805a50_0 .var "l_b", 3 0;
v0xaaaae0805b60_0 .var "l_c", 3 0;
v0xaaaae0805c50_0 .var "l_d", 3 0;
v0xaaaae0805d60_0 .net "l_o", 3 0, L_0xaaaae0806330;  1 drivers
v0xaaaae0805ec0_0 .var "l_s", 1 0;
S_0xaaaae07e7b00 .scope module, "dut" "mux_4" 3 7, 4 1 0, S_0xaaaae07e7970;
 .timescale 0 0;
    .port_info 0 /INPUT 4 "i_in0";
    .port_info 1 /INPUT 4 "i_in1";
    .port_info 2 /INPUT 4 "i_in2";
    .port_info 3 /INPUT 4 "i_in3";
    .port_info 4 /INPUT 2 "i_s";
    .port_info 5 /OUTPUT 4 "o_out";
P_0xaaaae07eb460 .param/l "N" 0 4 1, +C4<00000000000000000000000000000100>;
v0xaaaae0805130_0 .net "i_in0", 3 0, v0xaaaae0805920_0;  1 drivers
v0xaaaae0805210_0 .net "i_in1", 3 0, v0xaaaae0805a50_0;  1 drivers
v0xaaaae08052e0_0 .net "i_in2", 3 0, v0xaaaae0805b60_0;  1 drivers
v0xaaaae08053e0_0 .net "i_in3", 3 0, v0xaaaae0805c50_0;  1 drivers
v0xaaaae08054b0_0 .net "i_s", 1 0, v0xaaaae0805ec0_0;  1 drivers
v0xaaaae08055a0_0 .net "o_out", 3 0, L_0xaaaae0806330;  alias, 1 drivers
v0xaaaae0805660_0 .net "temp1", 3 0, L_0xaaaae0805f80;  1 drivers
v0xaaaae0805750_0 .net "temp2", 3 0, L_0xaaaae0806180;  1 drivers
L_0xaaaae0806020 .part v0xaaaae0805ec0_0, 0, 1;
L_0xaaaae0806240 .part v0xaaaae0805ec0_0, 0, 1;
L_0xaaaae08063f0 .part v0xaaaae0805ec0_0, 1, 1;
S_0xaaaae07ead60 .scope module, "m1" "mux_2" 4 8, 5 1 0, S_0xaaaae07e7b00;
 .timescale 0 0;
    .port_info 0 /INPUT 4 "i_in0";
    .port_info 1 /INPUT 4 "i_in1";
    .port_info 2 /INPUT 1 "i_s";
    .port_info 3 /OUTPUT 4 "o_out";
P_0xaaaae07eaf40 .param/l "N" 0 5 1, +C4<00000000000000000000000000000100>;
v0xaaaae07eb050_0 .net "i_in0", 3 0, v0xaaaae0805920_0;  alias, 1 drivers
v0xaaaae0803fa0_0 .net "i_in1", 3 0, v0xaaaae0805a50_0;  alias, 1 drivers
v0xaaaae0804080_0 .net "i_s", 0 0, L_0xaaaae0806020;  1 drivers
v0xaaaae0804120_0 .net "o_out", 3 0, L_0xaaaae0805f80;  alias, 1 drivers
L_0xaaaae0805f80 .functor MUXZ 4, v0xaaaae0805920_0, v0xaaaae0805a50_0, L_0xaaaae0806020, C4<>;
S_0xaaaae0804280 .scope module, "m2" "mux_2" 4 9, 5 1 0, S_0xaaaae07e7b00;
 .timescale 0 0;
    .port_info 0 /INPUT 4 "i_in0";
    .port_info 1 /INPUT 4 "i_in1";
    .port_info 2 /INPUT 1 "i_s";
    .port_info 3 /OUTPUT 4 "o_out";
P_0xaaaae0804480 .param/l "N" 0 5 1, +C4<00000000000000000000000000000100>;
v0xaaaae08045c0_0 .net "i_in0", 3 0, v0xaaaae0805b60_0;  alias, 1 drivers
v0xaaaae08046a0_0 .net "i_in1", 3 0, v0xaaaae0805c50_0;  alias, 1 drivers
v0xaaaae0804780_0 .net "i_s", 0 0, L_0xaaaae0806240;  1 drivers
v0xaaaae0804850_0 .net "o_out", 3 0, L_0xaaaae0806180;  alias, 1 drivers
L_0xaaaae0806180 .functor MUXZ 4, v0xaaaae0805b60_0, v0xaaaae0805c50_0, L_0xaaaae0806240, C4<>;
S_0xaaaae08049e0 .scope module, "m_super" "mux_2" 4 10, 5 1 0, S_0xaaaae07e7b00;
 .timescale 0 0;
    .port_info 0 /INPUT 4 "i_in0";
    .port_info 1 /INPUT 4 "i_in1";
    .port_info 2 /INPUT 1 "i_s";
    .port_info 3 /OUTPUT 4 "o_out";
P_0xaaaae0804bc0 .param/l "N" 0 5 1, +C4<00000000000000000000000000000100>;
v0xaaaae0804d30_0 .net "i_in0", 3 0, L_0xaaaae0805f80;  alias, 1 drivers
v0xaaaae0804e20_0 .net "i_in1", 3 0, L_0xaaaae0806180;  alias, 1 drivers
v0xaaaae0804ef0_0 .net "i_s", 0 0, L_0xaaaae08063f0;  1 drivers
v0xaaaae0804fc0_0 .net "o_out", 3 0, L_0xaaaae0806330;  alias, 1 drivers
L_0xaaaae0806330 .functor MUXZ 4, L_0xaaaae0805f80, L_0xaaaae0806180, L_0xaaaae08063f0, C4<>;
    .scope S_0xaaaae07e7970;
T_0 ;
    %pushi/vec4 0, 0, 4;
    %store/vec4 v0xaaaae0805920_0, 0, 4;
    %pushi/vec4 1, 0, 4;
    %store/vec4 v0xaaaae0805a50_0, 0, 4;
    %pushi/vec4 2, 0, 4;
    %store/vec4 v0xaaaae0805b60_0, 0, 4;
    %pushi/vec4 3, 0, 4;
    %store/vec4 v0xaaaae0805c50_0, 0, 4;
    %pushi/vec4 0, 0, 2;
    %store/vec4 v0xaaaae0805ec0_0, 0, 2;
    %delay 10, 0;
    %load/vec4 v0xaaaae0805d60_0;
    %cmpi/e 0, 0, 4;
    %jmp/0xz  T_0.0, 6;
    %jmp T_0.1;
T_0.0 ;
    %vpi_call/w 3 21 "$error" {0 0 0};
T_0.1 ;
    %pushi/vec4 0, 0, 4;
    %store/vec4 v0xaaaae0805920_0, 0, 4;
    %pushi/vec4 1, 0, 4;
    %store/vec4 v0xaaaae0805a50_0, 0, 4;
    %pushi/vec4 2, 0, 4;
    %store/vec4 v0xaaaae0805b60_0, 0, 4;
    %pushi/vec4 3, 0, 4;
    %store/vec4 v0xaaaae0805c50_0, 0, 4;
    %pushi/vec4 1, 0, 2;
    %store/vec4 v0xaaaae0805ec0_0, 0, 2;
    %delay 10, 0;
    %load/vec4 v0xaaaae0805d60_0;
    %cmpi/e 1, 0, 4;
    %jmp/0xz  T_0.2, 6;
    %jmp T_0.3;
T_0.2 ;
    %vpi_call/w 3 29 "$error" {0 0 0};
T_0.3 ;
    %pushi/vec4 0, 0, 4;
    %store/vec4 v0xaaaae0805920_0, 0, 4;
    %pushi/vec4 1, 0, 4;
    %store/vec4 v0xaaaae0805a50_0, 0, 4;
    %pushi/vec4 2, 0, 4;
    %store/vec4 v0xaaaae0805b60_0, 0, 4;
    %pushi/vec4 3, 0, 4;
    %store/vec4 v0xaaaae0805c50_0, 0, 4;
    %pushi/vec4 2, 0, 2;
    %store/vec4 v0xaaaae0805ec0_0, 0, 2;
    %delay 10, 0;
    %load/vec4 v0xaaaae0805d60_0;
    %cmpi/e 2, 0, 4;
    %jmp/0xz  T_0.4, 6;
    %jmp T_0.5;
T_0.4 ;
    %vpi_call/w 3 37 "$error" {0 0 0};
T_0.5 ;
    %pushi/vec4 0, 0, 4;
    %store/vec4 v0xaaaae0805920_0, 0, 4;
    %pushi/vec4 1, 0, 4;
    %store/vec4 v0xaaaae0805a50_0, 0, 4;
    %pushi/vec4 2, 0, 4;
    %store/vec4 v0xaaaae0805b60_0, 0, 4;
    %pushi/vec4 3, 0, 4;
    %store/vec4 v0xaaaae0805c50_0, 0, 4;
    %pushi/vec4 3, 0, 2;
    %store/vec4 v0xaaaae0805ec0_0, 0, 2;
    %delay 10, 0;
    %load/vec4 v0xaaaae0805d60_0;
    %cmpi/e 3, 0, 4;
    %jmp/0xz  T_0.6, 6;
    %jmp T_0.7;
T_0.6 ;
    %vpi_call/w 3 45 "$error" {0 0 0};
T_0.7 ;
    %end;
    .thread T_0;
# The file index is used to find the file name in the following table.
:file_names 6;
    "N/A";
    "<interactive>";
    "-";
    "mux_4_tb.sv";
    "mux_4.sv";
    "mux_2.sv";
