#! /usr/bin/vvp
:ivl_version "11.0 (stable)";
:ivl_delay_selection "TYPICAL";
:vpi_time_precision + 0;
:vpi_module "/usr/lib/aarch64-linux-gnu/ivl/system.vpi";
:vpi_module "/usr/lib/aarch64-linux-gnu/ivl/vhdl_sys.vpi";
:vpi_module "/usr/lib/aarch64-linux-gnu/ivl/vhdl_textio.vpi";
:vpi_module "/usr/lib/aarch64-linux-gnu/ivl/v2005_math.vpi";
:vpi_module "/usr/lib/aarch64-linux-gnu/ivl/va_math.vpi";
:vpi_module "/usr/lib/aarch64-linux-gnu/ivl/v2009.vpi";
S_0xaaaae955dc50 .scope package, "$unit" "$unit" 2 1;
 .timescale 0 0;
S_0xaaaae955eec0 .scope module, "alu_nzcv_tb" "alu_nzcv_tb" 3 1;
 .timescale 0 0;
v0xaaaae95a7d10_0 .var "l_a", 31 0;
v0xaaaae95a7e40_0 .var "l_alu_ctrl", 1 0;
v0xaaaae95a7f50_0 .var "l_b", 31 0;
v0xaaaae95a8040_0 .net "l_nzcv", 3 0, L_0xaaaae95ba3d0;  1 drivers
v0xaaaae95a8100_0 .net "l_res", 31 0, L_0xaaaae95b94c0;  1 drivers
S_0xaaaae9528040 .scope module, "dut" "alu_nzcv" 3 7, 4 4 0, S_0xaaaae955eec0;
 .timescale 0 0;
    .port_info 0 /INPUT 32 "i_a";
    .port_info 1 /INPUT 32 "i_b";
    .port_info 2 /INPUT 2 "i_alu_ctrl";
    .port_info 3 /OUTPUT 32 "o_result";
    .port_info 4 /OUTPUT 4 "o_nzcv";
P_0xaaaae9528220 .param/l "N" 0 4 4, +C4<00000000000000000000000000100000>;
L_0xaaaae95a8510 .functor NOT 32, v0xaaaae95a7f50_0, C4<00000000000000000000000000000000>, C4<00000000000000000000000000000000>, C4<00000000000000000000000000000000>;
L_0xaaaae95a8ba0 .functor AND 32, v0xaaaae95a7d10_0, v0xaaaae95a7f50_0, C4<11111111111111111111111111111111>, C4<11111111111111111111111111111111>;
L_0xaaaae95b9140 .functor OR 32, v0xaaaae95a7d10_0, v0xaaaae95a7f50_0, C4<00000000000000000000000000000000>, C4<00000000000000000000000000000000>;
L_0xaaaae95b97b0 .functor NOT 32, L_0xaaaae95b94c0, C4<00000000000000000000000000000000>, C4<00000000000000000000000000000000>, C4<00000000000000000000000000000000>;
L_0xaaaae95b9b70 .functor NOT 1, L_0xaaaae95b99c0, C4<0>, C4<0>, C4<0>;
L_0xaaaae95b9be0 .functor AND 1, L_0xaaaae95a86b0, L_0xaaaae95b9b70, C4<1>, C4<1>;
L_0xaaaae95b9e10 .functor XOR 1, L_0xaaaae95b9c90, L_0xaaaae95b9d70, C4<0>, C4<0>;
L_0xaaaae95ba670 .functor NOT 1, L_0xaaaae95ba560, C4<0>, C4<0>, C4<0>;
L_0xaaaae95ba780 .functor AND 1, L_0xaaaae95ba670, L_0xaaaae95b9e10, C4<1>, C4<1>;
L_0xaaaae95ba890 .functor NOT 1, L_0xaaaae95b9f40, C4<0>, C4<0>, C4<0>;
L_0xaaaae95ba960 .functor AND 1, L_0xaaaae95ba780, L_0xaaaae95ba890, C4<1>, C4<1>;
v0xaaaae95a6720_0 .net *"_ivl_12", 31 0, L_0xaaaae95b97b0;  1 drivers
v0xaaaae95a6820_0 .net *"_ivl_15", 0 0, L_0xaaaae95b9850;  1 drivers
v0xaaaae95a68e0_0 .net *"_ivl_19", 0 0, L_0xaaaae95b98f0;  1 drivers
v0xaaaae95a69a0_0 .net *"_ivl_23", 0 0, L_0xaaaae95b99c0;  1 drivers
v0xaaaae95a6a80_0 .net *"_ivl_24", 0 0, L_0xaaaae95b9b70;  1 drivers
v0xaaaae95a6bb0_0 .net *"_ivl_26", 0 0, L_0xaaaae95b9be0;  1 drivers
v0xaaaae95a6c90_0 .net *"_ivl_29", 0 0, L_0xaaaae95b9c90;  1 drivers
v0xaaaae95a6d70_0 .net *"_ivl_31", 0 0, L_0xaaaae95b9d70;  1 drivers
v0xaaaae95a6e50_0 .net *"_ivl_44", 0 0, L_0xaaaae95ba560;  1 drivers
v0xaaaae95a6f30_0 .net *"_ivl_45", 0 0, L_0xaaaae95ba670;  1 drivers
v0xaaaae95a7010_0 .net *"_ivl_47", 0 0, L_0xaaaae95ba780;  1 drivers
v0xaaaae95a70f0_0 .net *"_ivl_49", 0 0, L_0xaaaae95ba890;  1 drivers
v0xaaaae95a71d0_0 .net *"_ivl_51", 0 0, L_0xaaaae95ba960;  1 drivers
v0xaaaae95a72b0_0 .net "i_a", 31 0, v0xaaaae95a7d10_0;  1 drivers
v0xaaaae95a7370_0 .net "i_alu_ctrl", 1 0, v0xaaaae95a7e40_0;  1 drivers
v0xaaaae95a7440_0 .net "i_b", 31 0, v0xaaaae95a7f50_0;  1 drivers
v0xaaaae95a7510_0 .net "l_adder_carry", 0 0, L_0xaaaae95a86b0;  1 drivers
v0xaaaae95a75e0_0 .net "l_b_tmp", 31 0, L_0xaaaae95a8470;  1 drivers
v0xaaaae95a7680_0 .net "l_compared_signs", 0 0, L_0xaaaae95b9e10;  1 drivers
v0xaaaae95a7720_0 .net "l_disable_ov", 0 0, L_0xaaaae95b9f40;  1 drivers
v0xaaaae95a77c0_0 .net "l_res_10", 31 0, L_0xaaaae95a8ba0;  1 drivers
v0xaaaae95a78b0_0 .net "l_res_11", 31 0, L_0xaaaae95b9140;  1 drivers
v0xaaaae95a79c0_0 .net "l_sum", 31 0, L_0xaaaae95a87a0;  1 drivers
v0xaaaae95a7a80_0 .net "o_nzcv", 3 0, L_0xaaaae95ba3d0;  alias, 1 drivers
v0xaaaae95a7b60_0 .net "o_result", 31 0, L_0xaaaae95b94c0;  alias, 1 drivers
L_0xaaaae95a85f0 .part v0xaaaae95a7e40_0, 0, 1;
L_0xaaaae95b8f30 .part v0xaaaae95a7e40_0, 0, 1;
L_0xaaaae95b9850 .reduce/and L_0xaaaae95b97b0;
L_0xaaaae95b98f0 .part L_0xaaaae95b94c0, 31, 1;
L_0xaaaae95b99c0 .part v0xaaaae95a7e40_0, 1, 1;
L_0xaaaae95b9c90 .part L_0xaaaae95a87a0, 31, 1;
L_0xaaaae95b9d70 .part v0xaaaae95a7d10_0, 31, 1;
L_0xaaaae95ba050 .part v0xaaaae95a7d10_0, 31, 1;
L_0xaaaae95ba190 .part v0xaaaae95a7f50_0, 31, 1;
L_0xaaaae95ba280 .part v0xaaaae95a7e40_0, 0, 1;
L_0xaaaae95ba3d0 .concat8 [ 1 1 1 1], L_0xaaaae95ba960, L_0xaaaae95b9be0, L_0xaaaae95b9850, L_0xaaaae95b98f0;
L_0xaaaae95ba560 .part v0xaaaae95a7e40_0, 1, 1;
S_0xaaaae95669d0 .scope module, "adder_ab" "adder" 4 23, 5 10 0, S_0xaaaae9528040;
 .timescale 0 0;
    .port_info 0 /INPUT 32 "i_a";
    .port_info 1 /INPUT 32 "i_b";
    .port_info 2 /INPUT 1 "i_carry_in";
    .port_info 3 /OUTPUT 32 "o_c";
    .port_info 4 /OUTPUT 1 "o_carry_out";
P_0xaaaae9566bb0 .param/l "N" 0 5 10, +C4<00000000000000000000000000100000>;
L_0xffff8d5f6060 .functor BUFT 1, C4<0>, C4<0>, C4<0>, C4<0>;
v0xaaaae95762a0_0 .net *"_ivl_10", 0 0, L_0xffff8d5f6060;  1 drivers
v0xaaaae9579ad0_0 .net *"_ivl_11", 32 0, L_0xaaaae95a8b00;  1 drivers
v0xaaaae9574830_0 .net *"_ivl_13", 32 0, L_0xaaaae95a8cb0;  1 drivers
L_0xffff8d5f60a8 .functor BUFT 1, C4<00000000000000000000000000000000>, C4<0>, C4<0>, C4<0>;
v0xaaaae95a2f40_0 .net *"_ivl_16", 31 0, L_0xffff8d5f60a8;  1 drivers
v0xaaaae95a3020_0 .net *"_ivl_17", 32 0, L_0xaaaae95b8df0;  1 drivers
v0xaaaae95a3150_0 .net *"_ivl_3", 32 0, L_0xaaaae95a8890;  1 drivers
L_0xffff8d5f6018 .functor BUFT 1, C4<0>, C4<0>, C4<0>, C4<0>;
v0xaaaae95a3230_0 .net *"_ivl_6", 0 0, L_0xffff8d5f6018;  1 drivers
v0xaaaae95a3310_0 .net *"_ivl_7", 32 0, L_0xaaaae95a89a0;  1 drivers
v0xaaaae95a33f0_0 .net "i_a", 31 0, v0xaaaae95a7d10_0;  alias, 1 drivers
v0xaaaae95a34d0_0 .net "i_b", 31 0, L_0xaaaae95a8470;  alias, 1 drivers
v0xaaaae95a35b0_0 .net "i_carry_in", 0 0, L_0xaaaae95b8f30;  1 drivers
v0xaaaae95a3670_0 .net "o_c", 31 0, L_0xaaaae95a87a0;  alias, 1 drivers
v0xaaaae95a3750_0 .net "o_carry_out", 0 0, L_0xaaaae95a86b0;  alias, 1 drivers
L_0xaaaae95a86b0 .part L_0xaaaae95b8df0, 32, 1;
L_0xaaaae95a87a0 .part L_0xaaaae95b8df0, 0, 32;
L_0xaaaae95a8890 .concat [ 32 1 0 0], v0xaaaae95a7d10_0, L_0xffff8d5f6018;
L_0xaaaae95a89a0 .concat [ 32 1 0 0], L_0xaaaae95a8470, L_0xffff8d5f6060;
L_0xaaaae95a8b00 .arith/sum 33, L_0xaaaae95a8890, L_0xaaaae95a89a0;
L_0xaaaae95a8cb0 .concat [ 1 32 0 0], L_0xaaaae95b8f30, L_0xffff8d5f60a8;
L_0xaaaae95b8df0 .arith/sum 33, L_0xaaaae95a8b00, L_0xaaaae95a8cb0;
S_0xaaaae95a38b0 .scope module, "mux_b" "mux_2" 4 17, 6 11 0, S_0xaaaae9528040;
 .timescale 0 0;
    .port_info 0 /INPUT 32 "i_in0";
    .port_info 1 /INPUT 32 "i_in1";
    .port_info 2 /INPUT 1 "i_s";
    .port_info 3 /OUTPUT 32 "o_out";
P_0xaaaae95a3a60 .param/l "N" 0 6 11, +C4<00000000000000000000000000100000>;
v0xaaaae95a3b30_0 .net "i_in0", 31 0, v0xaaaae95a7f50_0;  alias, 1 drivers
v0xaaaae95a3c10_0 .net "i_in1", 31 0, L_0xaaaae95a8510;  1 drivers
v0xaaaae95a3cf0_0 .net "i_s", 0 0, L_0xaaaae95a85f0;  1 drivers
v0xaaaae95a3dc0_0 .net "o_out", 31 0, L_0xaaaae95a8470;  alias, 1 drivers
L_0xaaaae95a8470 .functor MUXZ 32, v0xaaaae95a7f50_0, L_0xaaaae95a8510, L_0xaaaae95a85f0, C4<>;
S_0xaaaae95a3f40 .scope module, "mux_result" "mux_4" 4 32, 7 15 0, S_0xaaaae9528040;
 .timescale 0 0;
    .port_info 0 /INPUT 32 "i_in0";
    .port_info 1 /INPUT 32 "i_in1";
    .port_info 2 /INPUT 32 "i_in2";
    .port_info 3 /INPUT 32 "i_in3";
    .port_info 4 /INPUT 2 "i_s";
    .port_info 5 /OUTPUT 32 "o_out";
P_0xaaaae95a4120 .param/l "N" 0 7 15, +C4<00000000000000000000000000100000>;
v0xaaaae95a58c0_0 .net "i_in0", 31 0, L_0xaaaae95a87a0;  alias, 1 drivers
v0xaaaae95a59a0_0 .net "i_in1", 31 0, L_0xaaaae95a87a0;  alias, 1 drivers
v0xaaaae95a5a60_0 .net "i_in2", 31 0, L_0xaaaae95a8ba0;  alias, 1 drivers
v0xaaaae95a5b30_0 .net "i_in3", 31 0, L_0xaaaae95b9140;  alias, 1 drivers
v0xaaaae95a5c00_0 .net "i_s", 1 0, v0xaaaae95a7e40_0;  alias, 1 drivers
v0xaaaae95a5cc0_0 .net "l_high", 31 0, L_0xaaaae95b92f0;  1 drivers
v0xaaaae95a5dd0_0 .net "l_low", 31 0, L_0xaaaae95b91b0;  1 drivers
v0xaaaae95a5ee0_0 .net "o_out", 31 0, L_0xaaaae95b94c0;  alias, 1 drivers
L_0xaaaae95b9250 .part v0xaaaae95a7e40_0, 0, 1;
L_0xaaaae95b9420 .part v0xaaaae95a7e40_0, 0, 1;
L_0xaaaae95b9710 .part v0xaaaae95a7e40_0, 1, 1;
S_0xaaaae95a4290 .scope module, "mux_final" "mux_2" 7 33, 6 11 0, S_0xaaaae95a3f40;
 .timescale 0 0;
    .port_info 0 /INPUT 32 "i_in0";
    .port_info 1 /INPUT 32 "i_in1";
    .port_info 2 /INPUT 1 "i_s";
    .port_info 3 /OUTPUT 32 "o_out";
P_0xaaaae95a4470 .param/l "N" 0 6 11, +C4<00000000000000000000000000100000>;
v0xaaaae95a45e0_0 .net "i_in0", 31 0, L_0xaaaae95b91b0;  alias, 1 drivers
v0xaaaae95a46e0_0 .net "i_in1", 31 0, L_0xaaaae95b92f0;  alias, 1 drivers
v0xaaaae95a47c0_0 .net "i_s", 0 0, L_0xaaaae95b9710;  1 drivers
v0xaaaae95a4890_0 .net "o_out", 31 0, L_0xaaaae95b94c0;  alias, 1 drivers
L_0xaaaae95b94c0 .functor MUXZ 32, L_0xaaaae95b91b0, L_0xaaaae95b92f0, L_0xaaaae95b9710, C4<>;
S_0xaaaae95a4a20 .scope module, "mux_high" "mux_2" 7 28, 6 11 0, S_0xaaaae95a3f40;
 .timescale 0 0;
    .port_info 0 /INPUT 32 "i_in0";
    .port_info 1 /INPUT 32 "i_in1";
    .port_info 2 /INPUT 1 "i_s";
    .port_info 3 /OUTPUT 32 "o_out";
P_0xaaaae95a4c20 .param/l "N" 0 6 11, +C4<00000000000000000000000000100000>;
v0xaaaae95a4d60_0 .net "i_in0", 31 0, L_0xaaaae95a8ba0;  alias, 1 drivers
v0xaaaae95a4e40_0 .net "i_in1", 31 0, L_0xaaaae95b9140;  alias, 1 drivers
v0xaaaae95a4f20_0 .net "i_s", 0 0, L_0xaaaae95b9420;  1 drivers
v0xaaaae95a4ff0_0 .net "o_out", 31 0, L_0xaaaae95b92f0;  alias, 1 drivers
L_0xaaaae95b92f0 .functor MUXZ 32, L_0xaaaae95a8ba0, L_0xaaaae95b9140, L_0xaaaae95b9420, C4<>;
S_0xaaaae95a5170 .scope module, "mux_low" "mux_2" 7 23, 6 11 0, S_0xaaaae95a3f40;
 .timescale 0 0;
    .port_info 0 /INPUT 32 "i_in0";
    .port_info 1 /INPUT 32 "i_in1";
    .port_info 2 /INPUT 1 "i_s";
    .port_info 3 /OUTPUT 32 "o_out";
P_0xaaaae95a5350 .param/l "N" 0 6 11, +C4<00000000000000000000000000100000>;
v0xaaaae95a54c0_0 .net "i_in0", 31 0, L_0xaaaae95a87a0;  alias, 1 drivers
v0xaaaae95a55b0_0 .net "i_in1", 31 0, L_0xaaaae95a87a0;  alias, 1 drivers
v0xaaaae95a56a0_0 .net "i_s", 0 0, L_0xaaaae95b9250;  1 drivers
v0xaaaae95a5740_0 .net "o_out", 31 0, L_0xaaaae95b91b0;  alias, 1 drivers
L_0xaaaae95b91b0 .functor MUXZ 32, L_0xaaaae95a87a0, L_0xaaaae95a87a0, L_0xaaaae95b9250, C4<>;
S_0xaaaae95a6040 .scope module, "ov_xor" "xor_3" 4 44, 8 1 0, S_0xaaaae9528040;
 .timescale 0 0;
    .port_info 0 /INPUT 1 "i_in0";
    .port_info 1 /INPUT 1 "i_in1";
    .port_info 2 /INPUT 1 "i_in2";
    .port_info 3 /OUTPUT 1 "o_res";
L_0xaaaae95b9ed0 .functor XOR 1, L_0xaaaae95ba050, L_0xaaaae95ba190, C4<0>, C4<0>;
L_0xaaaae95b9f40 .functor XOR 1, L_0xaaaae95b9ed0, L_0xaaaae95ba280, C4<0>, C4<0>;
v0xaaaae95a6290_0 .net "i_in0", 0 0, L_0xaaaae95ba050;  1 drivers
v0xaaaae95a6370_0 .net "i_in1", 0 0, L_0xaaaae95ba190;  1 drivers
v0xaaaae95a6430_0 .net "i_in2", 0 0, L_0xaaaae95ba280;  1 drivers
v0xaaaae95a64d0_0 .net "l_res1", 0 0, L_0xaaaae95b9ed0;  1 drivers
v0xaaaae95a6590_0 .net "o_res", 0 0, L_0xaaaae95b9f40;  alias, 1 drivers
S_0xaaaae9527eb0 .scope module, "decoder" "decoder" 9 7;
 .timescale 0 0;
    .port_info 0 /INPUT 4 "i_binary_number";
    .port_info 1 /OUTPUT 7 "o_display";
o0xffff8d63ff48 .functor BUFZ 4, C4<zzzz>; HiZ drive
v0xaaaae95a8230_0 .net "i_binary_number", 3 0, o0xffff8d63ff48;  0 drivers
v0xaaaae95a8330_0 .var "o_display", 6 0;
E_0xaaaae9573910 .event edge, v0xaaaae95a8230_0;
    .scope S_0xaaaae955eec0;
T_0 ;
    %vpi_call/w 3 10 "$dumpfile", "dump_alu_nzcv.vcd" {0 0 0};
    %vpi_call/w 3 11 "$dumpvars" {0 0 0};
    %pushi/vec4 0, 0, 32;
    %store/vec4 v0xaaaae95a7d10_0, 0, 32;
    %pushi/vec4 0, 0, 32;
    %store/vec4 v0xaaaae95a7f50_0, 0, 32;
    %pushi/vec4 0, 0, 2;
    %store/vec4 v0xaaaae95a7e40_0, 0, 2;
    %delay 10, 0;
    %load/vec4 v0xaaaae95a8100_0;
    %cmpi/e 0, 0, 32;
    %jmp/0xz  T_0.0, 6;
    %jmp T_0.1;
T_0.0 ;
    %vpi_call/w 3 17 "$error" {0 0 0};
T_0.1 ;
    %load/vec4 v0xaaaae95a8040_0;
    %cmpi/e 4, 0, 4;
    %jmp/0xz  T_0.2, 6;
    %jmp T_0.3;
T_0.2 ;
    %vpi_call/w 3 18 "$error" {0 0 0};
T_0.3 ;
    %pushi/vec4 0, 0, 32;
    %store/vec4 v0xaaaae95a7d10_0, 0, 32;
    %pushi/vec4 4294967295, 0, 32;
    %store/vec4 v0xaaaae95a7f50_0, 0, 32;
    %pushi/vec4 0, 0, 2;
    %store/vec4 v0xaaaae95a7e40_0, 0, 2;
    %delay 10, 0;
    %load/vec4 v0xaaaae95a8100_0;
    %cmpi/e 4294967295, 0, 32;
    %jmp/0xz  T_0.4, 6;
    %jmp T_0.5;
T_0.4 ;
    %vpi_call/w 3 24 "$error" {0 0 0};
T_0.5 ;
    %load/vec4 v0xaaaae95a8040_0;
    %cmpi/e 8, 0, 4;
    %jmp/0xz  T_0.6, 6;
    %jmp T_0.7;
T_0.6 ;
    %vpi_call/w 3 25 "$error" {0 0 0};
T_0.7 ;
    %pushi/vec4 1, 0, 32;
    %store/vec4 v0xaaaae95a7d10_0, 0, 32;
    %pushi/vec4 4294967295, 0, 32;
    %store/vec4 v0xaaaae95a7f50_0, 0, 32;
    %pushi/vec4 0, 0, 2;
    %store/vec4 v0xaaaae95a7e40_0, 0, 2;
    %delay 10, 0;
    %load/vec4 v0xaaaae95a8100_0;
    %cmpi/e 0, 0, 32;
    %jmp/0xz  T_0.8, 6;
    %jmp T_0.9;
T_0.8 ;
    %vpi_call/w 3 31 "$error" {0 0 0};
T_0.9 ;
    %load/vec4 v0xaaaae95a8040_0;
    %cmpi/e 6, 0, 4;
    %jmp/0xz  T_0.10, 6;
    %jmp T_0.11;
T_0.10 ;
    %vpi_call/w 3 32 "$error" {0 0 0};
T_0.11 ;
    %pushi/vec4 65535, 0, 32;
    %store/vec4 v0xaaaae95a7d10_0, 0, 32;
    %pushi/vec4 1, 0, 32;
    %store/vec4 v0xaaaae95a7f50_0, 0, 32;
    %pushi/vec4 0, 0, 2;
    %store/vec4 v0xaaaae95a7e40_0, 0, 2;
    %delay 10, 0;
    %load/vec4 v0xaaaae95a8100_0;
    %cmpi/e 65536, 0, 32;
    %jmp/0xz  T_0.12, 6;
    %jmp T_0.13;
T_0.12 ;
    %vpi_call/w 3 38 "$error" {0 0 0};
T_0.13 ;
    %load/vec4 v0xaaaae95a8040_0;
    %cmpi/e 0, 0, 4;
    %jmp/0xz  T_0.14, 6;
    %jmp T_0.15;
T_0.14 ;
    %vpi_call/w 3 39 "$error" {0 0 0};
T_0.15 ;
    %pushi/vec4 0, 0, 32;
    %store/vec4 v0xaaaae95a7d10_0, 0, 32;
    %pushi/vec4 0, 0, 32;
    %store/vec4 v0xaaaae95a7f50_0, 0, 32;
    %pushi/vec4 1, 0, 2;
    %store/vec4 v0xaaaae95a7e40_0, 0, 2;
    %delay 10, 0;
    %load/vec4 v0xaaaae95a8100_0;
    %cmpi/e 0, 0, 32;
    %jmp/0xz  T_0.16, 6;
    %jmp T_0.17;
T_0.16 ;
    %vpi_call/w 3 45 "$error" {0 0 0};
T_0.17 ;
    %load/vec4 v0xaaaae95a8040_0;
    %cmpi/e 6, 0, 4;
    %jmp/0xz  T_0.18, 6;
    %jmp T_0.19;
T_0.18 ;
    %vpi_call/w 3 46 "$error" {0 0 0};
T_0.19 ;
    %pushi/vec4 65536, 0, 32;
    %store/vec4 v0xaaaae95a7d10_0, 0, 32;
    %pushi/vec4 1, 0, 32;
    %store/vec4 v0xaaaae95a7f50_0, 0, 32;
    %pushi/vec4 1, 0, 2;
    %store/vec4 v0xaaaae95a7e40_0, 0, 2;
    %delay 10, 0;
    %load/vec4 v0xaaaae95a8100_0;
    %cmpi/e 65535, 0, 32;
    %jmp/0xz  T_0.20, 6;
    %jmp T_0.21;
T_0.20 ;
    %vpi_call/w 3 52 "$error" {0 0 0};
T_0.21 ;
    %load/vec4 v0xaaaae95a8040_0;
    %cmpi/e 2, 0, 4;
    %jmp/0xz  T_0.22, 6;
    %jmp T_0.23;
T_0.22 ;
    %vpi_call/w 3 53 "$error" {0 0 0};
T_0.23 ;
    %pushi/vec4 4294967295, 0, 32;
    %store/vec4 v0xaaaae95a7d10_0, 0, 32;
    %pushi/vec4 4294967295, 0, 32;
    %store/vec4 v0xaaaae95a7f50_0, 0, 32;
    %pushi/vec4 2, 0, 2;
    %store/vec4 v0xaaaae95a7e40_0, 0, 2;
    %delay 10, 0;
    %load/vec4 v0xaaaae95a8100_0;
    %cmpi/e 4294967295, 0, 32;
    %jmp/0xz  T_0.24, 6;
    %jmp T_0.25;
T_0.24 ;
    %vpi_call/w 3 59 "$error" {0 0 0};
T_0.25 ;
    %load/vec4 v0xaaaae95a8040_0;
    %cmpi/e 8, 0, 4;
    %jmp/0xz  T_0.26, 6;
    %jmp T_0.27;
T_0.26 ;
    %vpi_call/w 3 60 "$error" {0 0 0};
T_0.27 ;
    %pushi/vec4 4294967295, 0, 32;
    %store/vec4 v0xaaaae95a7d10_0, 0, 32;
    %pushi/vec4 2000893047, 0, 32;
    %store/vec4 v0xaaaae95a7f50_0, 0, 32;
    %pushi/vec4 2, 0, 2;
    %store/vec4 v0xaaaae95a7e40_0, 0, 2;
    %delay 10, 0;
    %load/vec4 v0xaaaae95a8100_0;
    %cmpi/e 2000893047, 0, 32;
    %jmp/0xz  T_0.28, 6;
    %jmp T_0.29;
T_0.28 ;
    %vpi_call/w 3 66 "$error" {0 0 0};
T_0.29 ;
    %load/vec4 v0xaaaae95a8040_0;
    %cmpi/e 0, 0, 4;
    %jmp/0xz  T_0.30, 6;
    %jmp T_0.31;
T_0.30 ;
    %vpi_call/w 3 67 "$error" {0 0 0};
T_0.31 ;
    %pushi/vec4 0, 0, 32;
    %store/vec4 v0xaaaae95a7d10_0, 0, 32;
    %pushi/vec4 4294967295, 0, 32;
    %store/vec4 v0xaaaae95a7f50_0, 0, 32;
    %pushi/vec4 2, 0, 2;
    %store/vec4 v0xaaaae95a7e40_0, 0, 2;
    %delay 10, 0;
    %load/vec4 v0xaaaae95a8100_0;
    %cmpi/e 0, 0, 32;
    %jmp/0xz  T_0.32, 6;
    %jmp T_0.33;
T_0.32 ;
    %vpi_call/w 3 73 "$error" {0 0 0};
T_0.33 ;
    %load/vec4 v0xaaaae95a8040_0;
    %cmpi/e 4, 0, 4;
    %jmp/0xz  T_0.34, 6;
    %jmp T_0.35;
T_0.34 ;
    %vpi_call/w 3 74 "$error" {0 0 0};
T_0.35 ;
    %pushi/vec4 0, 0, 32;
    %store/vec4 v0xaaaae95a7d10_0, 0, 32;
    %pushi/vec4 4294967295, 0, 32;
    %store/vec4 v0xaaaae95a7f50_0, 0, 32;
    %pushi/vec4 3, 0, 2;
    %store/vec4 v0xaaaae95a7e40_0, 0, 2;
    %delay 10, 0;
    %load/vec4 v0xaaaae95a8100_0;
    %cmpi/e 4294967295, 0, 32;
    %jmp/0xz  T_0.36, 6;
    %jmp T_0.37;
T_0.36 ;
    %vpi_call/w 3 80 "$error" {0 0 0};
T_0.37 ;
    %load/vec4 v0xaaaae95a8040_0;
    %cmpi/e 8, 0, 4;
    %jmp/0xz  T_0.38, 6;
    %jmp T_0.39;
T_0.38 ;
    %vpi_call/w 3 81 "$error" {0 0 0};
T_0.39 ;
    %vpi_call/w 3 85 "$finish" {0 0 0};
    %end;
    .thread T_0;
    .scope S_0xaaaae9527eb0;
T_1 ;
Ewait_0 .event/or E_0xaaaae9573910, E_0x0;
    %wait Ewait_0;
    %load/vec4 v0xaaaae95a8230_0;
    %dup/vec4;
    %pushi/vec4 0, 0, 4;
    %cmp/u;
    %jmp/1 T_1.0, 6;
    %dup/vec4;
    %pushi/vec4 1, 0, 4;
    %cmp/u;
    %jmp/1 T_1.1, 6;
    %dup/vec4;
    %pushi/vec4 2, 0, 4;
    %cmp/u;
    %jmp/1 T_1.2, 6;
    %dup/vec4;
    %pushi/vec4 3, 0, 4;
    %cmp/u;
    %jmp/1 T_1.3, 6;
    %dup/vec4;
    %pushi/vec4 4, 0, 4;
    %cmp/u;
    %jmp/1 T_1.4, 6;
    %dup/vec4;
    %pushi/vec4 5, 0, 4;
    %cmp/u;
    %jmp/1 T_1.5, 6;
    %dup/vec4;
    %pushi/vec4 6, 0, 4;
    %cmp/u;
    %jmp/1 T_1.6, 6;
    %dup/vec4;
    %pushi/vec4 7, 0, 4;
    %cmp/u;
    %jmp/1 T_1.7, 6;
    %dup/vec4;
    %pushi/vec4 8, 0, 4;
    %cmp/u;
    %jmp/1 T_1.8, 6;
    %dup/vec4;
    %pushi/vec4 9, 0, 4;
    %cmp/u;
    %jmp/1 T_1.9, 6;
    %dup/vec4;
    %pushi/vec4 10, 0, 4;
    %cmp/u;
    %jmp/1 T_1.10, 6;
    %dup/vec4;
    %pushi/vec4 11, 0, 4;
    %cmp/u;
    %jmp/1 T_1.11, 6;
    %dup/vec4;
    %pushi/vec4 12, 0, 4;
    %cmp/u;
    %jmp/1 T_1.12, 6;
    %dup/vec4;
    %pushi/vec4 13, 0, 4;
    %cmp/u;
    %jmp/1 T_1.13, 6;
    %dup/vec4;
    %pushi/vec4 14, 0, 4;
    %cmp/u;
    %jmp/1 T_1.14, 6;
    %dup/vec4;
    %pushi/vec4 15, 0, 4;
    %cmp/u;
    %jmp/1 T_1.15, 6;
    %pushi/vec4 127, 127, 7;
    %store/vec4 v0xaaaae95a8330_0, 0, 7;
    %jmp T_1.17;
T_1.0 ;
    %pushi/vec4 64, 0, 7;
    %store/vec4 v0xaaaae95a8330_0, 0, 7;
    %jmp T_1.17;
T_1.1 ;
    %pushi/vec4 121, 0, 7;
    %store/vec4 v0xaaaae95a8330_0, 0, 7;
    %jmp T_1.17;
T_1.2 ;
    %pushi/vec4 36, 0, 7;
    %store/vec4 v0xaaaae95a8330_0, 0, 7;
    %jmp T_1.17;
T_1.3 ;
    %pushi/vec4 48, 0, 7;
    %store/vec4 v0xaaaae95a8330_0, 0, 7;
    %jmp T_1.17;
T_1.4 ;
    %pushi/vec4 25, 0, 7;
    %store/vec4 v0xaaaae95a8330_0, 0, 7;
    %jmp T_1.17;
T_1.5 ;
    %pushi/vec4 18, 0, 7;
    %store/vec4 v0xaaaae95a8330_0, 0, 7;
    %jmp T_1.17;
T_1.6 ;
    %pushi/vec4 2, 0, 7;
    %store/vec4 v0xaaaae95a8330_0, 0, 7;
    %jmp T_1.17;
T_1.7 ;
    %pushi/vec4 120, 0, 7;
    %store/vec4 v0xaaaae95a8330_0, 0, 7;
    %jmp T_1.17;
T_1.8 ;
    %pushi/vec4 0, 0, 7;
    %store/vec4 v0xaaaae95a8330_0, 0, 7;
    %jmp T_1.17;
T_1.9 ;
    %pushi/vec4 16, 0, 7;
    %store/vec4 v0xaaaae95a8330_0, 0, 7;
    %jmp T_1.17;
T_1.10 ;
    %pushi/vec4 8, 0, 7;
    %store/vec4 v0xaaaae95a8330_0, 0, 7;
    %jmp T_1.17;
T_1.11 ;
    %pushi/vec4 3, 0, 7;
    %store/vec4 v0xaaaae95a8330_0, 0, 7;
    %jmp T_1.17;
T_1.12 ;
    %pushi/vec4 70, 0, 7;
    %store/vec4 v0xaaaae95a8330_0, 0, 7;
    %jmp T_1.17;
T_1.13 ;
    %pushi/vec4 33, 0, 7;
    %store/vec4 v0xaaaae95a8330_0, 0, 7;
    %jmp T_1.17;
T_1.14 ;
    %pushi/vec4 6, 0, 7;
    %store/vec4 v0xaaaae95a8330_0, 0, 7;
    %jmp T_1.17;
T_1.15 ;
    %pushi/vec4 14, 0, 7;
    %store/vec4 v0xaaaae95a8330_0, 0, 7;
    %jmp T_1.17;
T_1.17 ;
    %pop/vec4 1;
    %jmp T_1;
    .thread T_1, $push;
# The file index is used to find the file name in the following table.
:file_names 10;
    "N/A";
    "<interactive>";
    "-";
    "alu_nzcv_tb.sv";
    "alu_nzcv.sv";
    "alu_basic/adder.sv";
    "alu_basic/mux_2.sv";
    "alu_basic/mux_4.sv";
    "xor_3.sv";
    "alu_basic/decoder.sv";
