#! /usr/bin/vvp
:ivl_version "11.0 (stable)";
:ivl_delay_selection "TYPICAL";
:vpi_time_precision + 0;
:vpi_module "/usr/lib/aarch64-linux-gnu/ivl/system.vpi";
:vpi_module "/usr/lib/aarch64-linux-gnu/ivl/vhdl_sys.vpi";
:vpi_module "/usr/lib/aarch64-linux-gnu/ivl/vhdl_textio.vpi";
:vpi_module "/usr/lib/aarch64-linux-gnu/ivl/v2005_math.vpi";
:vpi_module "/usr/lib/aarch64-linux-gnu/ivl/va_math.vpi";
:vpi_module "/usr/lib/aarch64-linux-gnu/ivl/v2009.vpi";
S_0xaaaaf1c0b500 .scope package, "$unit" "$unit" 2 1;
 .timescale 0 0;
S_0xaaaaf1c0b690 .scope module, "xor_3_tb" "xor_3_tb" 3 1;
 .timescale 0 0;
v0xaaaaf1c22b80_0 .var "l_in0", 0 0;
v0xaaaaf1c22c40_0 .var "l_in1", 0 0;
v0xaaaaf1c22d10_0 .var "l_in2", 0 0;
v0xaaaaf1c22e10_0 .net "l_res", 0 0, L_0xaaaaf1c23020;  1 drivers
S_0xaaaaf1c0b820 .scope module, "dut" "xor_3" 3 4, 4 1 0, S_0xaaaaf1c0b690;
 .timescale 0 0;
    .port_info 0 /INPUT 1 "i_in0";
    .port_info 1 /INPUT 1 "i_in1";
    .port_info 2 /INPUT 1 "i_in2";
    .port_info 3 /OUTPUT 1 "o_res";
L_0xaaaaf1c22ee0 .functor XOR 1, v0xaaaaf1c22b80_0, v0xaaaaf1c22c40_0, C4<0>, C4<0>;
L_0xaaaaf1c23020 .functor XOR 1, L_0xaaaaf1c22ee0, v0xaaaaf1c22d10_0, C4<0>, C4<0>;
v0xaaaaf1bd1eb0_0 .net "i_in0", 0 0, v0xaaaaf1c22b80_0;  1 drivers
v0xaaaaf1c227a0_0 .net "i_in1", 0 0, v0xaaaaf1c22c40_0;  1 drivers
v0xaaaaf1c22860_0 .net "i_in2", 0 0, v0xaaaaf1c22d10_0;  1 drivers
v0xaaaaf1c22930_0 .net "l_res1", 0 0, L_0xaaaaf1c22ee0;  1 drivers
v0xaaaaf1c229f0_0 .net "o_res", 0 0, L_0xaaaaf1c23020;  alias, 1 drivers
    .scope S_0xaaaaf1c0b690;
T_0 ;
    %vpi_call/w 3 7 "$dumpfile", "dump_xor_3.vcd" {0 0 0};
    %vpi_call/w 3 8 "$dumpvars" {0 0 0};
    %pushi/vec4 0, 0, 1;
    %store/vec4 v0xaaaaf1c22b80_0, 0, 1;
    %pushi/vec4 0, 0, 1;
    %store/vec4 v0xaaaaf1c22c40_0, 0, 1;
    %pushi/vec4 0, 0, 1;
    %store/vec4 v0xaaaaf1c22d10_0, 0, 1;
    %delay 10, 0;
    %load/vec4 v0xaaaaf1c22e10_0;
    %cmpi/e 0, 0, 1;
    %jmp/0xz  T_0.0, 6;
    %jmp T_0.1;
T_0.0 ;
    %vpi_call/w 3 14 "$error" {0 0 0};
T_0.1 ;
    %pushi/vec4 1, 0, 1;
    %store/vec4 v0xaaaaf1c22b80_0, 0, 1;
    %pushi/vec4 0, 0, 1;
    %store/vec4 v0xaaaaf1c22c40_0, 0, 1;
    %pushi/vec4 0, 0, 1;
    %store/vec4 v0xaaaaf1c22d10_0, 0, 1;
    %delay 10, 0;
    %load/vec4 v0xaaaaf1c22e10_0;
    %cmpi/e 1, 0, 1;
    %jmp/0xz  T_0.2, 6;
    %jmp T_0.3;
T_0.2 ;
    %vpi_call/w 3 20 "$error" {0 0 0};
T_0.3 ;
    %pushi/vec4 0, 0, 1;
    %store/vec4 v0xaaaaf1c22b80_0, 0, 1;
    %pushi/vec4 1, 0, 1;
    %store/vec4 v0xaaaaf1c22c40_0, 0, 1;
    %pushi/vec4 0, 0, 1;
    %store/vec4 v0xaaaaf1c22d10_0, 0, 1;
    %delay 10, 0;
    %load/vec4 v0xaaaaf1c22e10_0;
    %cmpi/e 1, 0, 1;
    %jmp/0xz  T_0.4, 6;
    %jmp T_0.5;
T_0.4 ;
    %vpi_call/w 3 26 "$error" {0 0 0};
T_0.5 ;
    %pushi/vec4 0, 0, 1;
    %store/vec4 v0xaaaaf1c22b80_0, 0, 1;
    %pushi/vec4 0, 0, 1;
    %store/vec4 v0xaaaaf1c22c40_0, 0, 1;
    %pushi/vec4 1, 0, 1;
    %store/vec4 v0xaaaaf1c22d10_0, 0, 1;
    %delay 10, 0;
    %load/vec4 v0xaaaaf1c22e10_0;
    %cmpi/e 1, 0, 1;
    %jmp/0xz  T_0.6, 6;
    %jmp T_0.7;
T_0.6 ;
    %vpi_call/w 3 32 "$error" {0 0 0};
T_0.7 ;
    %pushi/vec4 1, 0, 1;
    %store/vec4 v0xaaaaf1c22b80_0, 0, 1;
    %pushi/vec4 1, 0, 1;
    %store/vec4 v0xaaaaf1c22c40_0, 0, 1;
    %pushi/vec4 0, 0, 1;
    %store/vec4 v0xaaaaf1c22d10_0, 0, 1;
    %delay 10, 0;
    %load/vec4 v0xaaaaf1c22e10_0;
    %cmpi/e 0, 0, 1;
    %jmp/0xz  T_0.8, 6;
    %jmp T_0.9;
T_0.8 ;
    %vpi_call/w 3 38 "$error" {0 0 0};
T_0.9 ;
    %pushi/vec4 0, 0, 1;
    %store/vec4 v0xaaaaf1c22b80_0, 0, 1;
    %pushi/vec4 1, 0, 1;
    %store/vec4 v0xaaaaf1c22c40_0, 0, 1;
    %pushi/vec4 1, 0, 1;
    %store/vec4 v0xaaaaf1c22d10_0, 0, 1;
    %delay 10, 0;
    %load/vec4 v0xaaaaf1c22e10_0;
    %cmpi/e 0, 0, 1;
    %jmp/0xz  T_0.10, 6;
    %jmp T_0.11;
T_0.10 ;
    %vpi_call/w 3 44 "$error" {0 0 0};
T_0.11 ;
    %pushi/vec4 1, 0, 1;
    %store/vec4 v0xaaaaf1c22b80_0, 0, 1;
    %pushi/vec4 0, 0, 1;
    %store/vec4 v0xaaaaf1c22c40_0, 0, 1;
    %pushi/vec4 1, 0, 1;
    %store/vec4 v0xaaaaf1c22d10_0, 0, 1;
    %delay 10, 0;
    %load/vec4 v0xaaaaf1c22e10_0;
    %cmpi/e 0, 0, 1;
    %jmp/0xz  T_0.12, 6;
    %jmp T_0.13;
T_0.12 ;
    %vpi_call/w 3 50 "$error" {0 0 0};
T_0.13 ;
    %pushi/vec4 1, 0, 1;
    %store/vec4 v0xaaaaf1c22b80_0, 0, 1;
    %pushi/vec4 1, 0, 1;
    %store/vec4 v0xaaaaf1c22c40_0, 0, 1;
    %pushi/vec4 1, 0, 1;
    %store/vec4 v0xaaaaf1c22d10_0, 0, 1;
    %delay 10, 0;
    %load/vec4 v0xaaaaf1c22e10_0;
    %cmpi/e 1, 0, 1;
    %jmp/0xz  T_0.14, 6;
    %jmp T_0.15;
T_0.14 ;
    %vpi_call/w 3 56 "$error" {0 0 0};
T_0.15 ;
    %vpi_call/w 3 58 "$finish" {0 0 0};
    %end;
    .thread T_0;
# The file index is used to find the file name in the following table.
:file_names 5;
    "N/A";
    "<interactive>";
    "-";
    "xor_3_tb.sv";
    "xor_3.sv";
