#! /usr/bin/vvp
:ivl_version "11.0 (stable)";
:ivl_delay_selection "TYPICAL";
:vpi_time_precision + 0;
:vpi_module "/usr/lib/aarch64-linux-gnu/ivl/system.vpi";
:vpi_module "/usr/lib/aarch64-linux-gnu/ivl/vhdl_sys.vpi";
:vpi_module "/usr/lib/aarch64-linux-gnu/ivl/vhdl_textio.vpi";
:vpi_module "/usr/lib/aarch64-linux-gnu/ivl/v2005_math.vpi";
:vpi_module "/usr/lib/aarch64-linux-gnu/ivl/va_math.vpi";
:vpi_module "/usr/lib/aarch64-linux-gnu/ivl/v2009.vpi";
S_0xaaab0572ec20 .scope package, "$unit" "$unit" 2 1;
 .timescale 0 0;
S_0xaaab056f61d0 .scope module, "stopwatch_de10_lite" "stopwatch_de10_lite" 3 1;
 .timescale 0 0;
    .port_info 0 /INPUT 1 "MAX10_CLK1_50";
    .port_info 1 /INPUT 10 "SW";
    .port_info 2 /OUTPUT 7 "HEX0";
    .port_info 3 /OUTPUT 7 "HEX2";
    .port_info 4 /OUTPUT 7 "HEX3";
    .port_info 5 /OUTPUT 7 "HEX4";
    .port_info 6 /OUTPUT 7 "HEX5";
    .port_info 7 /OUTPUT 8 "HEX1";
    .port_info 8 /OUTPUT 10 "LEDR";
o0xffffb60d05a8 .functor BUFZ 1, C4<z>; HiZ drive
L_0xaaab05754e30 .functor BUFZ 1, o0xffffb60d05a8, C4<0>, C4<0>, C4<0>;
L_0xaaab05754f60 .functor NOT 1, L_0xaaab05754ec0, C4<0>, C4<0>, C4<0>;
L_0xaaab05765a90 .functor BUFZ 1, v0xaaab0572e2e0_0, C4<0>, C4<0>, C4<0>;
L_0xaaab05765b30 .functor BUFZ 1, v0xaaab0574b980_0, C4<0>, C4<0>, C4<0>;
L_0xaaab05765c90 .functor BUFZ 1, v0xaaab0574ad00_0, C4<0>, C4<0>, C4<0>;
L_0xaaab05765dc0 .functor BUFZ 1, v0xaaab0574b2d0_0, C4<0>, C4<0>, C4<0>;
L_0xaaab05765f30 .functor BUFZ 1, v0xaaab0572d020_0, C4<0>, C4<0>, C4<0>;
v0xaaab05752590_0 .net "HEX0", 6 0, v0xaaab05751020_0;  1 drivers
v0xaaab05752680_0 .net "HEX1", 7 0, L_0xaaab057655f0;  1 drivers
v0xaaab05752740_0 .net "HEX2", 6 0, v0xaaab05751ad0_0;  1 drivers
v0xaaab05752840_0 .net "HEX3", 6 0, L_0xaaab05766130;  1 drivers
v0xaaab05752900_0 .net "HEX4", 6 0, v0xaaab05751fa0_0;  1 drivers
v0xaaab05752a10_0 .net "HEX5", 6 0, v0xaaab05751600_0;  1 drivers
v0xaaab05752ae0_0 .net "LEDR", 9 0, L_0xaaab05766200;  1 drivers
v0xaaab05752ba0_0 .net "MAX10_CLK1_50", 0 0, o0xffffb60d05a8;  0 drivers
o0xffffb60d05d8 .functor BUFZ 10, C4<zzzzzzzzzz>; HiZ drive
v0xaaab05752c60_0 .net "SW", 9 0, o0xffffb60d05d8;  0 drivers
L_0xffffb6086210 .functor BUFT 1, C4<1>, C4<0>, C4<0>, C4<0>;
v0xaaab05752d40_0 .net/2u *"_ivl_25", 0 0, L_0xffffb6086210;  1 drivers
v0xaaab05752e20_0 .net *"_ivl_3", 0 0, L_0xaaab05754ec0;  1 drivers
v0xaaab05752f00_0 .net *"_ivl_36", 0 0, L_0xaaab05765a90;  1 drivers
v0xaaab05752fe0_0 .net *"_ivl_40", 0 0, L_0xaaab05765b30;  1 drivers
v0xaaab057530c0_0 .net *"_ivl_44", 0 0, L_0xaaab05765c90;  1 drivers
v0xaaab057531a0_0 .net *"_ivl_48", 0 0, L_0xaaab05765dc0;  1 drivers
v0xaaab05753280_0 .net *"_ivl_52", 0 0, L_0xaaab05765f30;  1 drivers
L_0xffffb6086330 .functor BUFT 1, C4<11111>, C4<0>, C4<0>, C4<0>;
v0xaaab05753360_0 .net/2u *"_ivl_53", 4 0, L_0xffffb6086330;  1 drivers
v0xaaab05753550_0 .net *"_ivl_55", 5 0, L_0xaaab05766060;  1 drivers
L_0xffffb6086378 .functor BUFT 1, C4<0>, C4<0>, C4<0>, C4<0>;
v0xaaab05753630_0 .net *"_ivl_60", 0 0, L_0xffffb6086378;  1 drivers
o0xffffb60d07e8 .functor BUFZ 5, C4<zzzzz>; HiZ drive
; Elide local net with no drivers, v0xaaab05753710_0 name=_ivl_63
v0xaaab057537f0_0 .net "l_clk_50mhz", 0 0, L_0xaaab05754e30;  1 drivers
v0xaaab05753890_0 .net "l_clk_m_1", 0 0, v0xaaab0574b2d0_0;  1 drivers
v0xaaab05753930_0 .net "l_clk_m_10", 0 0, v0xaaab0572d020_0;  1 drivers
v0xaaab05753a20_0 .net "l_clk_s_01", 0 0, v0xaaab0572e2e0_0;  1 drivers
v0xaaab05753b10_0 .net "l_clk_s_1", 0 0, v0xaaab0574b980_0;  1 drivers
v0xaaab05753c00_0 .net "l_clk_s_10", 0 0, v0xaaab0574ad00_0;  1 drivers
v0xaaab05753cf0_0 .net "l_count_m_1", 3 0, L_0xaaab05765830;  1 drivers
v0xaaab05753e00_0 .net "l_count_m_10", 3 0, L_0xaaab057659a0;  1 drivers
v0xaaab05753f10_0 .net "l_count_s_01", 3 0, L_0xaaab05765460;  1 drivers
v0xaaab05754020_0 .net "l_count_s_1", 3 0, L_0xaaab05765560;  1 drivers
v0xaaab05754130_0 .net "l_count_s_10", 3 0, L_0xaaab05765750;  1 drivers
L_0xffffb60860f0 .functor BUFT 1, C4<1011001011010000010111100000000>, C4<0>, C4<0>, C4<0>;
v0xaaab05754240_0 .net "l_mod_m_1", 30 0, L_0xffffb60860f0;  1 drivers
L_0xffffb6086138 .functor BUFT 1, C4<1101111110000100011101011000000000>, C4<0>, C4<0>, C4<0>;
v0xaaab05754300_0 .net "l_mod_m_10", 33 0, L_0xffffb6086138;  1 drivers
L_0xffffb6086018 .functor BUFT 1, C4<1001100010010110100000>, C4<0>, C4<0>, C4<0>;
v0xaaab057545b0_0 .net "l_mod_s_01", 21 0, L_0xffffb6086018;  1 drivers
L_0xffffb6086060 .functor BUFT 1, C4<1011111010111100001000000>, C4<0>, C4<0>, C4<0>;
v0xaaab05754650_0 .net "l_mod_s_1", 24 0, L_0xffffb6086060;  1 drivers
L_0xffffb60860a8 .functor BUFT 1, C4<1110111001101011001010000000>, C4<0>, C4<0>, C4<0>;
v0xaaab057546f0_0 .net "l_mod_s_10", 27 0, L_0xffffb60860a8;  1 drivers
v0xaaab05754790_0 .net "l_reset", 0 0, L_0xaaab05754f60;  1 drivers
v0xaaab05754830_0 .net "l_ro_m_1", 0 0, v0xaaab05750380_0;  1 drivers
v0xaaab05754920_0 .net "l_ro_m_10", 0 0, v0xaaab0574f3c0_0;  1 drivers
v0xaaab05754a10_0 .net "l_ro_s_01", 0 0, v0xaaab0574ebe0_0;  1 drivers
v0xaaab05754b00_0 .net "l_ro_s_1", 0 0, v0xaaab05750b50_0;  1 drivers
v0xaaab05754bf0_0 .net "l_ro_s_10", 0 0, v0xaaab0574fbb0_0;  1 drivers
L_0xaaab05754ec0 .part o0xffffb60d05d8, 0, 1;
L_0xaaab057655f0 .concat8 [ 7 1 0 0], v0xaaab05752470_0, L_0xffffb6086210;
L_0xaaab05766060 .concat [ 5 1 0 0], L_0xffffb6086330, v0xaaab0574b980_0;
L_0xaaab05766130 .concat [ 6 1 0 0], L_0xaaab05766060, L_0xffffb6086378;
LS_0xaaab05766200_0_0 .concat [ 5 1 1 1], o0xffffb60d07e8, L_0xaaab05765a90, L_0xaaab05765b30, L_0xaaab05765c90;
LS_0xaaab05766200_0_4 .concat [ 1 1 0 0], L_0xaaab05765dc0, L_0xaaab05765f30;
L_0xaaab05766200 .concat [ 8 2 0 0], LS_0xaaab05766200_0_0, LS_0xaaab05766200_0_4;
S_0xaaab0571c870 .scope module, "clock_01s" "clock" 3 55, 4 10 0, S_0xaaab056f61d0;
 .timescale 0 0;
    .port_info 0 /INPUT 1 "i_roll_over";
    .port_info 1 /INPUT 1 "i_reset";
    .port_info 2 /OUTPUT 1 "o_clk";
v0xaaab057289b0_0 .net "i_reset", 0 0, L_0xaaab05754f60;  alias, 1 drivers
v0xaaab056f5fb0_0 .net "i_roll_over", 0 0, v0xaaab0574ebe0_0;  alias, 1 drivers
v0xaaab0572e2e0_0 .var "m_clk", 0 0;
v0xaaab0572de20_0 .net "o_clk", 0 0, v0xaaab0572e2e0_0;  alias, 1 drivers
E_0xaaab056bc8a0 .event posedge, v0xaaab057289b0_0, v0xaaab056f5fb0_0;
S_0xaaab0574a600 .scope module, "clock_10m" "clock" 3 117, 4 10 0, S_0xaaab056f61d0;
 .timescale 0 0;
    .port_info 0 /INPUT 1 "i_roll_over";
    .port_info 1 /INPUT 1 "i_reset";
    .port_info 2 /OUTPUT 1 "o_clk";
v0xaaab0572d960_0 .net "i_reset", 0 0, L_0xaaab05754f60;  alias, 1 drivers
v0xaaab0572d4a0_0 .net "i_roll_over", 0 0, v0xaaab0574f3c0_0;  alias, 1 drivers
v0xaaab0572d020_0 .var "m_clk", 0 0;
v0xaaab0574a7f0_0 .net "o_clk", 0 0, v0xaaab0572d020_0;  alias, 1 drivers
E_0xaaab056bc770 .event posedge, v0xaaab057289b0_0, v0xaaab0572d4a0_0;
S_0xaaab0574a930 .scope module, "clock_10s" "clock" 3 87, 4 10 0, S_0xaaab056f61d0;
 .timescale 0 0;
    .port_info 0 /INPUT 1 "i_roll_over";
    .port_info 1 /INPUT 1 "i_reset";
    .port_info 2 /OUTPUT 1 "o_clk";
v0xaaab0574ab30_0 .net "i_reset", 0 0, L_0xaaab05754f60;  alias, 1 drivers
v0xaaab0574ac40_0 .net "i_roll_over", 0 0, v0xaaab0574fbb0_0;  alias, 1 drivers
v0xaaab0574ad00_0 .var "m_clk", 0 0;
v0xaaab0574ada0_0 .net "o_clk", 0 0, v0xaaab0574ad00_0;  alias, 1 drivers
E_0xaaab056bc4e0 .event posedge, v0xaaab057289b0_0, v0xaaab0574ac40_0;
S_0xaaab0574aee0 .scope module, "clock_1m" "clock" 3 102, 4 10 0, S_0xaaab056f61d0;
 .timescale 0 0;
    .port_info 0 /INPUT 1 "i_roll_over";
    .port_info 1 /INPUT 1 "i_reset";
    .port_info 2 /OUTPUT 1 "o_clk";
v0xaaab0574b150_0 .net "i_reset", 0 0, L_0xaaab05754f60;  alias, 1 drivers
v0xaaab0574b210_0 .net "i_roll_over", 0 0, v0xaaab05750380_0;  alias, 1 drivers
v0xaaab0574b2d0_0 .var "m_clk", 0 0;
v0xaaab0574b370_0 .net "o_clk", 0 0, v0xaaab0574b2d0_0;  alias, 1 drivers
E_0xaaab056f4ba0 .event posedge, v0xaaab057289b0_0, v0xaaab0574b210_0;
S_0xaaab0574b4b0 .scope module, "clock_1s" "clock" 3 72, 4 10 0, S_0xaaab056f61d0;
 .timescale 0 0;
    .port_info 0 /INPUT 1 "i_roll_over";
    .port_info 1 /INPUT 1 "i_reset";
    .port_info 2 /OUTPUT 1 "o_clk";
v0xaaab0574b770_0 .net "i_reset", 0 0, L_0xaaab05754f60;  alias, 1 drivers
v0xaaab0574b8c0_0 .net "i_roll_over", 0 0, v0xaaab05750b50_0;  alias, 1 drivers
v0xaaab0574b980_0 .var "m_clk", 0 0;
v0xaaab0574ba20_0 .net "o_clk", 0 0, v0xaaab0574b980_0;  alias, 1 drivers
E_0xaaab056f4a40 .event posedge, v0xaaab057289b0_0, v0xaaab0574b8c0_0;
S_0xaaab0574bb60 .scope module, "counter_dec_01s" "counter_mod_k_count" 3 59, 5 9 0, S_0xaaab056f61d0;
 .timescale 0 0;
    .port_info 0 /INPUT 1 "i_clk";
    .port_info 1 /INPUT 1 "i_reset";
    .port_info 2 /INPUT 4 "i_k";
    .port_info 3 /OUTPUT 4 "o_count";
P_0xaaab0574bcf0 .param/l "N" 0 5 9, +C4<00000000000000000000000000000100>;
L_0xaaab05765460 .functor BUFZ 4, v0xaaab0574c120_0, C4<0000>, C4<0000>, C4<0000>;
v0xaaab0574bea0_0 .net "i_clk", 0 0, v0xaaab0572e2e0_0;  alias, 1 drivers
L_0xffffb6086180 .functor BUFT 1, C4<1010>, C4<0>, C4<0>, C4<0>;
v0xaaab0574bf90_0 .net "i_k", 3 0, L_0xffffb6086180;  1 drivers
v0xaaab0574c050_0 .net "i_reset", 0 0, L_0xaaab05754f60;  alias, 1 drivers
v0xaaab0574c120_0 .var "m_count", 3 0;
v0xaaab0574c1e0_0 .net "o_count", 3 0, L_0xaaab05765460;  alias, 1 drivers
E_0xaaab056dfd50 .event posedge, v0xaaab057289b0_0, v0xaaab0572de20_0;
S_0xaaab0574c390 .scope module, "counter_dec_10m" "counter_mod_k_count" 3 121, 5 9 0, S_0xaaab056f61d0;
 .timescale 0 0;
    .port_info 0 /INPUT 1 "i_clk";
    .port_info 1 /INPUT 1 "i_reset";
    .port_info 2 /INPUT 4 "i_k";
    .port_info 3 /OUTPUT 4 "o_count";
P_0xaaab0574c570 .param/l "N" 0 5 9, +C4<00000000000000000000000000000100>;
L_0xaaab057659a0 .functor BUFZ 4, v0xaaab0574c940_0, C4<0000>, C4<0000>, C4<0000>;
v0xaaab0574c6c0_0 .net "i_clk", 0 0, v0xaaab0572d020_0;  alias, 1 drivers
L_0xffffb60862e8 .functor BUFT 1, C4<1010>, C4<0>, C4<0>, C4<0>;
v0xaaab0574c7b0_0 .net "i_k", 3 0, L_0xffffb60862e8;  1 drivers
v0xaaab0574c870_0 .net "i_reset", 0 0, L_0xaaab05754f60;  alias, 1 drivers
v0xaaab0574c940_0 .var "m_count", 3 0;
v0xaaab0574ca00_0 .net "o_count", 3 0, L_0xaaab057659a0;  alias, 1 drivers
E_0xaaab0574c640 .event posedge, v0xaaab057289b0_0, v0xaaab0574a7f0_0;
S_0xaaab0574cbb0 .scope module, "counter_dec_10s" "counter_mod_k_count" 3 91, 5 9 0, S_0xaaab056f61d0;
 .timescale 0 0;
    .port_info 0 /INPUT 1 "i_clk";
    .port_info 1 /INPUT 1 "i_reset";
    .port_info 2 /INPUT 4 "i_k";
    .port_info 3 /OUTPUT 4 "o_count";
P_0xaaab0574cd90 .param/l "N" 0 5 9, +C4<00000000000000000000000000000100>;
L_0xaaab05765750 .functor BUFZ 4, v0xaaab0574d160_0, C4<0000>, C4<0000>, C4<0000>;
v0xaaab0574cee0_0 .net "i_clk", 0 0, v0xaaab0574ad00_0;  alias, 1 drivers
L_0xffffb6086258 .functor BUFT 1, C4<0110>, C4<0>, C4<0>, C4<0>;
v0xaaab0574cfd0_0 .net "i_k", 3 0, L_0xffffb6086258;  1 drivers
v0xaaab0574d090_0 .net "i_reset", 0 0, L_0xaaab05754f60;  alias, 1 drivers
v0xaaab0574d160_0 .var "m_count", 3 0;
v0xaaab0574d220_0 .net "o_count", 3 0, L_0xaaab05765750;  alias, 1 drivers
E_0xaaab0574ce60 .event posedge, v0xaaab057289b0_0, v0xaaab0574ada0_0;
S_0xaaab0574d3d0 .scope module, "counter_dec_1m" "counter_mod_k_count" 3 106, 5 9 0, S_0xaaab056f61d0;
 .timescale 0 0;
    .port_info 0 /INPUT 1 "i_clk";
    .port_info 1 /INPUT 1 "i_reset";
    .port_info 2 /INPUT 4 "i_k";
    .port_info 3 /OUTPUT 4 "o_count";
P_0xaaab0574b690 .param/l "N" 0 5 9, +C4<00000000000000000000000000000100>;
L_0xaaab05765830 .functor BUFZ 4, v0xaaab0574dad0_0, C4<0000>, C4<0000>, C4<0000>;
v0xaaab0574d740_0 .net "i_clk", 0 0, v0xaaab0574b2d0_0;  alias, 1 drivers
L_0xffffb60862a0 .functor BUFT 1, C4<1010>, C4<0>, C4<0>, C4<0>;
v0xaaab0574d830_0 .net "i_k", 3 0, L_0xffffb60862a0;  1 drivers
v0xaaab0574d8f0_0 .net "i_reset", 0 0, L_0xaaab05754f60;  alias, 1 drivers
v0xaaab0574dad0_0 .var "m_count", 3 0;
v0xaaab0574db90_0 .net "o_count", 3 0, L_0xaaab05765830;  alias, 1 drivers
E_0xaaab0574d6c0 .event posedge, v0xaaab057289b0_0, v0xaaab0574b370_0;
S_0xaaab0574dd40 .scope module, "counter_dec_1s" "counter_mod_k_count" 3 76, 5 9 0, S_0xaaab056f61d0;
 .timescale 0 0;
    .port_info 0 /INPUT 1 "i_clk";
    .port_info 1 /INPUT 1 "i_reset";
    .port_info 2 /INPUT 4 "i_k";
    .port_info 3 /OUTPUT 4 "o_count";
P_0xaaab0574df20 .param/l "N" 0 5 9, +C4<00000000000000000000000000000100>;
L_0xaaab05765560 .functor BUFZ 4, v0xaaab0574e2f0_0, C4<0000>, C4<0000>, C4<0000>;
v0xaaab0574e070_0 .net "i_clk", 0 0, v0xaaab0574b980_0;  alias, 1 drivers
L_0xffffb60861c8 .functor BUFT 1, C4<1010>, C4<0>, C4<0>, C4<0>;
v0xaaab0574e160_0 .net "i_k", 3 0, L_0xffffb60861c8;  1 drivers
v0xaaab0574e220_0 .net "i_reset", 0 0, L_0xaaab05754f60;  alias, 1 drivers
v0xaaab0574e2f0_0 .var "m_count", 3 0;
v0xaaab0574e3b0_0 .net "o_count", 3 0, L_0xaaab05765560;  alias, 1 drivers
E_0xaaab0574dff0 .event posedge, v0xaaab057289b0_0, v0xaaab0574ba20_0;
S_0xaaab0574e560 .scope module, "counter_over_01s" "counter_mod_k_ro" 3 50, 6 16 0, S_0xaaab056f61d0;
 .timescale 0 0;
    .port_info 0 /INPUT 1 "i_clk";
    .port_info 1 /INPUT 1 "i_reset";
    .port_info 2 /INPUT 22 "i_k";
    .port_info 3 /OUTPUT 1 "o_roll_over";
P_0xaaab0574e740 .param/l "N" 0 6 16, +C4<00000000000000000000000000010110>;
v0xaaab0574e890_0 .net "i_clk", 0 0, L_0xaaab05754e30;  alias, 1 drivers
v0xaaab0574e970_0 .net "i_k", 21 0, L_0xffffb6086018;  alias, 1 drivers
v0xaaab0574ea50_0 .net "i_reset", 0 0, L_0xaaab05754f60;  alias, 1 drivers
v0xaaab0574eb20_0 .var "m_count", 21 0;
v0xaaab0574ebe0_0 .var "o_roll_over", 0 0;
E_0xaaab0574e810 .event posedge, v0xaaab057289b0_0, v0xaaab0574e890_0;
S_0xaaab0574ed60 .scope module, "counter_over_10m" "counter_mod_k_ro" 3 112, 6 16 0, S_0xaaab056f61d0;
 .timescale 0 0;
    .port_info 0 /INPUT 1 "i_clk";
    .port_info 1 /INPUT 1 "i_reset";
    .port_info 2 /INPUT 34 "i_k";
    .port_info 3 /OUTPUT 1 "o_roll_over";
P_0xaaab0574ef40 .param/l "N" 0 6 16, +C4<00000000000000000000000000100010>;
v0xaaab0574f080_0 .net "i_clk", 0 0, L_0xaaab05754e30;  alias, 1 drivers
v0xaaab0574f170_0 .net "i_k", 33 0, L_0xffffb6086138;  alias, 1 drivers
v0xaaab0574f230_0 .net "i_reset", 0 0, L_0xaaab05754f60;  alias, 1 drivers
v0xaaab0574f300_0 .var "m_count", 33 0;
v0xaaab0574f3c0_0 .var "o_roll_over", 0 0;
S_0xaaab0574f540 .scope module, "counter_over_10s" "counter_mod_k_ro" 3 82, 6 16 0, S_0xaaab056f61d0;
 .timescale 0 0;
    .port_info 0 /INPUT 1 "i_clk";
    .port_info 1 /INPUT 1 "i_reset";
    .port_info 2 /INPUT 28 "i_k";
    .port_info 3 /OUTPUT 1 "o_roll_over";
P_0xaaab0574f720 .param/l "N" 0 6 16, +C4<00000000000000000000000000011100>;
v0xaaab0574f860_0 .net "i_clk", 0 0, L_0xaaab05754e30;  alias, 1 drivers
v0xaaab0574f970_0 .net "i_k", 27 0, L_0xffffb60860a8;  alias, 1 drivers
v0xaaab0574fa50_0 .net "i_reset", 0 0, L_0xaaab05754f60;  alias, 1 drivers
v0xaaab0574faf0_0 .var "m_count", 27 0;
v0xaaab0574fbb0_0 .var "o_roll_over", 0 0;
S_0xaaab0574fd30 .scope module, "counter_over_1m" "counter_mod_k_ro" 3 97, 6 16 0, S_0xaaab056f61d0;
 .timescale 0 0;
    .port_info 0 /INPUT 1 "i_clk";
    .port_info 1 /INPUT 1 "i_reset";
    .port_info 2 /INPUT 31 "i_k";
    .port_info 3 /OUTPUT 1 "o_roll_over";
P_0xaaab0574ff10 .param/l "N" 0 6 16, +C4<00000000000000000000000000011111>;
v0xaaab05750050_0 .net "i_clk", 0 0, L_0xaaab05754e30;  alias, 1 drivers
v0xaaab05750110_0 .net "i_k", 30 0, L_0xffffb60860f0;  alias, 1 drivers
v0xaaab057501f0_0 .net "i_reset", 0 0, L_0xaaab05754f60;  alias, 1 drivers
v0xaaab057502c0_0 .var "m_count", 30 0;
v0xaaab05750380_0 .var "o_roll_over", 0 0;
S_0xaaab05750500 .scope module, "counter_over_1s" "counter_mod_k_ro" 3 67, 6 16 0, S_0xaaab056f61d0;
 .timescale 0 0;
    .port_info 0 /INPUT 1 "i_clk";
    .port_info 1 /INPUT 1 "i_reset";
    .port_info 2 /INPUT 25 "i_k";
    .port_info 3 /OUTPUT 1 "o_roll_over";
P_0xaaab057506e0 .param/l "N" 0 6 16, +C4<00000000000000000000000000011001>;
v0xaaab05750820_0 .net "i_clk", 0 0, L_0xaaab05754e30;  alias, 1 drivers
v0xaaab057508e0_0 .net "i_k", 24 0, L_0xffffb6086060;  alias, 1 drivers
v0xaaab057509c0_0 .net "i_reset", 0 0, L_0xaaab05754f60;  alias, 1 drivers
v0xaaab05750a90_0 .var "m_count", 24 0;
v0xaaab05750b50_0 .var "o_roll_over", 0 0;
S_0xaaab05750c80 .scope module, "decode_01s" "decoder" 3 61, 7 7 0, S_0xaaab056f61d0;
 .timescale 0 0;
    .port_info 0 /INPUT 4 "i_binary_number";
    .port_info 1 /OUTPUT 7 "o_display";
v0xaaab05750f40_0 .net "i_binary_number", 3 0, L_0xaaab05765460;  alias, 1 drivers
v0xaaab05751020_0 .var "o_display", 6 0;
E_0xaaab05750ec0 .event edge, v0xaaab0574c1e0_0;
S_0xaaab05751140 .scope module, "decode_10m" "decoder" 3 123, 7 7 0, S_0xaaab056f61d0;
 .timescale 0 0;
    .port_info 0 /INPUT 4 "i_binary_number";
    .port_info 1 /OUTPUT 7 "o_display";
v0xaaab057514f0_0 .net "i_binary_number", 3 0, L_0xaaab057659a0;  alias, 1 drivers
v0xaaab05751600_0 .var "o_display", 6 0;
E_0xaaab05751470 .event edge, v0xaaab0574ca00_0;
S_0xaaab05751720 .scope module, "decode_10s" "decoder" 3 93, 7 7 0, S_0xaaab056f61d0;
 .timescale 0 0;
    .port_info 0 /INPUT 4 "i_binary_number";
    .port_info 1 /OUTPUT 7 "o_display";
v0xaaab057519c0_0 .net "i_binary_number", 3 0, L_0xaaab05765750;  alias, 1 drivers
v0xaaab05751ad0_0 .var "o_display", 6 0;
E_0xaaab05751940 .event edge, v0xaaab0574d220_0;
S_0xaaab05751bf0 .scope module, "decode_1m" "decoder" 3 108, 7 7 0, S_0xaaab056f61d0;
 .timescale 0 0;
    .port_info 0 /INPUT 4 "i_binary_number";
    .port_info 1 /OUTPUT 7 "o_display";
v0xaaab05751e90_0 .net "i_binary_number", 3 0, L_0xaaab05765830;  alias, 1 drivers
v0xaaab05751fa0_0 .var "o_display", 6 0;
E_0xaaab05751e10 .event edge, v0xaaab0574db90_0;
S_0xaaab057520c0 .scope module, "decode_1s" "decoder" 3 78, 7 7 0, S_0xaaab056f61d0;
 .timescale 0 0;
    .port_info 0 /INPUT 4 "i_binary_number";
    .port_info 1 /OUTPUT 7 "o_display";
v0xaaab05752360_0 .net "i_binary_number", 3 0, L_0xaaab05765560;  alias, 1 drivers
v0xaaab05752470_0 .var "o_display", 6 0;
E_0xaaab057522e0 .event edge, v0xaaab0574e3b0_0;
    .scope S_0xaaab0574e560;
T_0 ;
    %wait E_0xaaab0574e810;
    %load/vec4 v0xaaab0574ea50_0;
    %cmpi/e 1, 0, 1;
    %jmp/0xz  T_0.0, 4;
    %pushi/vec4 0, 0, 22;
    %assign/vec4 v0xaaab0574eb20_0, 0;
    %pushi/vec4 0, 0, 1;
    %assign/vec4 v0xaaab0574ebe0_0, 0;
    %jmp T_0.1;
T_0.0 ;
    %load/vec4 v0xaaab0574eb20_0;
    %pad/u 32;
    %load/vec4 v0xaaab0574e970_0;
    %pad/u 32;
    %subi 1, 0, 32;
    %cmp/e;
    %jmp/0xz  T_0.2, 4;
    %pushi/vec4 0, 0, 22;
    %assign/vec4 v0xaaab0574eb20_0, 0;
    %pushi/vec4 1, 0, 1;
    %assign/vec4 v0xaaab0574ebe0_0, 0;
    %jmp T_0.3;
T_0.2 ;
    %load/vec4 v0xaaab0574eb20_0;
    %addi 1, 0, 22;
    %assign/vec4 v0xaaab0574eb20_0, 0;
    %pushi/vec4 0, 0, 1;
    %assign/vec4 v0xaaab0574ebe0_0, 0;
T_0.3 ;
T_0.1 ;
    %jmp T_0;
    .thread T_0;
    .scope S_0xaaab0571c870;
T_1 ;
    %wait E_0xaaab056bc8a0;
    %load/vec4 v0xaaab057289b0_0;
    %cmpi/e 1, 0, 1;
    %jmp/0xz  T_1.0, 4;
    %pushi/vec4 1, 0, 1;
    %assign/vec4 v0xaaab0572e2e0_0, 0;
    %jmp T_1.1;
T_1.0 ;
    %load/vec4 v0xaaab0572e2e0_0;
    %inv;
    %assign/vec4 v0xaaab0572e2e0_0, 0;
T_1.1 ;
    %jmp T_1;
    .thread T_1;
    .scope S_0xaaab0574bb60;
T_2 ;
    %wait E_0xaaab056dfd50;
    %load/vec4 v0xaaab0574c050_0;
    %cmpi/e 1, 0, 1;
    %jmp/0xz  T_2.0, 4;
    %pushi/vec4 0, 0, 4;
    %assign/vec4 v0xaaab0574c120_0, 0;
    %jmp T_2.1;
T_2.0 ;
    %load/vec4 v0xaaab0574c120_0;
    %pad/u 32;
    %load/vec4 v0xaaab0574bf90_0;
    %pad/u 32;
    %subi 1, 0, 32;
    %cmp/e;
    %jmp/0xz  T_2.2, 4;
    %pushi/vec4 0, 0, 4;
    %assign/vec4 v0xaaab0574c120_0, 0;
    %jmp T_2.3;
T_2.2 ;
    %load/vec4 v0xaaab0574c120_0;
    %addi 1, 0, 4;
    %assign/vec4 v0xaaab0574c120_0, 0;
T_2.3 ;
T_2.1 ;
    %jmp T_2;
    .thread T_2;
    .scope S_0xaaab05750c80;
T_3 ;
Ewait_0 .event/or E_0xaaab05750ec0, E_0x0;
    %wait Ewait_0;
    %load/vec4 v0xaaab05750f40_0;
    %dup/vec4;
    %pushi/vec4 0, 0, 4;
    %cmp/u;
    %jmp/1 T_3.0, 6;
    %dup/vec4;
    %pushi/vec4 1, 0, 4;
    %cmp/u;
    %jmp/1 T_3.1, 6;
    %dup/vec4;
    %pushi/vec4 2, 0, 4;
    %cmp/u;
    %jmp/1 T_3.2, 6;
    %dup/vec4;
    %pushi/vec4 3, 0, 4;
    %cmp/u;
    %jmp/1 T_3.3, 6;
    %dup/vec4;
    %pushi/vec4 4, 0, 4;
    %cmp/u;
    %jmp/1 T_3.4, 6;
    %dup/vec4;
    %pushi/vec4 5, 0, 4;
    %cmp/u;
    %jmp/1 T_3.5, 6;
    %dup/vec4;
    %pushi/vec4 6, 0, 4;
    %cmp/u;
    %jmp/1 T_3.6, 6;
    %dup/vec4;
    %pushi/vec4 7, 0, 4;
    %cmp/u;
    %jmp/1 T_3.7, 6;
    %dup/vec4;
    %pushi/vec4 8, 0, 4;
    %cmp/u;
    %jmp/1 T_3.8, 6;
    %dup/vec4;
    %pushi/vec4 9, 0, 4;
    %cmp/u;
    %jmp/1 T_3.9, 6;
    %dup/vec4;
    %pushi/vec4 10, 0, 4;
    %cmp/u;
    %jmp/1 T_3.10, 6;
    %dup/vec4;
    %pushi/vec4 11, 0, 4;
    %cmp/u;
    %jmp/1 T_3.11, 6;
    %dup/vec4;
    %pushi/vec4 12, 0, 4;
    %cmp/u;
    %jmp/1 T_3.12, 6;
    %dup/vec4;
    %pushi/vec4 13, 0, 4;
    %cmp/u;
    %jmp/1 T_3.13, 6;
    %dup/vec4;
    %pushi/vec4 14, 0, 4;
    %cmp/u;
    %jmp/1 T_3.14, 6;
    %dup/vec4;
    %pushi/vec4 15, 0, 4;
    %cmp/u;
    %jmp/1 T_3.15, 6;
    %pushi/vec4 127, 127, 7;
    %store/vec4 v0xaaab05751020_0, 0, 7;
    %jmp T_3.17;
T_3.0 ;
    %pushi/vec4 64, 0, 7;
    %store/vec4 v0xaaab05751020_0, 0, 7;
    %jmp T_3.17;
T_3.1 ;
    %pushi/vec4 121, 0, 7;
    %store/vec4 v0xaaab05751020_0, 0, 7;
    %jmp T_3.17;
T_3.2 ;
    %pushi/vec4 36, 0, 7;
    %store/vec4 v0xaaab05751020_0, 0, 7;
    %jmp T_3.17;
T_3.3 ;
    %pushi/vec4 48, 0, 7;
    %store/vec4 v0xaaab05751020_0, 0, 7;
    %jmp T_3.17;
T_3.4 ;
    %pushi/vec4 25, 0, 7;
    %store/vec4 v0xaaab05751020_0, 0, 7;
    %jmp T_3.17;
T_3.5 ;
    %pushi/vec4 18, 0, 7;
    %store/vec4 v0xaaab05751020_0, 0, 7;
    %jmp T_3.17;
T_3.6 ;
    %pushi/vec4 2, 0, 7;
    %store/vec4 v0xaaab05751020_0, 0, 7;
    %jmp T_3.17;
T_3.7 ;
    %pushi/vec4 120, 0, 7;
    %store/vec4 v0xaaab05751020_0, 0, 7;
    %jmp T_3.17;
T_3.8 ;
    %pushi/vec4 0, 0, 7;
    %store/vec4 v0xaaab05751020_0, 0, 7;
    %jmp T_3.17;
T_3.9 ;
    %pushi/vec4 16, 0, 7;
    %store/vec4 v0xaaab05751020_0, 0, 7;
    %jmp T_3.17;
T_3.10 ;
    %pushi/vec4 8, 0, 7;
    %store/vec4 v0xaaab05751020_0, 0, 7;
    %jmp T_3.17;
T_3.11 ;
    %pushi/vec4 3, 0, 7;
    %store/vec4 v0xaaab05751020_0, 0, 7;
    %jmp T_3.17;
T_3.12 ;
    %pushi/vec4 70, 0, 7;
    %store/vec4 v0xaaab05751020_0, 0, 7;
    %jmp T_3.17;
T_3.13 ;
    %pushi/vec4 33, 0, 7;
    %store/vec4 v0xaaab05751020_0, 0, 7;
    %jmp T_3.17;
T_3.14 ;
    %pushi/vec4 6, 0, 7;
    %store/vec4 v0xaaab05751020_0, 0, 7;
    %jmp T_3.17;
T_3.15 ;
    %pushi/vec4 14, 0, 7;
    %store/vec4 v0xaaab05751020_0, 0, 7;
    %jmp T_3.17;
T_3.17 ;
    %pop/vec4 1;
    %jmp T_3;
    .thread T_3, $push;
    .scope S_0xaaab05750500;
T_4 ;
    %wait E_0xaaab0574e810;
    %load/vec4 v0xaaab057509c0_0;
    %cmpi/e 1, 0, 1;
    %jmp/0xz  T_4.0, 4;
    %pushi/vec4 0, 0, 25;
    %assign/vec4 v0xaaab05750a90_0, 0;
    %pushi/vec4 0, 0, 1;
    %assign/vec4 v0xaaab05750b50_0, 0;
    %jmp T_4.1;
T_4.0 ;
    %load/vec4 v0xaaab05750a90_0;
    %pad/u 32;
    %load/vec4 v0xaaab057508e0_0;
    %pad/u 32;
    %subi 1, 0, 32;
    %cmp/e;
    %jmp/0xz  T_4.2, 4;
    %pushi/vec4 0, 0, 25;
    %assign/vec4 v0xaaab05750a90_0, 0;
    %pushi/vec4 1, 0, 1;
    %assign/vec4 v0xaaab05750b50_0, 0;
    %jmp T_4.3;
T_4.2 ;
    %load/vec4 v0xaaab05750a90_0;
    %addi 1, 0, 25;
    %assign/vec4 v0xaaab05750a90_0, 0;
    %pushi/vec4 0, 0, 1;
    %assign/vec4 v0xaaab05750b50_0, 0;
T_4.3 ;
T_4.1 ;
    %jmp T_4;
    .thread T_4;
    .scope S_0xaaab0574b4b0;
T_5 ;
    %wait E_0xaaab056f4a40;
    %load/vec4 v0xaaab0574b770_0;
    %cmpi/e 1, 0, 1;
    %jmp/0xz  T_5.0, 4;
    %pushi/vec4 1, 0, 1;
    %assign/vec4 v0xaaab0574b980_0, 0;
    %jmp T_5.1;
T_5.0 ;
    %load/vec4 v0xaaab0574b980_0;
    %inv;
    %assign/vec4 v0xaaab0574b980_0, 0;
T_5.1 ;
    %jmp T_5;
    .thread T_5;
    .scope S_0xaaab0574dd40;
T_6 ;
    %wait E_0xaaab0574dff0;
    %load/vec4 v0xaaab0574e220_0;
    %cmpi/e 1, 0, 1;
    %jmp/0xz  T_6.0, 4;
    %pushi/vec4 0, 0, 4;
    %assign/vec4 v0xaaab0574e2f0_0, 0;
    %jmp T_6.1;
T_6.0 ;
    %load/vec4 v0xaaab0574e2f0_0;
    %pad/u 32;
    %load/vec4 v0xaaab0574e160_0;
    %pad/u 32;
    %subi 1, 0, 32;
    %cmp/e;
    %jmp/0xz  T_6.2, 4;
    %pushi/vec4 0, 0, 4;
    %assign/vec4 v0xaaab0574e2f0_0, 0;
    %jmp T_6.3;
T_6.2 ;
    %load/vec4 v0xaaab0574e2f0_0;
    %addi 1, 0, 4;
    %assign/vec4 v0xaaab0574e2f0_0, 0;
T_6.3 ;
T_6.1 ;
    %jmp T_6;
    .thread T_6;
    .scope S_0xaaab057520c0;
T_7 ;
Ewait_1 .event/or E_0xaaab057522e0, E_0x0;
    %wait Ewait_1;
    %load/vec4 v0xaaab05752360_0;
    %dup/vec4;
    %pushi/vec4 0, 0, 4;
    %cmp/u;
    %jmp/1 T_7.0, 6;
    %dup/vec4;
    %pushi/vec4 1, 0, 4;
    %cmp/u;
    %jmp/1 T_7.1, 6;
    %dup/vec4;
    %pushi/vec4 2, 0, 4;
    %cmp/u;
    %jmp/1 T_7.2, 6;
    %dup/vec4;
    %pushi/vec4 3, 0, 4;
    %cmp/u;
    %jmp/1 T_7.3, 6;
    %dup/vec4;
    %pushi/vec4 4, 0, 4;
    %cmp/u;
    %jmp/1 T_7.4, 6;
    %dup/vec4;
    %pushi/vec4 5, 0, 4;
    %cmp/u;
    %jmp/1 T_7.5, 6;
    %dup/vec4;
    %pushi/vec4 6, 0, 4;
    %cmp/u;
    %jmp/1 T_7.6, 6;
    %dup/vec4;
    %pushi/vec4 7, 0, 4;
    %cmp/u;
    %jmp/1 T_7.7, 6;
    %dup/vec4;
    %pushi/vec4 8, 0, 4;
    %cmp/u;
    %jmp/1 T_7.8, 6;
    %dup/vec4;
    %pushi/vec4 9, 0, 4;
    %cmp/u;
    %jmp/1 T_7.9, 6;
    %dup/vec4;
    %pushi/vec4 10, 0, 4;
    %cmp/u;
    %jmp/1 T_7.10, 6;
    %dup/vec4;
    %pushi/vec4 11, 0, 4;
    %cmp/u;
    %jmp/1 T_7.11, 6;
    %dup/vec4;
    %pushi/vec4 12, 0, 4;
    %cmp/u;
    %jmp/1 T_7.12, 6;
    %dup/vec4;
    %pushi/vec4 13, 0, 4;
    %cmp/u;
    %jmp/1 T_7.13, 6;
    %dup/vec4;
    %pushi/vec4 14, 0, 4;
    %cmp/u;
    %jmp/1 T_7.14, 6;
    %dup/vec4;
    %pushi/vec4 15, 0, 4;
    %cmp/u;
    %jmp/1 T_7.15, 6;
    %pushi/vec4 127, 127, 7;
    %store/vec4 v0xaaab05752470_0, 0, 7;
    %jmp T_7.17;
T_7.0 ;
    %pushi/vec4 64, 0, 7;
    %store/vec4 v0xaaab05752470_0, 0, 7;
    %jmp T_7.17;
T_7.1 ;
    %pushi/vec4 121, 0, 7;
    %store/vec4 v0xaaab05752470_0, 0, 7;
    %jmp T_7.17;
T_7.2 ;
    %pushi/vec4 36, 0, 7;
    %store/vec4 v0xaaab05752470_0, 0, 7;
    %jmp T_7.17;
T_7.3 ;
    %pushi/vec4 48, 0, 7;
    %store/vec4 v0xaaab05752470_0, 0, 7;
    %jmp T_7.17;
T_7.4 ;
    %pushi/vec4 25, 0, 7;
    %store/vec4 v0xaaab05752470_0, 0, 7;
    %jmp T_7.17;
T_7.5 ;
    %pushi/vec4 18, 0, 7;
    %store/vec4 v0xaaab05752470_0, 0, 7;
    %jmp T_7.17;
T_7.6 ;
    %pushi/vec4 2, 0, 7;
    %store/vec4 v0xaaab05752470_0, 0, 7;
    %jmp T_7.17;
T_7.7 ;
    %pushi/vec4 120, 0, 7;
    %store/vec4 v0xaaab05752470_0, 0, 7;
    %jmp T_7.17;
T_7.8 ;
    %pushi/vec4 0, 0, 7;
    %store/vec4 v0xaaab05752470_0, 0, 7;
    %jmp T_7.17;
T_7.9 ;
    %pushi/vec4 16, 0, 7;
    %store/vec4 v0xaaab05752470_0, 0, 7;
    %jmp T_7.17;
T_7.10 ;
    %pushi/vec4 8, 0, 7;
    %store/vec4 v0xaaab05752470_0, 0, 7;
    %jmp T_7.17;
T_7.11 ;
    %pushi/vec4 3, 0, 7;
    %store/vec4 v0xaaab05752470_0, 0, 7;
    %jmp T_7.17;
T_7.12 ;
    %pushi/vec4 70, 0, 7;
    %store/vec4 v0xaaab05752470_0, 0, 7;
    %jmp T_7.17;
T_7.13 ;
    %pushi/vec4 33, 0, 7;
    %store/vec4 v0xaaab05752470_0, 0, 7;
    %jmp T_7.17;
T_7.14 ;
    %pushi/vec4 6, 0, 7;
    %store/vec4 v0xaaab05752470_0, 0, 7;
    %jmp T_7.17;
T_7.15 ;
    %pushi/vec4 14, 0, 7;
    %store/vec4 v0xaaab05752470_0, 0, 7;
    %jmp T_7.17;
T_7.17 ;
    %pop/vec4 1;
    %jmp T_7;
    .thread T_7, $push;
    .scope S_0xaaab0574f540;
T_8 ;
    %wait E_0xaaab0574e810;
    %load/vec4 v0xaaab0574fa50_0;
    %cmpi/e 1, 0, 1;
    %jmp/0xz  T_8.0, 4;
    %pushi/vec4 0, 0, 28;
    %assign/vec4 v0xaaab0574faf0_0, 0;
    %pushi/vec4 0, 0, 1;
    %assign/vec4 v0xaaab0574fbb0_0, 0;
    %jmp T_8.1;
T_8.0 ;
    %load/vec4 v0xaaab0574faf0_0;
    %pad/u 32;
    %load/vec4 v0xaaab0574f970_0;
    %pad/u 32;
    %subi 1, 0, 32;
    %cmp/e;
    %jmp/0xz  T_8.2, 4;
    %pushi/vec4 0, 0, 28;
    %assign/vec4 v0xaaab0574faf0_0, 0;
    %pushi/vec4 1, 0, 1;
    %assign/vec4 v0xaaab0574fbb0_0, 0;
    %jmp T_8.3;
T_8.2 ;
    %load/vec4 v0xaaab0574faf0_0;
    %addi 1, 0, 28;
    %assign/vec4 v0xaaab0574faf0_0, 0;
    %pushi/vec4 0, 0, 1;
    %assign/vec4 v0xaaab0574fbb0_0, 0;
T_8.3 ;
T_8.1 ;
    %jmp T_8;
    .thread T_8;
    .scope S_0xaaab0574a930;
T_9 ;
    %wait E_0xaaab056bc4e0;
    %load/vec4 v0xaaab0574ab30_0;
    %cmpi/e 1, 0, 1;
    %jmp/0xz  T_9.0, 4;
    %pushi/vec4 1, 0, 1;
    %assign/vec4 v0xaaab0574ad00_0, 0;
    %jmp T_9.1;
T_9.0 ;
    %load/vec4 v0xaaab0574ad00_0;
    %inv;
    %assign/vec4 v0xaaab0574ad00_0, 0;
T_9.1 ;
    %jmp T_9;
    .thread T_9;
    .scope S_0xaaab0574cbb0;
T_10 ;
    %wait E_0xaaab0574ce60;
    %load/vec4 v0xaaab0574d090_0;
    %cmpi/e 1, 0, 1;
    %jmp/0xz  T_10.0, 4;
    %pushi/vec4 0, 0, 4;
    %assign/vec4 v0xaaab0574d160_0, 0;
    %jmp T_10.1;
T_10.0 ;
    %load/vec4 v0xaaab0574d160_0;
    %pad/u 32;
    %load/vec4 v0xaaab0574cfd0_0;
    %pad/u 32;
    %subi 1, 0, 32;
    %cmp/e;
    %jmp/0xz  T_10.2, 4;
    %pushi/vec4 0, 0, 4;
    %assign/vec4 v0xaaab0574d160_0, 0;
    %jmp T_10.3;
T_10.2 ;
    %load/vec4 v0xaaab0574d160_0;
    %addi 1, 0, 4;
    %assign/vec4 v0xaaab0574d160_0, 0;
T_10.3 ;
T_10.1 ;
    %jmp T_10;
    .thread T_10;
    .scope S_0xaaab05751720;
T_11 ;
Ewait_2 .event/or E_0xaaab05751940, E_0x0;
    %wait Ewait_2;
    %load/vec4 v0xaaab057519c0_0;
    %dup/vec4;
    %pushi/vec4 0, 0, 4;
    %cmp/u;
    %jmp/1 T_11.0, 6;
    %dup/vec4;
    %pushi/vec4 1, 0, 4;
    %cmp/u;
    %jmp/1 T_11.1, 6;
    %dup/vec4;
    %pushi/vec4 2, 0, 4;
    %cmp/u;
    %jmp/1 T_11.2, 6;
    %dup/vec4;
    %pushi/vec4 3, 0, 4;
    %cmp/u;
    %jmp/1 T_11.3, 6;
    %dup/vec4;
    %pushi/vec4 4, 0, 4;
    %cmp/u;
    %jmp/1 T_11.4, 6;
    %dup/vec4;
    %pushi/vec4 5, 0, 4;
    %cmp/u;
    %jmp/1 T_11.5, 6;
    %dup/vec4;
    %pushi/vec4 6, 0, 4;
    %cmp/u;
    %jmp/1 T_11.6, 6;
    %dup/vec4;
    %pushi/vec4 7, 0, 4;
    %cmp/u;
    %jmp/1 T_11.7, 6;
    %dup/vec4;
    %pushi/vec4 8, 0, 4;
    %cmp/u;
    %jmp/1 T_11.8, 6;
    %dup/vec4;
    %pushi/vec4 9, 0, 4;
    %cmp/u;
    %jmp/1 T_11.9, 6;
    %dup/vec4;
    %pushi/vec4 10, 0, 4;
    %cmp/u;
    %jmp/1 T_11.10, 6;
    %dup/vec4;
    %pushi/vec4 11, 0, 4;
    %cmp/u;
    %jmp/1 T_11.11, 6;
    %dup/vec4;
    %pushi/vec4 12, 0, 4;
    %cmp/u;
    %jmp/1 T_11.12, 6;
    %dup/vec4;
    %pushi/vec4 13, 0, 4;
    %cmp/u;
    %jmp/1 T_11.13, 6;
    %dup/vec4;
    %pushi/vec4 14, 0, 4;
    %cmp/u;
    %jmp/1 T_11.14, 6;
    %dup/vec4;
    %pushi/vec4 15, 0, 4;
    %cmp/u;
    %jmp/1 T_11.15, 6;
    %pushi/vec4 127, 127, 7;
    %store/vec4 v0xaaab05751ad0_0, 0, 7;
    %jmp T_11.17;
T_11.0 ;
    %pushi/vec4 64, 0, 7;
    %store/vec4 v0xaaab05751ad0_0, 0, 7;
    %jmp T_11.17;
T_11.1 ;
    %pushi/vec4 121, 0, 7;
    %store/vec4 v0xaaab05751ad0_0, 0, 7;
    %jmp T_11.17;
T_11.2 ;
    %pushi/vec4 36, 0, 7;
    %store/vec4 v0xaaab05751ad0_0, 0, 7;
    %jmp T_11.17;
T_11.3 ;
    %pushi/vec4 48, 0, 7;
    %store/vec4 v0xaaab05751ad0_0, 0, 7;
    %jmp T_11.17;
T_11.4 ;
    %pushi/vec4 25, 0, 7;
    %store/vec4 v0xaaab05751ad0_0, 0, 7;
    %jmp T_11.17;
T_11.5 ;
    %pushi/vec4 18, 0, 7;
    %store/vec4 v0xaaab05751ad0_0, 0, 7;
    %jmp T_11.17;
T_11.6 ;
    %pushi/vec4 2, 0, 7;
    %store/vec4 v0xaaab05751ad0_0, 0, 7;
    %jmp T_11.17;
T_11.7 ;
    %pushi/vec4 120, 0, 7;
    %store/vec4 v0xaaab05751ad0_0, 0, 7;
    %jmp T_11.17;
T_11.8 ;
    %pushi/vec4 0, 0, 7;
    %store/vec4 v0xaaab05751ad0_0, 0, 7;
    %jmp T_11.17;
T_11.9 ;
    %pushi/vec4 16, 0, 7;
    %store/vec4 v0xaaab05751ad0_0, 0, 7;
    %jmp T_11.17;
T_11.10 ;
    %pushi/vec4 8, 0, 7;
    %store/vec4 v0xaaab05751ad0_0, 0, 7;
    %jmp T_11.17;
T_11.11 ;
    %pushi/vec4 3, 0, 7;
    %store/vec4 v0xaaab05751ad0_0, 0, 7;
    %jmp T_11.17;
T_11.12 ;
    %pushi/vec4 70, 0, 7;
    %store/vec4 v0xaaab05751ad0_0, 0, 7;
    %jmp T_11.17;
T_11.13 ;
    %pushi/vec4 33, 0, 7;
    %store/vec4 v0xaaab05751ad0_0, 0, 7;
    %jmp T_11.17;
T_11.14 ;
    %pushi/vec4 6, 0, 7;
    %store/vec4 v0xaaab05751ad0_0, 0, 7;
    %jmp T_11.17;
T_11.15 ;
    %pushi/vec4 14, 0, 7;
    %store/vec4 v0xaaab05751ad0_0, 0, 7;
    %jmp T_11.17;
T_11.17 ;
    %pop/vec4 1;
    %jmp T_11;
    .thread T_11, $push;
    .scope S_0xaaab0574fd30;
T_12 ;
    %wait E_0xaaab0574e810;
    %load/vec4 v0xaaab057501f0_0;
    %cmpi/e 1, 0, 1;
    %jmp/0xz  T_12.0, 4;
    %pushi/vec4 0, 0, 31;
    %assign/vec4 v0xaaab057502c0_0, 0;
    %pushi/vec4 0, 0, 1;
    %assign/vec4 v0xaaab05750380_0, 0;
    %jmp T_12.1;
T_12.0 ;
    %load/vec4 v0xaaab057502c0_0;
    %pad/u 32;
    %load/vec4 v0xaaab05750110_0;
    %pad/u 32;
    %subi 1, 0, 32;
    %cmp/e;
    %jmp/0xz  T_12.2, 4;
    %pushi/vec4 0, 0, 31;
    %assign/vec4 v0xaaab057502c0_0, 0;
    %pushi/vec4 1, 0, 1;
    %assign/vec4 v0xaaab05750380_0, 0;
    %jmp T_12.3;
T_12.2 ;
    %load/vec4 v0xaaab057502c0_0;
    %addi 1, 0, 31;
    %assign/vec4 v0xaaab057502c0_0, 0;
    %pushi/vec4 0, 0, 1;
    %assign/vec4 v0xaaab05750380_0, 0;
T_12.3 ;
T_12.1 ;
    %jmp T_12;
    .thread T_12;
    .scope S_0xaaab0574aee0;
T_13 ;
    %wait E_0xaaab056f4ba0;
    %load/vec4 v0xaaab0574b150_0;
    %cmpi/e 1, 0, 1;
    %jmp/0xz  T_13.0, 4;
    %pushi/vec4 1, 0, 1;
    %assign/vec4 v0xaaab0574b2d0_0, 0;
    %jmp T_13.1;
T_13.0 ;
    %load/vec4 v0xaaab0574b2d0_0;
    %inv;
    %assign/vec4 v0xaaab0574b2d0_0, 0;
T_13.1 ;
    %jmp T_13;
    .thread T_13;
    .scope S_0xaaab0574d3d0;
T_14 ;
    %wait E_0xaaab0574d6c0;
    %load/vec4 v0xaaab0574d8f0_0;
    %cmpi/e 1, 0, 1;
    %jmp/0xz  T_14.0, 4;
    %pushi/vec4 0, 0, 4;
    %assign/vec4 v0xaaab0574dad0_0, 0;
    %jmp T_14.1;
T_14.0 ;
    %load/vec4 v0xaaab0574dad0_0;
    %pad/u 32;
    %load/vec4 v0xaaab0574d830_0;
    %pad/u 32;
    %subi 1, 0, 32;
    %cmp/e;
    %jmp/0xz  T_14.2, 4;
    %pushi/vec4 0, 0, 4;
    %assign/vec4 v0xaaab0574dad0_0, 0;
    %jmp T_14.3;
T_14.2 ;
    %load/vec4 v0xaaab0574dad0_0;
    %addi 1, 0, 4;
    %assign/vec4 v0xaaab0574dad0_0, 0;
T_14.3 ;
T_14.1 ;
    %jmp T_14;
    .thread T_14;
    .scope S_0xaaab05751bf0;
T_15 ;
Ewait_3 .event/or E_0xaaab05751e10, E_0x0;
    %wait Ewait_3;
    %load/vec4 v0xaaab05751e90_0;
    %dup/vec4;
    %pushi/vec4 0, 0, 4;
    %cmp/u;
    %jmp/1 T_15.0, 6;
    %dup/vec4;
    %pushi/vec4 1, 0, 4;
    %cmp/u;
    %jmp/1 T_15.1, 6;
    %dup/vec4;
    %pushi/vec4 2, 0, 4;
    %cmp/u;
    %jmp/1 T_15.2, 6;
    %dup/vec4;
    %pushi/vec4 3, 0, 4;
    %cmp/u;
    %jmp/1 T_15.3, 6;
    %dup/vec4;
    %pushi/vec4 4, 0, 4;
    %cmp/u;
    %jmp/1 T_15.4, 6;
    %dup/vec4;
    %pushi/vec4 5, 0, 4;
    %cmp/u;
    %jmp/1 T_15.5, 6;
    %dup/vec4;
    %pushi/vec4 6, 0, 4;
    %cmp/u;
    %jmp/1 T_15.6, 6;
    %dup/vec4;
    %pushi/vec4 7, 0, 4;
    %cmp/u;
    %jmp/1 T_15.7, 6;
    %dup/vec4;
    %pushi/vec4 8, 0, 4;
    %cmp/u;
    %jmp/1 T_15.8, 6;
    %dup/vec4;
    %pushi/vec4 9, 0, 4;
    %cmp/u;
    %jmp/1 T_15.9, 6;
    %dup/vec4;
    %pushi/vec4 10, 0, 4;
    %cmp/u;
    %jmp/1 T_15.10, 6;
    %dup/vec4;
    %pushi/vec4 11, 0, 4;
    %cmp/u;
    %jmp/1 T_15.11, 6;
    %dup/vec4;
    %pushi/vec4 12, 0, 4;
    %cmp/u;
    %jmp/1 T_15.12, 6;
    %dup/vec4;
    %pushi/vec4 13, 0, 4;
    %cmp/u;
    %jmp/1 T_15.13, 6;
    %dup/vec4;
    %pushi/vec4 14, 0, 4;
    %cmp/u;
    %jmp/1 T_15.14, 6;
    %dup/vec4;
    %pushi/vec4 15, 0, 4;
    %cmp/u;
    %jmp/1 T_15.15, 6;
    %pushi/vec4 127, 127, 7;
    %store/vec4 v0xaaab05751fa0_0, 0, 7;
    %jmp T_15.17;
T_15.0 ;
    %pushi/vec4 64, 0, 7;
    %store/vec4 v0xaaab05751fa0_0, 0, 7;
    %jmp T_15.17;
T_15.1 ;
    %pushi/vec4 121, 0, 7;
    %store/vec4 v0xaaab05751fa0_0, 0, 7;
    %jmp T_15.17;
T_15.2 ;
    %pushi/vec4 36, 0, 7;
    %store/vec4 v0xaaab05751fa0_0, 0, 7;
    %jmp T_15.17;
T_15.3 ;
    %pushi/vec4 48, 0, 7;
    %store/vec4 v0xaaab05751fa0_0, 0, 7;
    %jmp T_15.17;
T_15.4 ;
    %pushi/vec4 25, 0, 7;
    %store/vec4 v0xaaab05751fa0_0, 0, 7;
    %jmp T_15.17;
T_15.5 ;
    %pushi/vec4 18, 0, 7;
    %store/vec4 v0xaaab05751fa0_0, 0, 7;
    %jmp T_15.17;
T_15.6 ;
    %pushi/vec4 2, 0, 7;
    %store/vec4 v0xaaab05751fa0_0, 0, 7;
    %jmp T_15.17;
T_15.7 ;
    %pushi/vec4 120, 0, 7;
    %store/vec4 v0xaaab05751fa0_0, 0, 7;
    %jmp T_15.17;
T_15.8 ;
    %pushi/vec4 0, 0, 7;
    %store/vec4 v0xaaab05751fa0_0, 0, 7;
    %jmp T_15.17;
T_15.9 ;
    %pushi/vec4 16, 0, 7;
    %store/vec4 v0xaaab05751fa0_0, 0, 7;
    %jmp T_15.17;
T_15.10 ;
    %pushi/vec4 8, 0, 7;
    %store/vec4 v0xaaab05751fa0_0, 0, 7;
    %jmp T_15.17;
T_15.11 ;
    %pushi/vec4 3, 0, 7;
    %store/vec4 v0xaaab05751fa0_0, 0, 7;
    %jmp T_15.17;
T_15.12 ;
    %pushi/vec4 70, 0, 7;
    %store/vec4 v0xaaab05751fa0_0, 0, 7;
    %jmp T_15.17;
T_15.13 ;
    %pushi/vec4 33, 0, 7;
    %store/vec4 v0xaaab05751fa0_0, 0, 7;
    %jmp T_15.17;
T_15.14 ;
    %pushi/vec4 6, 0, 7;
    %store/vec4 v0xaaab05751fa0_0, 0, 7;
    %jmp T_15.17;
T_15.15 ;
    %pushi/vec4 14, 0, 7;
    %store/vec4 v0xaaab05751fa0_0, 0, 7;
    %jmp T_15.17;
T_15.17 ;
    %pop/vec4 1;
    %jmp T_15;
    .thread T_15, $push;
    .scope S_0xaaab0574ed60;
T_16 ;
    %wait E_0xaaab0574e810;
    %load/vec4 v0xaaab0574f230_0;
    %cmpi/e 1, 0, 1;
    %jmp/0xz  T_16.0, 4;
    %pushi/vec4 0, 0, 34;
    %assign/vec4 v0xaaab0574f300_0, 0;
    %pushi/vec4 0, 0, 1;
    %assign/vec4 v0xaaab0574f3c0_0, 0;
    %jmp T_16.1;
T_16.0 ;
    %load/vec4 v0xaaab0574f300_0;
    %load/vec4 v0xaaab0574f170_0;
    %subi 1, 0, 34;
    %cmp/e;
    %jmp/0xz  T_16.2, 4;
    %pushi/vec4 0, 0, 34;
    %assign/vec4 v0xaaab0574f300_0, 0;
    %pushi/vec4 1, 0, 1;
    %assign/vec4 v0xaaab0574f3c0_0, 0;
    %jmp T_16.3;
T_16.2 ;
    %load/vec4 v0xaaab0574f300_0;
    %addi 1, 0, 34;
    %assign/vec4 v0xaaab0574f300_0, 0;
    %pushi/vec4 0, 0, 1;
    %assign/vec4 v0xaaab0574f3c0_0, 0;
T_16.3 ;
T_16.1 ;
    %jmp T_16;
    .thread T_16;
    .scope S_0xaaab0574a600;
T_17 ;
    %wait E_0xaaab056bc770;
    %load/vec4 v0xaaab0572d960_0;
    %cmpi/e 1, 0, 1;
    %jmp/0xz  T_17.0, 4;
    %pushi/vec4 1, 0, 1;
    %assign/vec4 v0xaaab0572d020_0, 0;
    %jmp T_17.1;
T_17.0 ;
    %load/vec4 v0xaaab0572d020_0;
    %inv;
    %assign/vec4 v0xaaab0572d020_0, 0;
T_17.1 ;
    %jmp T_17;
    .thread T_17;
    .scope S_0xaaab0574c390;
T_18 ;
    %wait E_0xaaab0574c640;
    %load/vec4 v0xaaab0574c870_0;
    %cmpi/e 1, 0, 1;
    %jmp/0xz  T_18.0, 4;
    %pushi/vec4 0, 0, 4;
    %assign/vec4 v0xaaab0574c940_0, 0;
    %jmp T_18.1;
T_18.0 ;
    %load/vec4 v0xaaab0574c940_0;
    %pad/u 32;
    %load/vec4 v0xaaab0574c7b0_0;
    %pad/u 32;
    %subi 1, 0, 32;
    %cmp/e;
    %jmp/0xz  T_18.2, 4;
    %pushi/vec4 0, 0, 4;
    %assign/vec4 v0xaaab0574c940_0, 0;
    %jmp T_18.3;
T_18.2 ;
    %load/vec4 v0xaaab0574c940_0;
    %addi 1, 0, 4;
    %assign/vec4 v0xaaab0574c940_0, 0;
T_18.3 ;
T_18.1 ;
    %jmp T_18;
    .thread T_18;
    .scope S_0xaaab05751140;
T_19 ;
Ewait_4 .event/or E_0xaaab05751470, E_0x0;
    %wait Ewait_4;
    %load/vec4 v0xaaab057514f0_0;
    %dup/vec4;
    %pushi/vec4 0, 0, 4;
    %cmp/u;
    %jmp/1 T_19.0, 6;
    %dup/vec4;
    %pushi/vec4 1, 0, 4;
    %cmp/u;
    %jmp/1 T_19.1, 6;
    %dup/vec4;
    %pushi/vec4 2, 0, 4;
    %cmp/u;
    %jmp/1 T_19.2, 6;
    %dup/vec4;
    %pushi/vec4 3, 0, 4;
    %cmp/u;
    %jmp/1 T_19.3, 6;
    %dup/vec4;
    %pushi/vec4 4, 0, 4;
    %cmp/u;
    %jmp/1 T_19.4, 6;
    %dup/vec4;
    %pushi/vec4 5, 0, 4;
    %cmp/u;
    %jmp/1 T_19.5, 6;
    %dup/vec4;
    %pushi/vec4 6, 0, 4;
    %cmp/u;
    %jmp/1 T_19.6, 6;
    %dup/vec4;
    %pushi/vec4 7, 0, 4;
    %cmp/u;
    %jmp/1 T_19.7, 6;
    %dup/vec4;
    %pushi/vec4 8, 0, 4;
    %cmp/u;
    %jmp/1 T_19.8, 6;
    %dup/vec4;
    %pushi/vec4 9, 0, 4;
    %cmp/u;
    %jmp/1 T_19.9, 6;
    %dup/vec4;
    %pushi/vec4 10, 0, 4;
    %cmp/u;
    %jmp/1 T_19.10, 6;
    %dup/vec4;
    %pushi/vec4 11, 0, 4;
    %cmp/u;
    %jmp/1 T_19.11, 6;
    %dup/vec4;
    %pushi/vec4 12, 0, 4;
    %cmp/u;
    %jmp/1 T_19.12, 6;
    %dup/vec4;
    %pushi/vec4 13, 0, 4;
    %cmp/u;
    %jmp/1 T_19.13, 6;
    %dup/vec4;
    %pushi/vec4 14, 0, 4;
    %cmp/u;
    %jmp/1 T_19.14, 6;
    %dup/vec4;
    %pushi/vec4 15, 0, 4;
    %cmp/u;
    %jmp/1 T_19.15, 6;
    %pushi/vec4 127, 127, 7;
    %store/vec4 v0xaaab05751600_0, 0, 7;
    %jmp T_19.17;
T_19.0 ;
    %pushi/vec4 64, 0, 7;
    %store/vec4 v0xaaab05751600_0, 0, 7;
    %jmp T_19.17;
T_19.1 ;
    %pushi/vec4 121, 0, 7;
    %store/vec4 v0xaaab05751600_0, 0, 7;
    %jmp T_19.17;
T_19.2 ;
    %pushi/vec4 36, 0, 7;
    %store/vec4 v0xaaab05751600_0, 0, 7;
    %jmp T_19.17;
T_19.3 ;
    %pushi/vec4 48, 0, 7;
    %store/vec4 v0xaaab05751600_0, 0, 7;
    %jmp T_19.17;
T_19.4 ;
    %pushi/vec4 25, 0, 7;
    %store/vec4 v0xaaab05751600_0, 0, 7;
    %jmp T_19.17;
T_19.5 ;
    %pushi/vec4 18, 0, 7;
    %store/vec4 v0xaaab05751600_0, 0, 7;
    %jmp T_19.17;
T_19.6 ;
    %pushi/vec4 2, 0, 7;
    %store/vec4 v0xaaab05751600_0, 0, 7;
    %jmp T_19.17;
T_19.7 ;
    %pushi/vec4 120, 0, 7;
    %store/vec4 v0xaaab05751600_0, 0, 7;
    %jmp T_19.17;
T_19.8 ;
    %pushi/vec4 0, 0, 7;
    %store/vec4 v0xaaab05751600_0, 0, 7;
    %jmp T_19.17;
T_19.9 ;
    %pushi/vec4 16, 0, 7;
    %store/vec4 v0xaaab05751600_0, 0, 7;
    %jmp T_19.17;
T_19.10 ;
    %pushi/vec4 8, 0, 7;
    %store/vec4 v0xaaab05751600_0, 0, 7;
    %jmp T_19.17;
T_19.11 ;
    %pushi/vec4 3, 0, 7;
    %store/vec4 v0xaaab05751600_0, 0, 7;
    %jmp T_19.17;
T_19.12 ;
    %pushi/vec4 70, 0, 7;
    %store/vec4 v0xaaab05751600_0, 0, 7;
    %jmp T_19.17;
T_19.13 ;
    %pushi/vec4 33, 0, 7;
    %store/vec4 v0xaaab05751600_0, 0, 7;
    %jmp T_19.17;
T_19.14 ;
    %pushi/vec4 6, 0, 7;
    %store/vec4 v0xaaab05751600_0, 0, 7;
    %jmp T_19.17;
T_19.15 ;
    %pushi/vec4 14, 0, 7;
    %store/vec4 v0xaaab05751600_0, 0, 7;
    %jmp T_19.17;
T_19.17 ;
    %pop/vec4 1;
    %jmp T_19;
    .thread T_19, $push;
# The file index is used to find the file name in the following table.
:file_names 8;
    "N/A";
    "<interactive>";
    "-";
    "stopwatch_de10_lite.sv";
    "clock.sv";
    "counter_mod_k_count.sv";
    "counter_mod_k_ro.sv";
    "decoder.sv";
