#! /usr/bin/vvp
:ivl_version "11.0 (stable)";
:ivl_delay_selection "TYPICAL";
:vpi_time_precision + 0;
:vpi_module "/usr/lib/aarch64-linux-gnu/ivl/system.vpi";
:vpi_module "/usr/lib/aarch64-linux-gnu/ivl/vhdl_sys.vpi";
:vpi_module "/usr/lib/aarch64-linux-gnu/ivl/vhdl_textio.vpi";
:vpi_module "/usr/lib/aarch64-linux-gnu/ivl/v2005_math.vpi";
:vpi_module "/usr/lib/aarch64-linux-gnu/ivl/va_math.vpi";
:vpi_module "/usr/lib/aarch64-linux-gnu/ivl/v2009.vpi";
S_0xaaaaee7ba130 .scope package, "$unit" "$unit" 2 1;
 .timescale 0 0;
S_0xaaaaee7ba2c0 .scope module, "ripple_carry_adder_4_tb" "ripple_carry_adder_4_tb" 3 4;
 .timescale 0 0;
v0xaaaaee7cc690_0 .net "l_lights", 6 0, v0xaaaaee7cc550_0;  1 drivers
v0xaaaaee7cc750_0 .var "l_switches", 3 0;
S_0xaaaaee77ceb0 .scope module, "dut" "decoder" 3 8, 4 7 0, S_0xaaaaee7ba2c0;
 .timescale 0 0;
    .port_info 0 /INPUT 4 "i_binary_number";
    .port_info 1 /OUTPUT 7 "o_display";
v0xaaaaee77d0b0_0 .net "i_binary_number", 3 0, v0xaaaaee7cc750_0;  1 drivers
v0xaaaaee7cc550_0 .var "o_display", 6 0;
E_0xaaaaee7b5ac0 .event edge, v0xaaaaee77d0b0_0;
    .scope S_0xaaaaee77ceb0;
T_0 ;
Ewait_0 .event/or E_0xaaaaee7b5ac0, E_0x0;
    %wait Ewait_0;
    %load/vec4 v0xaaaaee77d0b0_0;
    %dup/vec4;
    %pushi/vec4 0, 0, 4;
    %cmp/u;
    %jmp/1 T_0.0, 6;
    %dup/vec4;
    %pushi/vec4 1, 0, 4;
    %cmp/u;
    %jmp/1 T_0.1, 6;
    %dup/vec4;
    %pushi/vec4 2, 0, 4;
    %cmp/u;
    %jmp/1 T_0.2, 6;
    %dup/vec4;
    %pushi/vec4 3, 0, 4;
    %cmp/u;
    %jmp/1 T_0.3, 6;
    %dup/vec4;
    %pushi/vec4 4, 0, 4;
    %cmp/u;
    %jmp/1 T_0.4, 6;
    %dup/vec4;
    %pushi/vec4 5, 0, 4;
    %cmp/u;
    %jmp/1 T_0.5, 6;
    %dup/vec4;
    %pushi/vec4 6, 0, 4;
    %cmp/u;
    %jmp/1 T_0.6, 6;
    %dup/vec4;
    %pushi/vec4 7, 0, 4;
    %cmp/u;
    %jmp/1 T_0.7, 6;
    %dup/vec4;
    %pushi/vec4 8, 0, 4;
    %cmp/u;
    %jmp/1 T_0.8, 6;
    %dup/vec4;
    %pushi/vec4 9, 0, 4;
    %cmp/u;
    %jmp/1 T_0.9, 6;
    %dup/vec4;
    %pushi/vec4 10, 0, 4;
    %cmp/u;
    %jmp/1 T_0.10, 6;
    %dup/vec4;
    %pushi/vec4 11, 0, 4;
    %cmp/u;
    %jmp/1 T_0.11, 6;
    %dup/vec4;
    %pushi/vec4 12, 0, 4;
    %cmp/u;
    %jmp/1 T_0.12, 6;
    %dup/vec4;
    %pushi/vec4 13, 0, 4;
    %cmp/u;
    %jmp/1 T_0.13, 6;
    %dup/vec4;
    %pushi/vec4 14, 0, 4;
    %cmp/u;
    %jmp/1 T_0.14, 6;
    %dup/vec4;
    %pushi/vec4 15, 0, 4;
    %cmp/u;
    %jmp/1 T_0.15, 6;
    %pushi/vec4 127, 127, 7;
    %store/vec4 v0xaaaaee7cc550_0, 0, 7;
    %jmp T_0.17;
T_0.0 ;
    %pushi/vec4 64, 0, 7;
    %store/vec4 v0xaaaaee7cc550_0, 0, 7;
    %jmp T_0.17;
T_0.1 ;
    %pushi/vec4 121, 0, 7;
    %store/vec4 v0xaaaaee7cc550_0, 0, 7;
    %jmp T_0.17;
T_0.2 ;
    %pushi/vec4 36, 0, 7;
    %store/vec4 v0xaaaaee7cc550_0, 0, 7;
    %jmp T_0.17;
T_0.3 ;
    %pushi/vec4 48, 0, 7;
    %store/vec4 v0xaaaaee7cc550_0, 0, 7;
    %jmp T_0.17;
T_0.4 ;
    %pushi/vec4 25, 0, 7;
    %store/vec4 v0xaaaaee7cc550_0, 0, 7;
    %jmp T_0.17;
T_0.5 ;
    %pushi/vec4 18, 0, 7;
    %store/vec4 v0xaaaaee7cc550_0, 0, 7;
    %jmp T_0.17;
T_0.6 ;
    %pushi/vec4 2, 0, 7;
    %store/vec4 v0xaaaaee7cc550_0, 0, 7;
    %jmp T_0.17;
T_0.7 ;
    %pushi/vec4 120, 0, 7;
    %store/vec4 v0xaaaaee7cc550_0, 0, 7;
    %jmp T_0.17;
T_0.8 ;
    %pushi/vec4 0, 0, 7;
    %store/vec4 v0xaaaaee7cc550_0, 0, 7;
    %jmp T_0.17;
T_0.9 ;
    %pushi/vec4 16, 0, 7;
    %store/vec4 v0xaaaaee7cc550_0, 0, 7;
    %jmp T_0.17;
T_0.10 ;
    %pushi/vec4 8, 0, 7;
    %store/vec4 v0xaaaaee7cc550_0, 0, 7;
    %jmp T_0.17;
T_0.11 ;
    %pushi/vec4 1, 0, 7;
    %store/vec4 v0xaaaaee7cc550_0, 0, 7;
    %jmp T_0.17;
T_0.12 ;
    %pushi/vec4 70, 0, 7;
    %store/vec4 v0xaaaaee7cc550_0, 0, 7;
    %jmp T_0.17;
T_0.13 ;
    %pushi/vec4 33, 0, 7;
    %store/vec4 v0xaaaaee7cc550_0, 0, 7;
    %jmp T_0.17;
T_0.14 ;
    %pushi/vec4 6, 0, 7;
    %store/vec4 v0xaaaaee7cc550_0, 0, 7;
    %jmp T_0.17;
T_0.15 ;
    %pushi/vec4 14, 0, 7;
    %store/vec4 v0xaaaaee7cc550_0, 0, 7;
    %jmp T_0.17;
T_0.17 ;
    %pop/vec4 1;
    %jmp T_0;
    .thread T_0, $push;
    .scope S_0xaaaaee7ba2c0;
T_1 ;
    %vpi_call/w 3 11 "$dumpfile", "dump_decoder.vcd" {0 0 0};
    %vpi_call/w 3 12 "$dumpvars" {0 0 0};
    %pushi/vec4 2, 0, 4;
    %store/vec4 v0xaaaaee7cc750_0, 0, 4;
    %delay 10, 0;
    %load/vec4 v0xaaaaee7cc690_0;
    %cmpi/e 36, 0, 7;
    %jmp/0xz  T_1.0, 6;
    %jmp T_1.1;
T_1.0 ;
    %vpi_call/w 3 16 "$error" {0 0 0};
T_1.1 ;
    %pushi/vec4 15, 0, 4;
    %store/vec4 v0xaaaaee7cc750_0, 0, 4;
    %delay 10, 0;
    %load/vec4 v0xaaaaee7cc690_0;
    %cmpi/e 14, 0, 7;
    %jmp/0xz  T_1.2, 6;
    %jmp T_1.3;
T_1.2 ;
    %vpi_call/w 3 20 "$error" {0 0 0};
T_1.3 ;
    %vpi_call/w 3 24 "$finish" {0 0 0};
    %end;
    .thread T_1;
# The file index is used to find the file name in the following table.
:file_names 5;
    "N/A";
    "<interactive>";
    "-";
    "tb.sv";
    "decoder.sv";
