#! /usr/bin/vvp
:ivl_version "11.0 (stable)";
:ivl_delay_selection "TYPICAL";
:vpi_time_precision + 0;
:vpi_module "/usr/lib/aarch64-linux-gnu/ivl/system.vpi";
:vpi_module "/usr/lib/aarch64-linux-gnu/ivl/vhdl_sys.vpi";
:vpi_module "/usr/lib/aarch64-linux-gnu/ivl/vhdl_textio.vpi";
:vpi_module "/usr/lib/aarch64-linux-gnu/ivl/v2005_math.vpi";
:vpi_module "/usr/lib/aarch64-linux-gnu/ivl/va_math.vpi";
:vpi_module "/usr/lib/aarch64-linux-gnu/ivl/v2009.vpi";
S_0xaaaaefb4de50 .scope package, "$unit" "$unit" 2 1;
 .timescale 0 0;
S_0xaaaaefb4ad70 .scope module, "tiny_calculator_tb" "tiny_calculator_tb" 3 1;
 .timescale 0 0;
v0xaaaaefb76b60_0 .net "HEX0", 6 0, v0xaaaaefb71f30_0;  1 drivers
v0xaaaaefb76c90_0 .net "HEX1", 6 0, v0xaaaaefb72390_0;  1 drivers
v0xaaaaefb76da0_0 .net "HEX2", 6 0, v0xaaaaefb727d0_0;  1 drivers
v0xaaaaefb76e90_0 .net "HEX3", 6 0, v0xaaaaefb72cb0_0;  1 drivers
v0xaaaaefb76fa0_0 .var "SW", 7 0;
S_0xaaaaefb31980 .scope module, "dut" "tiny_calculator" 3 8, 4 13 0, S_0xaaaaefb4ad70;
 .timescale 0 0;
    .port_info 0 /INPUT 8 "SW";
    .port_info 1 /OUTPUT 7 "HEX0";
    .port_info 2 /OUTPUT 7 "HEX1";
    .port_info 3 /OUTPUT 7 "HEX2";
    .port_info 4 /OUTPUT 7 "HEX3";
v0xaaaaefb762c0_0 .net "HEX0", 6 0, v0xaaaaefb71f30_0;  alias, 1 drivers
v0xaaaaefb763a0_0 .net "HEX1", 6 0, v0xaaaaefb72390_0;  alias, 1 drivers
v0xaaaaefb76440_0 .net "HEX2", 6 0, v0xaaaaefb727d0_0;  alias, 1 drivers
v0xaaaaefb76540_0 .net "HEX3", 6 0, v0xaaaaefb72cb0_0;  alias, 1 drivers
v0xaaaaefb76610_0 .net "SW", 7 0, v0xaaaaefb76fa0_0;  1 drivers
L_0xffff9b5b6060 .functor BUFT 1, C4<000>, C4<0>, C4<0>, C4<0>;
v0xaaaaefb76700_0 .net/2u *"_ivl_8", 2 0, L_0xffff9b5b6060;  1 drivers
L_0xffff9b5b6018 .functor BUFT 1, C4<0>, C4<0>, C4<0>, C4<0>;
v0xaaaaefb767e0_0 .net "inp_carry", 0 0, L_0xffff9b5b6018;  1 drivers
v0xaaaaefb768d0_0 .net "out_carry", 3 0, L_0xaaaaefb79770;  1 drivers
v0xaaaaefb76990_0 .net "result", 3 0, L_0xaaaaefb79500;  1 drivers
L_0xaaaaefb770b0 .part v0xaaaaefb76fa0_0, 0, 4;
L_0xaaaaefb771a0 .part v0xaaaaefb76fa0_0, 4, 4;
L_0xaaaaefb795a0 .part v0xaaaaefb76fa0_0, 0, 4;
L_0xaaaaefb796d0 .part v0xaaaaefb76fa0_0, 4, 4;
L_0xaaaaefb79770 .concat8 [ 1 3 0 0], L_0xaaaaefb78fd0, L_0xffff9b5b6060;
S_0xaaaaefb4d4f0 .scope module, "dec1" "decoder" 4 19, 5 7 0, S_0xaaaaefb31980;
 .timescale 0 0;
    .port_info 0 /INPUT 4 "i_binary_number";
    .port_info 1 /OUTPUT 7 "o_display";
v0xaaaaefb2f7a0_0 .net "i_binary_number", 3 0, L_0xaaaaefb770b0;  1 drivers
v0xaaaaefb71f30_0 .var "o_display", 6 0;
E_0xaaaaefb44080 .event edge, v0xaaaaefb2f7a0_0;
S_0xaaaaefb72070 .scope module, "dec2" "decoder" 4 20, 5 7 0, S_0xaaaaefb31980;
 .timescale 0 0;
    .port_info 0 /INPUT 4 "i_binary_number";
    .port_info 1 /OUTPUT 7 "o_display";
v0xaaaaefb72290_0 .net "i_binary_number", 3 0, L_0xaaaaefb771a0;  1 drivers
v0xaaaaefb72390_0 .var "o_display", 6 0;
E_0xaaaaefb440c0 .event edge, v0xaaaaefb72290_0;
S_0xaaaaefb724d0 .scope module, "dec3" "decoder" 4 31, 5 7 0, S_0xaaaaefb31980;
 .timescale 0 0;
    .port_info 0 /INPUT 4 "i_binary_number";
    .port_info 1 /OUTPUT 7 "o_display";
v0xaaaaefb726d0_0 .net "i_binary_number", 3 0, L_0xaaaaefb79500;  alias, 1 drivers
v0xaaaaefb727d0_0 .var "o_display", 6 0;
E_0xaaaaefb55780 .event edge, v0xaaaaefb726d0_0;
S_0xaaaaefb72910 .scope module, "dec4" "decoder" 4 33, 5 7 0, S_0xaaaaefb31980;
 .timescale 0 0;
    .port_info 0 /INPUT 4 "i_binary_number";
    .port_info 1 /OUTPUT 7 "o_display";
v0xaaaaefb72bb0_0 .net "i_binary_number", 3 0, L_0xaaaaefb79770;  alias, 1 drivers
v0xaaaaefb72cb0_0 .var "o_display", 6 0;
E_0xaaaaefb72b30 .event edge, v0xaaaaefb72bb0_0;
S_0xaaaaefb72df0 .scope module, "rca" "ripple_carry_adder_4" 4 29, 6 10 0, S_0xaaaaefb31980;
 .timescale 0 0;
    .port_info 0 /INPUT 4 "i_a";
    .port_info 1 /INPUT 4 "i_b";
    .port_info 2 /INPUT 1 "i_carry_in";
    .port_info 3 /OUTPUT 4 "o_s";
    .port_info 4 /OUTPUT 1 "o_carry_out";
v0xaaaaefb75bc0_0 .net "i_a", 3 0, L_0xaaaaefb795a0;  1 drivers
v0xaaaaefb75cc0_0 .net "i_b", 3 0, L_0xaaaaefb796d0;  1 drivers
v0xaaaaefb75da0_0 .net "i_carry_in", 0 0, L_0xffff9b5b6018;  alias, 1 drivers
v0xaaaaefb75e70_0 .net "l_carry_1", 0 0, L_0xaaaaefb77750;  1 drivers
v0xaaaaefb75f10_0 .net "l_carry_2", 0 0, L_0xaaaaefb77f60;  1 drivers
v0xaaaaefb76050_0 .net "l_carry_3", 0 0, L_0xaaaaefb787e0;  1 drivers
v0xaaaaefb76140_0 .net "o_carry_out", 0 0, L_0xaaaaefb78fd0;  1 drivers
v0xaaaaefb761e0_0 .net "o_s", 3 0, L_0xaaaaefb79500;  alias, 1 drivers
L_0xaaaaefb77860 .part L_0xaaaaefb795a0, 0, 1;
L_0xaaaaefb77990 .part L_0xaaaaefb796d0, 0, 1;
L_0xaaaaefb78070 .part L_0xaaaaefb795a0, 1, 1;
L_0xaaaaefb781a0 .part L_0xaaaaefb796d0, 1, 1;
L_0xaaaaefb788f0 .part L_0xaaaaefb795a0, 2, 1;
L_0xaaaaefb78a20 .part L_0xaaaaefb796d0, 2, 1;
L_0xaaaaefb79130 .part L_0xaaaaefb795a0, 3, 1;
L_0xaaaaefb792f0 .part L_0xaaaaefb796d0, 3, 1;
L_0xaaaaefb79500 .concat8 [ 1 1 1 1], L_0xaaaaefb772b0, L_0xaaaaefb77b60, L_0xaaaaefb78370, L_0xaaaaefb78c00;
S_0xaaaaefb73020 .scope module, "adder_0" "full_adder_1" 6 18, 7 10 0, S_0xaaaaefb72df0;
 .timescale 0 0;
    .port_info 0 /INPUT 1 "i_a";
    .port_info 1 /INPUT 1 "i_b";
    .port_info 2 /INPUT 1 "i_carry_in";
    .port_info 3 /OUTPUT 1 "o_s";
    .port_info 4 /OUTPUT 1 "o_carry_out";
L_0xaaaaefb77240 .functor XOR 1, L_0xaaaaefb77860, L_0xaaaaefb77990, C4<0>, C4<0>;
L_0xaaaaefb772b0 .functor XOR 1, L_0xaaaaefb77240, L_0xffff9b5b6018, C4<0>, C4<0>;
L_0xaaaaefb77430 .functor AND 1, L_0xaaaaefb77860, L_0xaaaaefb77990, C4<1>, C4<1>;
L_0xaaaaefb774f0 .functor AND 1, L_0xaaaaefb77860, L_0xffff9b5b6018, C4<1>, C4<1>;
L_0xaaaaefb77590 .functor OR 1, L_0xaaaaefb77430, L_0xaaaaefb774f0, C4<0>, C4<0>;
L_0xaaaaefb776a0 .functor AND 1, L_0xaaaaefb77990, L_0xffff9b5b6018, C4<1>, C4<1>;
L_0xaaaaefb77750 .functor OR 1, L_0xaaaaefb77590, L_0xaaaaefb776a0, C4<0>, C4<0>;
v0xaaaaefb73200_0 .net *"_ivl_0", 0 0, L_0xaaaaefb77240;  1 drivers
v0xaaaaefb73300_0 .net *"_ivl_10", 0 0, L_0xaaaaefb776a0;  1 drivers
v0xaaaaefb733e0_0 .net *"_ivl_4", 0 0, L_0xaaaaefb77430;  1 drivers
v0xaaaaefb734a0_0 .net *"_ivl_6", 0 0, L_0xaaaaefb774f0;  1 drivers
v0xaaaaefb73580_0 .net *"_ivl_8", 0 0, L_0xaaaaefb77590;  1 drivers
v0xaaaaefb736b0_0 .net "i_a", 0 0, L_0xaaaaefb77860;  1 drivers
v0xaaaaefb73770_0 .net "i_b", 0 0, L_0xaaaaefb77990;  1 drivers
v0xaaaaefb73830_0 .net "i_carry_in", 0 0, L_0xffff9b5b6018;  alias, 1 drivers
v0xaaaaefb738f0_0 .net "o_carry_out", 0 0, L_0xaaaaefb77750;  alias, 1 drivers
v0xaaaaefb739b0_0 .net "o_s", 0 0, L_0xaaaaefb772b0;  1 drivers
S_0xaaaaefb73b10 .scope module, "adder_1" "full_adder_1" 6 24, 7 10 0, S_0xaaaaefb72df0;
 .timescale 0 0;
    .port_info 0 /INPUT 1 "i_a";
    .port_info 1 /INPUT 1 "i_b";
    .port_info 2 /INPUT 1 "i_carry_in";
    .port_info 3 /OUTPUT 1 "o_s";
    .port_info 4 /OUTPUT 1 "o_carry_out";
L_0xaaaaefb77ac0 .functor XOR 1, L_0xaaaaefb78070, L_0xaaaaefb781a0, C4<0>, C4<0>;
L_0xaaaaefb77b60 .functor XOR 1, L_0xaaaaefb77ac0, L_0xaaaaefb77750, C4<0>, C4<0>;
L_0xaaaaefb77c90 .functor AND 1, L_0xaaaaefb78070, L_0xaaaaefb781a0, C4<1>, C4<1>;
L_0xaaaaefb77d00 .functor AND 1, L_0xaaaaefb78070, L_0xaaaaefb77750, C4<1>, C4<1>;
L_0xaaaaefb77da0 .functor OR 1, L_0xaaaaefb77c90, L_0xaaaaefb77d00, C4<0>, C4<0>;
L_0xaaaaefb77eb0 .functor AND 1, L_0xaaaaefb781a0, L_0xaaaaefb77750, C4<1>, C4<1>;
L_0xaaaaefb77f60 .functor OR 1, L_0xaaaaefb77da0, L_0xaaaaefb77eb0, C4<0>, C4<0>;
v0xaaaaefb73cc0_0 .net *"_ivl_0", 0 0, L_0xaaaaefb77ac0;  1 drivers
v0xaaaaefb73da0_0 .net *"_ivl_10", 0 0, L_0xaaaaefb77eb0;  1 drivers
v0xaaaaefb73e80_0 .net *"_ivl_4", 0 0, L_0xaaaaefb77c90;  1 drivers
v0xaaaaefb73f40_0 .net *"_ivl_6", 0 0, L_0xaaaaefb77d00;  1 drivers
v0xaaaaefb74020_0 .net *"_ivl_8", 0 0, L_0xaaaaefb77da0;  1 drivers
v0xaaaaefb74150_0 .net "i_a", 0 0, L_0xaaaaefb78070;  1 drivers
v0xaaaaefb74210_0 .net "i_b", 0 0, L_0xaaaaefb781a0;  1 drivers
v0xaaaaefb742d0_0 .net "i_carry_in", 0 0, L_0xaaaaefb77750;  alias, 1 drivers
v0xaaaaefb74370_0 .net "o_carry_out", 0 0, L_0xaaaaefb77f60;  alias, 1 drivers
v0xaaaaefb74410_0 .net "o_s", 0 0, L_0xaaaaefb77b60;  1 drivers
S_0xaaaaefb745a0 .scope module, "adder_2" "full_adder_1" 6 30, 7 10 0, S_0xaaaaefb72df0;
 .timescale 0 0;
    .port_info 0 /INPUT 1 "i_a";
    .port_info 1 /INPUT 1 "i_b";
    .port_info 2 /INPUT 1 "i_carry_in";
    .port_info 3 /OUTPUT 1 "o_s";
    .port_info 4 /OUTPUT 1 "o_carry_out";
L_0xaaaaefb78300 .functor XOR 1, L_0xaaaaefb788f0, L_0xaaaaefb78a20, C4<0>, C4<0>;
L_0xaaaaefb78370 .functor XOR 1, L_0xaaaaefb78300, L_0xaaaaefb77f60, C4<0>, C4<0>;
L_0xaaaaefb784c0 .functor AND 1, L_0xaaaaefb788f0, L_0xaaaaefb78a20, C4<1>, C4<1>;
L_0xaaaaefb78580 .functor AND 1, L_0xaaaaefb788f0, L_0xaaaaefb77f60, C4<1>, C4<1>;
L_0xaaaaefb78620 .functor OR 1, L_0xaaaaefb784c0, L_0xaaaaefb78580, C4<0>, C4<0>;
L_0xaaaaefb78730 .functor AND 1, L_0xaaaaefb78a20, L_0xaaaaefb77f60, C4<1>, C4<1>;
L_0xaaaaefb787e0 .functor OR 1, L_0xaaaaefb78620, L_0xaaaaefb78730, C4<0>, C4<0>;
v0xaaaaefb74760_0 .net *"_ivl_0", 0 0, L_0xaaaaefb78300;  1 drivers
v0xaaaaefb74840_0 .net *"_ivl_10", 0 0, L_0xaaaaefb78730;  1 drivers
v0xaaaaefb74920_0 .net *"_ivl_4", 0 0, L_0xaaaaefb784c0;  1 drivers
v0xaaaaefb74a10_0 .net *"_ivl_6", 0 0, L_0xaaaaefb78580;  1 drivers
v0xaaaaefb74af0_0 .net *"_ivl_8", 0 0, L_0xaaaaefb78620;  1 drivers
v0xaaaaefb74c20_0 .net "i_a", 0 0, L_0xaaaaefb788f0;  1 drivers
v0xaaaaefb74ce0_0 .net "i_b", 0 0, L_0xaaaaefb78a20;  1 drivers
v0xaaaaefb74da0_0 .net "i_carry_in", 0 0, L_0xaaaaefb77f60;  alias, 1 drivers
v0xaaaaefb74e40_0 .net "o_carry_out", 0 0, L_0xaaaaefb787e0;  alias, 1 drivers
v0xaaaaefb74ee0_0 .net "o_s", 0 0, L_0xaaaaefb78370;  1 drivers
S_0xaaaaefb75070 .scope module, "adder_3" "full_adder_1" 6 36, 7 10 0, S_0xaaaaefb72df0;
 .timescale 0 0;
    .port_info 0 /INPUT 1 "i_a";
    .port_info 1 /INPUT 1 "i_b";
    .port_info 2 /INPUT 1 "i_carry_in";
    .port_info 3 /OUTPUT 1 "o_s";
    .port_info 4 /OUTPUT 1 "o_carry_out";
L_0xaaaaefb78b90 .functor XOR 1, L_0xaaaaefb79130, L_0xaaaaefb792f0, C4<0>, C4<0>;
L_0xaaaaefb78c00 .functor XOR 1, L_0xaaaaefb78b90, L_0xaaaaefb787e0, C4<0>, C4<0>;
L_0xaaaaefb78d00 .functor AND 1, L_0xaaaaefb79130, L_0xaaaaefb792f0, C4<1>, C4<1>;
L_0xaaaaefb78d70 .functor AND 1, L_0xaaaaefb79130, L_0xaaaaefb787e0, C4<1>, C4<1>;
L_0xaaaaefb78e10 .functor OR 1, L_0xaaaaefb78d00, L_0xaaaaefb78d70, C4<0>, C4<0>;
L_0xaaaaefb78f20 .functor AND 1, L_0xaaaaefb792f0, L_0xaaaaefb787e0, C4<1>, C4<1>;
L_0xaaaaefb78fd0 .functor OR 1, L_0xaaaaefb78e10, L_0xaaaaefb78f20, C4<0>, C4<0>;
v0xaaaaefb75200_0 .net *"_ivl_0", 0 0, L_0xaaaaefb78b90;  1 drivers
v0xaaaaefb75300_0 .net *"_ivl_10", 0 0, L_0xaaaaefb78f20;  1 drivers
v0xaaaaefb753e0_0 .net *"_ivl_4", 0 0, L_0xaaaaefb78d00;  1 drivers
v0xaaaaefb754d0_0 .net *"_ivl_6", 0 0, L_0xaaaaefb78d70;  1 drivers
v0xaaaaefb755b0_0 .net *"_ivl_8", 0 0, L_0xaaaaefb78e10;  1 drivers
v0xaaaaefb756e0_0 .net "i_a", 0 0, L_0xaaaaefb79130;  1 drivers
v0xaaaaefb757a0_0 .net "i_b", 0 0, L_0xaaaaefb792f0;  1 drivers
v0xaaaaefb75860_0 .net "i_carry_in", 0 0, L_0xaaaaefb787e0;  alias, 1 drivers
v0xaaaaefb75900_0 .net "o_carry_out", 0 0, L_0xaaaaefb78fd0;  alias, 1 drivers
v0xaaaaefb75a30_0 .net "o_s", 0 0, L_0xaaaaefb78c00;  1 drivers
    .scope S_0xaaaaefb4d4f0;
T_0 ;
Ewait_0 .event/or E_0xaaaaefb44080, E_0x0;
    %wait Ewait_0;
    %load/vec4 v0xaaaaefb2f7a0_0;
    %dup/vec4;
    %pushi/vec4 0, 0, 4;
    %cmp/u;
    %jmp/1 T_0.0, 6;
    %dup/vec4;
    %pushi/vec4 1, 0, 4;
    %cmp/u;
    %jmp/1 T_0.1, 6;
    %dup/vec4;
    %pushi/vec4 2, 0, 4;
    %cmp/u;
    %jmp/1 T_0.2, 6;
    %dup/vec4;
    %pushi/vec4 3, 0, 4;
    %cmp/u;
    %jmp/1 T_0.3, 6;
    %dup/vec4;
    %pushi/vec4 4, 0, 4;
    %cmp/u;
    %jmp/1 T_0.4, 6;
    %dup/vec4;
    %pushi/vec4 5, 0, 4;
    %cmp/u;
    %jmp/1 T_0.5, 6;
    %dup/vec4;
    %pushi/vec4 6, 0, 4;
    %cmp/u;
    %jmp/1 T_0.6, 6;
    %dup/vec4;
    %pushi/vec4 7, 0, 4;
    %cmp/u;
    %jmp/1 T_0.7, 6;
    %dup/vec4;
    %pushi/vec4 8, 0, 4;
    %cmp/u;
    %jmp/1 T_0.8, 6;
    %dup/vec4;
    %pushi/vec4 9, 0, 4;
    %cmp/u;
    %jmp/1 T_0.9, 6;
    %dup/vec4;
    %pushi/vec4 10, 0, 4;
    %cmp/u;
    %jmp/1 T_0.10, 6;
    %dup/vec4;
    %pushi/vec4 11, 0, 4;
    %cmp/u;
    %jmp/1 T_0.11, 6;
    %dup/vec4;
    %pushi/vec4 12, 0, 4;
    %cmp/u;
    %jmp/1 T_0.12, 6;
    %dup/vec4;
    %pushi/vec4 13, 0, 4;
    %cmp/u;
    %jmp/1 T_0.13, 6;
    %dup/vec4;
    %pushi/vec4 14, 0, 4;
    %cmp/u;
    %jmp/1 T_0.14, 6;
    %dup/vec4;
    %pushi/vec4 15, 0, 4;
    %cmp/u;
    %jmp/1 T_0.15, 6;
    %pushi/vec4 127, 127, 7;
    %store/vec4 v0xaaaaefb71f30_0, 0, 7;
    %jmp T_0.17;
T_0.0 ;
    %pushi/vec4 64, 0, 7;
    %store/vec4 v0xaaaaefb71f30_0, 0, 7;
    %jmp T_0.17;
T_0.1 ;
    %pushi/vec4 121, 0, 7;
    %store/vec4 v0xaaaaefb71f30_0, 0, 7;
    %jmp T_0.17;
T_0.2 ;
    %pushi/vec4 36, 0, 7;
    %store/vec4 v0xaaaaefb71f30_0, 0, 7;
    %jmp T_0.17;
T_0.3 ;
    %pushi/vec4 48, 0, 7;
    %store/vec4 v0xaaaaefb71f30_0, 0, 7;
    %jmp T_0.17;
T_0.4 ;
    %pushi/vec4 25, 0, 7;
    %store/vec4 v0xaaaaefb71f30_0, 0, 7;
    %jmp T_0.17;
T_0.5 ;
    %pushi/vec4 18, 0, 7;
    %store/vec4 v0xaaaaefb71f30_0, 0, 7;
    %jmp T_0.17;
T_0.6 ;
    %pushi/vec4 2, 0, 7;
    %store/vec4 v0xaaaaefb71f30_0, 0, 7;
    %jmp T_0.17;
T_0.7 ;
    %pushi/vec4 120, 0, 7;
    %store/vec4 v0xaaaaefb71f30_0, 0, 7;
    %jmp T_0.17;
T_0.8 ;
    %pushi/vec4 0, 0, 7;
    %store/vec4 v0xaaaaefb71f30_0, 0, 7;
    %jmp T_0.17;
T_0.9 ;
    %pushi/vec4 16, 0, 7;
    %store/vec4 v0xaaaaefb71f30_0, 0, 7;
    %jmp T_0.17;
T_0.10 ;
    %pushi/vec4 8, 0, 7;
    %store/vec4 v0xaaaaefb71f30_0, 0, 7;
    %jmp T_0.17;
T_0.11 ;
    %pushi/vec4 3, 0, 7;
    %store/vec4 v0xaaaaefb71f30_0, 0, 7;
    %jmp T_0.17;
T_0.12 ;
    %pushi/vec4 70, 0, 7;
    %store/vec4 v0xaaaaefb71f30_0, 0, 7;
    %jmp T_0.17;
T_0.13 ;
    %pushi/vec4 33, 0, 7;
    %store/vec4 v0xaaaaefb71f30_0, 0, 7;
    %jmp T_0.17;
T_0.14 ;
    %pushi/vec4 6, 0, 7;
    %store/vec4 v0xaaaaefb71f30_0, 0, 7;
    %jmp T_0.17;
T_0.15 ;
    %pushi/vec4 14, 0, 7;
    %store/vec4 v0xaaaaefb71f30_0, 0, 7;
    %jmp T_0.17;
T_0.17 ;
    %pop/vec4 1;
    %jmp T_0;
    .thread T_0, $push;
    .scope S_0xaaaaefb72070;
T_1 ;
Ewait_1 .event/or E_0xaaaaefb440c0, E_0x0;
    %wait Ewait_1;
    %load/vec4 v0xaaaaefb72290_0;
    %dup/vec4;
    %pushi/vec4 0, 0, 4;
    %cmp/u;
    %jmp/1 T_1.0, 6;
    %dup/vec4;
    %pushi/vec4 1, 0, 4;
    %cmp/u;
    %jmp/1 T_1.1, 6;
    %dup/vec4;
    %pushi/vec4 2, 0, 4;
    %cmp/u;
    %jmp/1 T_1.2, 6;
    %dup/vec4;
    %pushi/vec4 3, 0, 4;
    %cmp/u;
    %jmp/1 T_1.3, 6;
    %dup/vec4;
    %pushi/vec4 4, 0, 4;
    %cmp/u;
    %jmp/1 T_1.4, 6;
    %dup/vec4;
    %pushi/vec4 5, 0, 4;
    %cmp/u;
    %jmp/1 T_1.5, 6;
    %dup/vec4;
    %pushi/vec4 6, 0, 4;
    %cmp/u;
    %jmp/1 T_1.6, 6;
    %dup/vec4;
    %pushi/vec4 7, 0, 4;
    %cmp/u;
    %jmp/1 T_1.7, 6;
    %dup/vec4;
    %pushi/vec4 8, 0, 4;
    %cmp/u;
    %jmp/1 T_1.8, 6;
    %dup/vec4;
    %pushi/vec4 9, 0, 4;
    %cmp/u;
    %jmp/1 T_1.9, 6;
    %dup/vec4;
    %pushi/vec4 10, 0, 4;
    %cmp/u;
    %jmp/1 T_1.10, 6;
    %dup/vec4;
    %pushi/vec4 11, 0, 4;
    %cmp/u;
    %jmp/1 T_1.11, 6;
    %dup/vec4;
    %pushi/vec4 12, 0, 4;
    %cmp/u;
    %jmp/1 T_1.12, 6;
    %dup/vec4;
    %pushi/vec4 13, 0, 4;
    %cmp/u;
    %jmp/1 T_1.13, 6;
    %dup/vec4;
    %pushi/vec4 14, 0, 4;
    %cmp/u;
    %jmp/1 T_1.14, 6;
    %dup/vec4;
    %pushi/vec4 15, 0, 4;
    %cmp/u;
    %jmp/1 T_1.15, 6;
    %pushi/vec4 127, 127, 7;
    %store/vec4 v0xaaaaefb72390_0, 0, 7;
    %jmp T_1.17;
T_1.0 ;
    %pushi/vec4 64, 0, 7;
    %store/vec4 v0xaaaaefb72390_0, 0, 7;
    %jmp T_1.17;
T_1.1 ;
    %pushi/vec4 121, 0, 7;
    %store/vec4 v0xaaaaefb72390_0, 0, 7;
    %jmp T_1.17;
T_1.2 ;
    %pushi/vec4 36, 0, 7;
    %store/vec4 v0xaaaaefb72390_0, 0, 7;
    %jmp T_1.17;
T_1.3 ;
    %pushi/vec4 48, 0, 7;
    %store/vec4 v0xaaaaefb72390_0, 0, 7;
    %jmp T_1.17;
T_1.4 ;
    %pushi/vec4 25, 0, 7;
    %store/vec4 v0xaaaaefb72390_0, 0, 7;
    %jmp T_1.17;
T_1.5 ;
    %pushi/vec4 18, 0, 7;
    %store/vec4 v0xaaaaefb72390_0, 0, 7;
    %jmp T_1.17;
T_1.6 ;
    %pushi/vec4 2, 0, 7;
    %store/vec4 v0xaaaaefb72390_0, 0, 7;
    %jmp T_1.17;
T_1.7 ;
    %pushi/vec4 120, 0, 7;
    %store/vec4 v0xaaaaefb72390_0, 0, 7;
    %jmp T_1.17;
T_1.8 ;
    %pushi/vec4 0, 0, 7;
    %store/vec4 v0xaaaaefb72390_0, 0, 7;
    %jmp T_1.17;
T_1.9 ;
    %pushi/vec4 16, 0, 7;
    %store/vec4 v0xaaaaefb72390_0, 0, 7;
    %jmp T_1.17;
T_1.10 ;
    %pushi/vec4 8, 0, 7;
    %store/vec4 v0xaaaaefb72390_0, 0, 7;
    %jmp T_1.17;
T_1.11 ;
    %pushi/vec4 3, 0, 7;
    %store/vec4 v0xaaaaefb72390_0, 0, 7;
    %jmp T_1.17;
T_1.12 ;
    %pushi/vec4 70, 0, 7;
    %store/vec4 v0xaaaaefb72390_0, 0, 7;
    %jmp T_1.17;
T_1.13 ;
    %pushi/vec4 33, 0, 7;
    %store/vec4 v0xaaaaefb72390_0, 0, 7;
    %jmp T_1.17;
T_1.14 ;
    %pushi/vec4 6, 0, 7;
    %store/vec4 v0xaaaaefb72390_0, 0, 7;
    %jmp T_1.17;
T_1.15 ;
    %pushi/vec4 14, 0, 7;
    %store/vec4 v0xaaaaefb72390_0, 0, 7;
    %jmp T_1.17;
T_1.17 ;
    %pop/vec4 1;
    %jmp T_1;
    .thread T_1, $push;
    .scope S_0xaaaaefb724d0;
T_2 ;
Ewait_2 .event/or E_0xaaaaefb55780, E_0x0;
    %wait Ewait_2;
    %load/vec4 v0xaaaaefb726d0_0;
    %dup/vec4;
    %pushi/vec4 0, 0, 4;
    %cmp/u;
    %jmp/1 T_2.0, 6;
    %dup/vec4;
    %pushi/vec4 1, 0, 4;
    %cmp/u;
    %jmp/1 T_2.1, 6;
    %dup/vec4;
    %pushi/vec4 2, 0, 4;
    %cmp/u;
    %jmp/1 T_2.2, 6;
    %dup/vec4;
    %pushi/vec4 3, 0, 4;
    %cmp/u;
    %jmp/1 T_2.3, 6;
    %dup/vec4;
    %pushi/vec4 4, 0, 4;
    %cmp/u;
    %jmp/1 T_2.4, 6;
    %dup/vec4;
    %pushi/vec4 5, 0, 4;
    %cmp/u;
    %jmp/1 T_2.5, 6;
    %dup/vec4;
    %pushi/vec4 6, 0, 4;
    %cmp/u;
    %jmp/1 T_2.6, 6;
    %dup/vec4;
    %pushi/vec4 7, 0, 4;
    %cmp/u;
    %jmp/1 T_2.7, 6;
    %dup/vec4;
    %pushi/vec4 8, 0, 4;
    %cmp/u;
    %jmp/1 T_2.8, 6;
    %dup/vec4;
    %pushi/vec4 9, 0, 4;
    %cmp/u;
    %jmp/1 T_2.9, 6;
    %dup/vec4;
    %pushi/vec4 10, 0, 4;
    %cmp/u;
    %jmp/1 T_2.10, 6;
    %dup/vec4;
    %pushi/vec4 11, 0, 4;
    %cmp/u;
    %jmp/1 T_2.11, 6;
    %dup/vec4;
    %pushi/vec4 12, 0, 4;
    %cmp/u;
    %jmp/1 T_2.12, 6;
    %dup/vec4;
    %pushi/vec4 13, 0, 4;
    %cmp/u;
    %jmp/1 T_2.13, 6;
    %dup/vec4;
    %pushi/vec4 14, 0, 4;
    %cmp/u;
    %jmp/1 T_2.14, 6;
    %dup/vec4;
    %pushi/vec4 15, 0, 4;
    %cmp/u;
    %jmp/1 T_2.15, 6;
    %pushi/vec4 127, 127, 7;
    %store/vec4 v0xaaaaefb727d0_0, 0, 7;
    %jmp T_2.17;
T_2.0 ;
    %pushi/vec4 64, 0, 7;
    %store/vec4 v0xaaaaefb727d0_0, 0, 7;
    %jmp T_2.17;
T_2.1 ;
    %pushi/vec4 121, 0, 7;
    %store/vec4 v0xaaaaefb727d0_0, 0, 7;
    %jmp T_2.17;
T_2.2 ;
    %pushi/vec4 36, 0, 7;
    %store/vec4 v0xaaaaefb727d0_0, 0, 7;
    %jmp T_2.17;
T_2.3 ;
    %pushi/vec4 48, 0, 7;
    %store/vec4 v0xaaaaefb727d0_0, 0, 7;
    %jmp T_2.17;
T_2.4 ;
    %pushi/vec4 25, 0, 7;
    %store/vec4 v0xaaaaefb727d0_0, 0, 7;
    %jmp T_2.17;
T_2.5 ;
    %pushi/vec4 18, 0, 7;
    %store/vec4 v0xaaaaefb727d0_0, 0, 7;
    %jmp T_2.17;
T_2.6 ;
    %pushi/vec4 2, 0, 7;
    %store/vec4 v0xaaaaefb727d0_0, 0, 7;
    %jmp T_2.17;
T_2.7 ;
    %pushi/vec4 120, 0, 7;
    %store/vec4 v0xaaaaefb727d0_0, 0, 7;
    %jmp T_2.17;
T_2.8 ;
    %pushi/vec4 0, 0, 7;
    %store/vec4 v0xaaaaefb727d0_0, 0, 7;
    %jmp T_2.17;
T_2.9 ;
    %pushi/vec4 16, 0, 7;
    %store/vec4 v0xaaaaefb727d0_0, 0, 7;
    %jmp T_2.17;
T_2.10 ;
    %pushi/vec4 8, 0, 7;
    %store/vec4 v0xaaaaefb727d0_0, 0, 7;
    %jmp T_2.17;
T_2.11 ;
    %pushi/vec4 3, 0, 7;
    %store/vec4 v0xaaaaefb727d0_0, 0, 7;
    %jmp T_2.17;
T_2.12 ;
    %pushi/vec4 70, 0, 7;
    %store/vec4 v0xaaaaefb727d0_0, 0, 7;
    %jmp T_2.17;
T_2.13 ;
    %pushi/vec4 33, 0, 7;
    %store/vec4 v0xaaaaefb727d0_0, 0, 7;
    %jmp T_2.17;
T_2.14 ;
    %pushi/vec4 6, 0, 7;
    %store/vec4 v0xaaaaefb727d0_0, 0, 7;
    %jmp T_2.17;
T_2.15 ;
    %pushi/vec4 14, 0, 7;
    %store/vec4 v0xaaaaefb727d0_0, 0, 7;
    %jmp T_2.17;
T_2.17 ;
    %pop/vec4 1;
    %jmp T_2;
    .thread T_2, $push;
    .scope S_0xaaaaefb72910;
T_3 ;
Ewait_3 .event/or E_0xaaaaefb72b30, E_0x0;
    %wait Ewait_3;
    %load/vec4 v0xaaaaefb72bb0_0;
    %dup/vec4;
    %pushi/vec4 0, 0, 4;
    %cmp/u;
    %jmp/1 T_3.0, 6;
    %dup/vec4;
    %pushi/vec4 1, 0, 4;
    %cmp/u;
    %jmp/1 T_3.1, 6;
    %dup/vec4;
    %pushi/vec4 2, 0, 4;
    %cmp/u;
    %jmp/1 T_3.2, 6;
    %dup/vec4;
    %pushi/vec4 3, 0, 4;
    %cmp/u;
    %jmp/1 T_3.3, 6;
    %dup/vec4;
    %pushi/vec4 4, 0, 4;
    %cmp/u;
    %jmp/1 T_3.4, 6;
    %dup/vec4;
    %pushi/vec4 5, 0, 4;
    %cmp/u;
    %jmp/1 T_3.5, 6;
    %dup/vec4;
    %pushi/vec4 6, 0, 4;
    %cmp/u;
    %jmp/1 T_3.6, 6;
    %dup/vec4;
    %pushi/vec4 7, 0, 4;
    %cmp/u;
    %jmp/1 T_3.7, 6;
    %dup/vec4;
    %pushi/vec4 8, 0, 4;
    %cmp/u;
    %jmp/1 T_3.8, 6;
    %dup/vec4;
    %pushi/vec4 9, 0, 4;
    %cmp/u;
    %jmp/1 T_3.9, 6;
    %dup/vec4;
    %pushi/vec4 10, 0, 4;
    %cmp/u;
    %jmp/1 T_3.10, 6;
    %dup/vec4;
    %pushi/vec4 11, 0, 4;
    %cmp/u;
    %jmp/1 T_3.11, 6;
    %dup/vec4;
    %pushi/vec4 12, 0, 4;
    %cmp/u;
    %jmp/1 T_3.12, 6;
    %dup/vec4;
    %pushi/vec4 13, 0, 4;
    %cmp/u;
    %jmp/1 T_3.13, 6;
    %dup/vec4;
    %pushi/vec4 14, 0, 4;
    %cmp/u;
    %jmp/1 T_3.14, 6;
    %dup/vec4;
    %pushi/vec4 15, 0, 4;
    %cmp/u;
    %jmp/1 T_3.15, 6;
    %pushi/vec4 127, 127, 7;
    %store/vec4 v0xaaaaefb72cb0_0, 0, 7;
    %jmp T_3.17;
T_3.0 ;
    %pushi/vec4 64, 0, 7;
    %store/vec4 v0xaaaaefb72cb0_0, 0, 7;
    %jmp T_3.17;
T_3.1 ;
    %pushi/vec4 121, 0, 7;
    %store/vec4 v0xaaaaefb72cb0_0, 0, 7;
    %jmp T_3.17;
T_3.2 ;
    %pushi/vec4 36, 0, 7;
    %store/vec4 v0xaaaaefb72cb0_0, 0, 7;
    %jmp T_3.17;
T_3.3 ;
    %pushi/vec4 48, 0, 7;
    %store/vec4 v0xaaaaefb72cb0_0, 0, 7;
    %jmp T_3.17;
T_3.4 ;
    %pushi/vec4 25, 0, 7;
    %store/vec4 v0xaaaaefb72cb0_0, 0, 7;
    %jmp T_3.17;
T_3.5 ;
    %pushi/vec4 18, 0, 7;
    %store/vec4 v0xaaaaefb72cb0_0, 0, 7;
    %jmp T_3.17;
T_3.6 ;
    %pushi/vec4 2, 0, 7;
    %store/vec4 v0xaaaaefb72cb0_0, 0, 7;
    %jmp T_3.17;
T_3.7 ;
    %pushi/vec4 120, 0, 7;
    %store/vec4 v0xaaaaefb72cb0_0, 0, 7;
    %jmp T_3.17;
T_3.8 ;
    %pushi/vec4 0, 0, 7;
    %store/vec4 v0xaaaaefb72cb0_0, 0, 7;
    %jmp T_3.17;
T_3.9 ;
    %pushi/vec4 16, 0, 7;
    %store/vec4 v0xaaaaefb72cb0_0, 0, 7;
    %jmp T_3.17;
T_3.10 ;
    %pushi/vec4 8, 0, 7;
    %store/vec4 v0xaaaaefb72cb0_0, 0, 7;
    %jmp T_3.17;
T_3.11 ;
    %pushi/vec4 3, 0, 7;
    %store/vec4 v0xaaaaefb72cb0_0, 0, 7;
    %jmp T_3.17;
T_3.12 ;
    %pushi/vec4 70, 0, 7;
    %store/vec4 v0xaaaaefb72cb0_0, 0, 7;
    %jmp T_3.17;
T_3.13 ;
    %pushi/vec4 33, 0, 7;
    %store/vec4 v0xaaaaefb72cb0_0, 0, 7;
    %jmp T_3.17;
T_3.14 ;
    %pushi/vec4 6, 0, 7;
    %store/vec4 v0xaaaaefb72cb0_0, 0, 7;
    %jmp T_3.17;
T_3.15 ;
    %pushi/vec4 14, 0, 7;
    %store/vec4 v0xaaaaefb72cb0_0, 0, 7;
    %jmp T_3.17;
T_3.17 ;
    %pop/vec4 1;
    %jmp T_3;
    .thread T_3, $push;
    .scope S_0xaaaaefb4ad70;
T_4 ;
    %vpi_call/w 3 12 "$dumpfile", "dump_tiny_calculator.vcd" {0 0 0};
    %vpi_call/w 3 13 "$dumpvars" {0 0 0};
    %pushi/vec4 0, 0, 4;
    %ix/load 4, 0, 0;
    %flag_set/imm 4, 0;
    %store/vec4 v0xaaaaefb76fa0_0, 4, 4;
    %pushi/vec4 0, 0, 4;
    %ix/load 4, 4, 0;
    %flag_set/imm 4, 0;
    %store/vec4 v0xaaaaefb76fa0_0, 4, 4;
    %delay 10, 0;
    %load/vec4 v0xaaaaefb76b60_0;
    %cmpi/e 64, 0, 7;
    %jmp/0xz  T_4.0, 6;
    %jmp T_4.1;
T_4.0 ;
    %vpi_call/w 3 18 "$error" {0 0 0};
T_4.1 ;
    %load/vec4 v0xaaaaefb76c90_0;
    %cmpi/e 64, 0, 7;
    %jmp/0xz  T_4.2, 6;
    %jmp T_4.3;
T_4.2 ;
    %vpi_call/w 3 19 "$error" {0 0 0};
T_4.3 ;
    %load/vec4 v0xaaaaefb76da0_0;
    %cmpi/e 64, 0, 7;
    %jmp/0xz  T_4.4, 6;
    %jmp T_4.5;
T_4.4 ;
    %vpi_call/w 3 20 "$error" {0 0 0};
T_4.5 ;
    %load/vec4 v0xaaaaefb76e90_0;
    %cmpi/e 64, 0, 7;
    %jmp/0xz  T_4.6, 6;
    %jmp T_4.7;
T_4.6 ;
    %vpi_call/w 3 21 "$error" {0 0 0};
T_4.7 ;
    %pushi/vec4 3, 0, 4;
    %ix/load 4, 0, 0;
    %flag_set/imm 4, 0;
    %store/vec4 v0xaaaaefb76fa0_0, 4, 4;
    %pushi/vec4 2, 0, 4;
    %ix/load 4, 4, 0;
    %flag_set/imm 4, 0;
    %store/vec4 v0xaaaaefb76fa0_0, 4, 4;
    %delay 10, 0;
    %load/vec4 v0xaaaaefb76b60_0;
    %cmpi/e 48, 0, 7;
    %jmp/0xz  T_4.8, 6;
    %jmp T_4.9;
T_4.8 ;
    %vpi_call/w 3 26 "$error" {0 0 0};
T_4.9 ;
    %load/vec4 v0xaaaaefb76c90_0;
    %cmpi/e 36, 0, 7;
    %jmp/0xz  T_4.10, 6;
    %jmp T_4.11;
T_4.10 ;
    %vpi_call/w 3 27 "$error" {0 0 0};
T_4.11 ;
    %load/vec4 v0xaaaaefb76da0_0;
    %cmpi/e 18, 0, 7;
    %jmp/0xz  T_4.12, 6;
    %jmp T_4.13;
T_4.12 ;
    %vpi_call/w 3 28 "$error" {0 0 0};
T_4.13 ;
    %load/vec4 v0xaaaaefb76e90_0;
    %cmpi/e 64, 0, 7;
    %jmp/0xz  T_4.14, 6;
    %jmp T_4.15;
T_4.14 ;
    %vpi_call/w 3 29 "$error" {0 0 0};
T_4.15 ;
    %pushi/vec4 7, 0, 4;
    %ix/load 4, 0, 0;
    %flag_set/imm 4, 0;
    %store/vec4 v0xaaaaefb76fa0_0, 4, 4;
    %pushi/vec4 1, 0, 4;
    %ix/load 4, 4, 0;
    %flag_set/imm 4, 0;
    %store/vec4 v0xaaaaefb76fa0_0, 4, 4;
    %delay 10, 0;
    %load/vec4 v0xaaaaefb76b60_0;
    %cmpi/e 120, 0, 7;
    %jmp/0xz  T_4.16, 6;
    %jmp T_4.17;
T_4.16 ;
    %vpi_call/w 3 34 "$error" {0 0 0};
T_4.17 ;
    %load/vec4 v0xaaaaefb76c90_0;
    %cmpi/e 121, 0, 7;
    %jmp/0xz  T_4.18, 6;
    %jmp T_4.19;
T_4.18 ;
    %vpi_call/w 3 35 "$error" {0 0 0};
T_4.19 ;
    %load/vec4 v0xaaaaefb76da0_0;
    %cmpi/e 0, 0, 7;
    %jmp/0xz  T_4.20, 6;
    %jmp T_4.21;
T_4.20 ;
    %vpi_call/w 3 36 "$error" {0 0 0};
T_4.21 ;
    %load/vec4 v0xaaaaefb76e90_0;
    %cmpi/e 64, 0, 7;
    %jmp/0xz  T_4.22, 6;
    %jmp T_4.23;
T_4.22 ;
    %vpi_call/w 3 37 "$error" {0 0 0};
T_4.23 ;
    %pushi/vec4 8, 0, 4;
    %ix/load 4, 0, 0;
    %flag_set/imm 4, 0;
    %store/vec4 v0xaaaaefb76fa0_0, 4, 4;
    %pushi/vec4 8, 0, 4;
    %ix/load 4, 4, 0;
    %flag_set/imm 4, 0;
    %store/vec4 v0xaaaaefb76fa0_0, 4, 4;
    %delay 10, 0;
    %load/vec4 v0xaaaaefb76b60_0;
    %cmpi/e 0, 0, 7;
    %jmp/0xz  T_4.24, 6;
    %jmp T_4.25;
T_4.24 ;
    %vpi_call/w 3 42 "$error" {0 0 0};
T_4.25 ;
    %load/vec4 v0xaaaaefb76c90_0;
    %cmpi/e 0, 0, 7;
    %jmp/0xz  T_4.26, 6;
    %jmp T_4.27;
T_4.26 ;
    %vpi_call/w 3 43 "$error" {0 0 0};
T_4.27 ;
    %load/vec4 v0xaaaaefb76da0_0;
    %cmpi/e 64, 0, 7;
    %jmp/0xz  T_4.28, 6;
    %jmp T_4.29;
T_4.28 ;
    %vpi_call/w 3 44 "$error" {0 0 0};
T_4.29 ;
    %load/vec4 v0xaaaaefb76e90_0;
    %cmpi/e 121, 0, 7;
    %jmp/0xz  T_4.30, 6;
    %jmp T_4.31;
T_4.30 ;
    %vpi_call/w 3 45 "$error" {0 0 0};
T_4.31 ;
    %pushi/vec4 15, 0, 4;
    %ix/load 4, 0, 0;
    %flag_set/imm 4, 0;
    %store/vec4 v0xaaaaefb76fa0_0, 4, 4;
    %pushi/vec4 15, 0, 4;
    %ix/load 4, 4, 0;
    %flag_set/imm 4, 0;
    %store/vec4 v0xaaaaefb76fa0_0, 4, 4;
    %delay 10, 0;
    %load/vec4 v0xaaaaefb76b60_0;
    %cmpi/e 14, 0, 7;
    %jmp/0xz  T_4.32, 6;
    %jmp T_4.33;
T_4.32 ;
    %vpi_call/w 3 50 "$error" {0 0 0};
T_4.33 ;
    %load/vec4 v0xaaaaefb76c90_0;
    %cmpi/e 14, 0, 7;
    %jmp/0xz  T_4.34, 6;
    %jmp T_4.35;
T_4.34 ;
    %vpi_call/w 3 51 "$error" {0 0 0};
T_4.35 ;
    %load/vec4 v0xaaaaefb76da0_0;
    %cmpi/e 6, 0, 7;
    %jmp/0xz  T_4.36, 6;
    %jmp T_4.37;
T_4.36 ;
    %vpi_call/w 3 52 "$error" {0 0 0};
T_4.37 ;
    %load/vec4 v0xaaaaefb76e90_0;
    %cmpi/e 121, 0, 7;
    %jmp/0xz  T_4.38, 6;
    %jmp T_4.39;
T_4.38 ;
    %vpi_call/w 3 53 "$error" {0 0 0};
T_4.39 ;
    %vpi_call/w 3 55 "$finish" {0 0 0};
    %end;
    .thread T_4;
# The file index is used to find the file name in the following table.
:file_names 8;
    "N/A";
    "<interactive>";
    "-";
    "tiny_calculator_tb.sv";
    "tiny_calculator.sv";
    "../Woche 6/submission_22_05_22_boden_seppelt_orgler/decoder.sv";
    "../Woche 5/submission_22_05_15_seppelt_boden_orgler/ripple_carry_adder_4.sv";
    "../Woche 5/submission_22_05_15_seppelt_boden_orgler/full_adder_1.sv";
